analyze created on Sun, 15 Mar 2020 06:58:47 +0000
Duration : 3.87
Memory : 69206016
Memory peak : 69206016
analyze closed on Sun, 15 Mar 2020 06:58:47 +0000
analyze resuming on Sun, 15 Mar 2020 06:59:05 +0000
Duration : 4.95
Memory : 69206016
Memory peak : 71303168
analyze closed on Sun, 15 Mar 2020 06:59:05 +0000
analyze resuming on Sun, 15 Mar 2020 06:59:13 +0000
Duration : 4.21
Memory : 69206016
Memory peak : 71303168
analyze closed on Sun, 15 Mar 2020 06:59:13 +0000
analyze resuming on Sun, 15 Mar 2020 06:59:20 +0000
Duration : 4.30
Memory : 71303168
Memory peak : 73400320
analyze closed on Sun, 15 Mar 2020 06:59:20 +0000
analyze resuming on Sun, 15 Mar 2020 06:59:35 +0000
Duration : 4.04
Memory : 77594624
Memory peak : 77594624
analyze closed on Sun, 15 Mar 2020 06:59:35 +0000
analyze resuming on Sun, 15 Mar 2020 06:59:36 +0000
Duration : 3.85
Memory : 77594624
Memory peak : 79691776
analyze closed on Sun, 15 Mar 2020 06:59:36 +0000
analyze resuming on Sun, 15 Mar 2020 06:59:36 +0000
Duration : 5.66
Memory : 77594624
Memory peak : 79691776
analyze closed on Sun, 15 Mar 2020 06:59:36 +0000
analyze resuming on Sun, 15 Mar 2020 06:59:36 +0000
Duration : 4.31
Memory : 79691776
Memory peak : 79691776
analyze closed on Sun, 15 Mar 2020 06:59:36 +0000
analyze resuming on Sun, 15 Mar 2020 06:59:38 +0000
Duration : 4.56
Memory : 79691776
Memory peak : 79691776
analyze closed on Sun, 15 Mar 2020 06:59:38 +0000
analyze resuming on Sun, 15 Mar 2020 06:59:39 +0000
Duration : 4.38
Memory : 79691776
Memory peak : 79691776
analyze closed on Sun, 15 Mar 2020 06:59:39 +0000
analyze resuming on Sun, 15 Mar 2020 06:59:41 +0000
Duration : 5.19
Memory : 79691776
Memory peak : 79691776
analyze closed on Sun, 15 Mar 2020 06:59:41 +0000
analyze resuming on Sun, 15 Mar 2020 06:59:42 +0000
Duration : 5.31
Memory : 79691776
Memory peak : 79691776
analyze closed on Sun, 15 Mar 2020 06:59:42 +0000
analyze resuming on Sun, 15 Mar 2020 06:59:45 +0000
Duration : 5.08
Memory : 81788928
Memory peak : 81788928
analyze closed on Sun, 15 Mar 2020 06:59:45 +0000
analyze resuming on Sun, 15 Mar 2020 07:01:29 +0000
Duration : 5.37
Memory : 121634816
Memory peak : 130027520
analyze closed on Sun, 15 Mar 2020 07:01:29 +0000
analyze resuming on Sun, 15 Mar 2020 07:01:33 +0000
Duration : 5.34
Memory : 121634816
Memory peak : 130027520
analyze closed on Sun, 15 Mar 2020 07:01:33 +0000
analyze resuming on Sun, 15 Mar 2020 07:01:50 +0000
Duration : 5.30
Memory : 125829120
Memory peak : 130027520
analyze closed on Sun, 15 Mar 2020 07:01:50 +0000
analyze resuming on Sun, 15 Mar 2020 07:01:57 +0000
Duration : 5.58
Memory : 125829120
Memory peak : 130027520
analyze closed on Sun, 15 Mar 2020 07:01:57 +0000
analyze resuming on Sun, 15 Mar 2020 07:02:51 +0000
Duration : 5.83
Memory : 148897792
Memory peak : 150994944
analyze closed on Sun, 15 Mar 2020 07:02:51 +0000
analyze resuming on Sun, 15 Mar 2020 07:02:58 +0000
Duration : 7.26
Memory : 148897792
Memory peak : 155189248
analyze closed on Sun, 15 Mar 2020 07:02:58 +0000
analyze resuming on Sun, 15 Mar 2020 07:03:03 +0000
Duration : 5.81
Memory : 150994944
Memory peak : 155189248
analyze closed on Sun, 15 Mar 2020 07:03:03 +0000
analyze resuming on Sun, 15 Mar 2020 07:03:12 +0000
Duration : 6.10
Memory : 153092096
Memory peak : 155189248
analyze closed on Sun, 15 Mar 2020 07:03:12 +0000
analyze resuming on Sun, 15 Mar 2020 07:03:25 +0000
Duration : 6.62
Memory : 155189248
Memory peak : 155189248
analyze closed on Sun, 15 Mar 2020 07:03:25 +0000
analyze resuming on Sun, 15 Mar 2020 07:03:30 +0000
Duration : 6.58
Memory : 157286400
Memory peak : 157286400
analyze closed on Sun, 15 Mar 2020 07:03:30 +0000
analyze resuming on Sun, 15 Mar 2020 07:03:30 +0000
Duration : 6.64
Memory : 157286400
Memory peak : 157286400
analyze closed on Sun, 15 Mar 2020 07:03:30 +0000
analyze resuming on Sun, 15 Mar 2020 07:03:31 +0000
Duration : 7.60
Memory : 157286400
Memory peak : 157286400
analyze closed on Sun, 15 Mar 2020 07:03:31 +0000
