analyze.security created on Sun, 15 Mar 2020 07:03:03 +0000
Analyzing project fabapp
Runnable analyzers	42
Structures/PhpinfoUsage	0.010874032974243	0	0	0	1
Security/SensitiveArgument	0.29506611824036	1097	1085	3	5
Modules/IncomingData	0.0048649311065674	0	0	0	0
Security/NoSleep	0.093377828598022	1	1	1	1
Security/parseUrlWithoutParameters	0.011423110961914	0	0	0	1
Security/AvoidThoseCrypto	0.090310096740723	1	1	1	2
Security/CompareHash	0.13679599761963	0	2517	2	2
Structures/RandomWithoutTry	0.010568857192993	0	0	0	1
Security/UnserializeSecondArg	0.096388101577759	8	8	1	1
Security/EncodedLetters	0.63931512832642	0	23889	3	3
Security/SetCookieArgs	0.01141095161438	0	0	0	2
Structures/NoReturnInFinally	0.013246059417725	0	0	0	1
Security/MkdirDefault	0.01164698600769	0	0	0	1
Security/UploadFilenameInjection	0.011193990707397	0	0	0	3
Security/AnchorRegex	0.13258719444275	8	120	1	3
Security/SessionLazyWrite	0.11895608901978	0	51	2	4
Security/Sqlite3RequiresSingleQuotes	0.01102614402771	0	0	0	4
Security/NoNetForXmlLoad	0.29039001464844	0	3790	4	6
Security/ConfigureExtract	0.011085987091064	0	0	0	1
Security/MoveUploadedFile	0.089253187179565	0	1	1	2
Security/FilterInputSource	0.17938590049744	254	256	2	2
Security/SafeHttpHeaders	0.3752498626709	5	12450	3	3
Php/IncomingValues	0.090060949325562	325	806	1	1
Security/MinusOneOnError	0.010243892669678	0	0	0	1
Security/NoEntIgnore	0.078136920928955	0	1309	1	1
Security/DirectInjection	0.73574900627136	28	17151	7	11
Security/RegisterGlobals	0.14987397193909	0	236	2	6
Security/CurlOptions	0.068615913391113	0	251	1	2
Security/GPRAliases	0.28407216072083	22	7683	3	3
Security/ShouldUseSessionRegenerateId	0.12854099273682	1	1	1	1
Security/DynamicDl	0.010967016220093	0	0	0	1
Security/IntegerConversion	0.3491849899292	6	12062	4	4
Security/NoWeakSSLCrypto	1.7461850643158	0	12103	2	3
Security/IndirectInjection	1.1007540225983	10	33514	5	5
Duration : 7930.29
Memory : 153092096
Memory peak : 155189248
analyze.security closed on Sun, 15 Mar 2020 07:03:11 +0000
