analyze.compatibilityphp74 created on Sun, 15 Mar 2020 06:59:42 +0000
Analyzing project fabapp
Runnable analyzers	22
Php/DetectCurrentClass	0.098855972290039	1	1	1	2
Php/IdnUts46	0.012472152709961	0	0	0	1
Php/Php74NewFunctions	0.11769604682922	0	58	1	1
Structures/CurlVersionNow	0.016063928604126	0	0	0	1
Php/Php74NewConstants	0.078102111816406	0	235	1	2
Php/Php74mbstrrpos3rdArg	0.01172399520874	0	0	0	1
Php/ScalarTypehintUsage	0.14878702163696	0	1368	2	2
Php/ReflectionExportIsDeprecated	0.016104936599731	0	0	0	1
Functions/UnbindingClosures	0.016548156738281	0	0	0	1
Complete/SetParentDefinition	0.39855408668518	3	8186	4	5
Php/Php74ReservedKeyword	0.1030170917511	0	129	1	4
Php/Php74Deprecation	0.080012083053589	0	1309	1	1
Php/Php74RemovedDirective	0.011131048202515	0	0	0	1
Structures/OpensslRandomPseudoByteSecondArg	0.010556936264038	0	0	0	1
Php/FilterToAddSlashes	0.081671953201294	0	1309	1	1
Php/Php74RemovedFunctions	0.010475158691406	0	0	0	1
Php/ArrayKeyExistsWithObjects	0.25361299514771	24	756	3	3
Complete/MakeClassMethodDefinition	0.64371395111084	136	4193	8	14
Php/ScalarAreNotArrays	0.57159280776978	0	6684	7	7
Duration : 3044.12
Memory : 81788928
Memory peak : 81788928
analyze.compatibilityphp74 closed on Sun, 15 Mar 2020 06:59:45 +0000
