analyze.compatibilityphp70 created on Sun, 15 Mar 2020 06:59:36 +0000
Analyzing project fabapp
Runnable analyzers	47
Functions/ConditionedFunctions	0.099023103713989	0	58	1	1
Functions/RedeclaredPhpFunction	0.095445156097412	0	58	1	1
Php/ListWithAppends	0.081796169281006	0	3	1	2
Php/Php70RemovedDirective	0.011005163192749	0	0	0	1
Structures/pregOptionE	0.3000009059906	0	33	3	10
Structures/SetlocaleNeedsConstants	0.012097120285034	0	0	0	2
Php/UsortSorting	0.011187076568604	0	0	0	1
Type/HexadecimalString	0.31472492218018	0	15926	2	3
Functions/funcGetArgModified	0.01544713973999	0	0	0	1
Complete/SetStringMethodDefinition	0.12308311462402	0	7963	1	2
Extensions/Extereg	0.098094940185547	0	1309	1	2
Php/Php70RemovedFunctions	0.012972831726074	0	0	0	1
Php/SetExceptionHandlerPHP7	0.014103889465332	0	0	0	5
Duration : 1544.46
Memory : 79691776
Memory peak : 79691776
analyze.compatibilityphp70 closed on Sun, 15 Mar 2020 06:59:38 +0000
