analyze.appinfo created on Sun, 15 Mar 2020 07:01:57 +0000
Analyzing project fabapp
Runnable analyzers	364
Arrays/Arrayindex	0.38297605514526	2546	2749	3	3
Arrays/Multidimensional	0.080404996871948	41	2495	1	1
Arrays/Phparrayindex	0.15955805778503	803	2495	1	1
Classes/Classnames	0.072090864181519	49	49	1	1
Classes/MagicMethod	0.066221952438354	0	41	1	1
Classes/StaticMethods	0.084741830825806	187	49	1	1
Classes/StaticProperties	0.069127082824707	0	49	1	1
Constants/MagicConstantUsage	0.068960905075073	60	60	1	1
Functions/Functionnames	0.077640056610107	58	58	1	1
Functions/Typehints	0.075973033905029	16	684	1	1
Interfaces/Interfacenames	0.066846132278442	2	2	1	1
Namespaces/Alias	0.013269186019897	0	0	0	1
Namespaces/Namespacesnames	0.066985130310059	21	21	1	1
Php/AutoloadUsage	0.15318608283997	1	59	2	2
Php/Gotonames	0.01117205619812	0	0	0	1
Php/Haltcompiler	0.010172128677368	0	0	0	1
Php/Labelnames	0.010303974151611	0	0	0	1
Php/ThrowUsage	0.071823120117188	68	68	1	1
Php/TriggerErrorUsage	0.092300176620483	4	4	1	1
Php/TryCatchUsage	0.075834989547729	31	31	1	1
Type/Heredoc	0.010335922241211	0	0	0	1
Type/Nowdoc	0.010113000869751	0	0	0	1
Type/Octal	0.07767391204834	0	1172	1	1
Variables/References	0.095235109329224	0	5706	1	1
Variables/StaticVariables	0.067484855651855	1	1	1	1
Variables/VariableLong	0.11886286735535	74	9451	1	1
Classes/Abstractclass	0.10466814041138	3	49	1	1
Classes/Abstractmethods	0.073934078216553	7	49	1	1
Classes/CloningUsage	0.067710876464844	2	2	1	1
Traits/Traitnames	0.010890007019043	0	0	0	1
Php/AlternativeSyntax	0.2971031665802	0	1949	5	5
Structures/IncludeUsage	0.074350118637085	158	158	1	1
Php/AssertionUsage	0.009990930557251	0	0	0	1
Php/CastingUsage	0.067929029464722	18	18	1	1
Structures/NestedLoops	0.37199306488037	27	289	4	4
Php/EchoTagUsage	0.010201930999756	0	0	0	1
Structures/MultipleCatch	0.067744970321655	0	31	1	1
Constants/ConditionedConstants	0.010854959487915	0	0	0	1
Structures/TryFinally	0.010496139526367	0	0	0	1
Classes/OverwrittenConst	0.087280035018921	0	235	1	1
Classes/DynamicConstantCall	0.01154088973999	0	0	0	2
Classes/DynamicMethodCall	0.13635516166687	0	2144	2	2
Classes/DynamicNew	0.15103197097778	0	434	2	2
Classes/DynamicPropertyCall	0.08574914932251	3	1723	1	3
Classes/DynamicClass	0.066688060760498	0	466	1	3
Classes/MultipleClassesInFile	0.58321499824524	7	124	1	2
Structures/FileUploadUsage	0.011127948760986	0	0	0	2
Structures/DynamicCode	0.41032314300537	6	11488	5	8
Php/SuperGlobalUsage	0.14168500900269	325	11480	1	1
Classes/ClassAliasUsage	0.010473012924194	0	0	0	1
Structures/ShellUsage	0.01072096824646	0	0	0	2
Structures/FileUsage	0.27485203742981	11	1175	4	4
Structures/MailUsage	0.25640392303467	1	948	3	3
Composer/UseComposer	0.0047440528869629	0	1	0	0
Composer/Autoload	0.0050208568572998	0	1	0	0
Php/ReturnTypehintUsage	0.067775011062622	0	684	1	1
Php/Coalesce	0.065093040466309	0	79	1	1
Php/UseWeb	0.21263694763184	398	12286	2	2
Php/UseCli	0.077786922454834	0	806	1	3
Exceptions/IsPhpException	0.077173948287964	64	217	1	1
Php/UsesEnv	0.10266995429993	5	5	1	2
Php/TryMultipleCatch	0.062789916992188	0	31	1	2
Php/YieldUsage	0.010474920272827	0	0	0	1
Php/IsNAN	0.010545969009399	0	0	0	1
Php/YieldFromUsage	0.010607957839966	0	0	0	1
Php/PearUsage	0.32925796508789	0	2336	5	7
Security/CantDisableFunction	0.093142986297607	6	6	1	1
Functions/FunctionsUsingReference	0.065557956695557	0	58	1	1
Composer/UseComposerLock	0.004770040512085	0	1	0	0
Php/ErrorLogUsage	0.0099520683288574	0	0	0	1
Php/UseCookies	0.10510587692261	0	156	1	3
Php/UseBrowscap	0.12231397628784	0	1698	1	1
Structures/UseDebug	0.20959711074829	0	2381	3	4
Psr/Psr16Usage	0.30734801292419	0	1683	5	6
Psr/Psr7Usage	0.33258509635925	0	1683	5	6
Psr/Psr6Usage	0.32027292251587	0	1683	5	6
Psr/Psr3Usage	0.33743596076965	0	1683	5	6
Psr/Psr11Usage	0.3213529586792	0	1683	5	6
Psr/Psr13Usage	0.32547307014465	0	1683	5	6
Vendors/Yii	0.082019090652466	0	1309	1	1
Vendors/Codeigniter	0.35670304298401	0	2336	5	7
Vendors/Laravel	0.083573818206787	0	1309	1	1
Vendors/Symfony	0.082258939743042	0	1309	1	1
Vendors/Wordpress	0.31967306137085	0	2336	5	7
Vendors/Ez	0.0833899974823	0	1309	1	1
Vendors/Joomla	0.41935300827026	0	3645	6	8
Structures/NonBreakableSpaceInNames	0.14792490005493	0	7724	1	1
Functions/MultipleDeclarations	0.12423515319824	16	58	1	2
Php/IsINF	0.010029077529907	0	0	0	1
Structures/ConstDefineFavorite	0.064685106277466	0	0	0	3
Structures/ComplexExpression	0.75329494476318	23	6207	5	5
Vendors/Drupal	0.085767030715942	0	1309	1	1
Vendors/Phalcon	0.089417934417725	0	1309	1	1
Vendors/Fuel	0.085487842559814	0	1309	1	1
Php/Argon2Usage	0.098984956741333	0	1309	1	1
Php/CryptoUsage	0.09227991104126	1	1	1	1
Php/DlUsage	0.0107581615448	0	0	0	1
Variables/UncommonEnvVar	0.099019050598145	5	5	1	2
Functions/FallbackFunction	0.092043876647949	0	1698	1	1
Arrays/WithCallback	0.094202995300293	6	6	1	1
Security/CantDisableClass	0.082159042358398	0	1526	1	1
Type/Path	0.37346696853638	179	7974	2	2
Constants/DynamicCreation	0.010154962539673	0	0	0	1
Patterns/Factory	0.14211797714233	11	1582	2	2
Php/OveriddenFunction	0.11029696464539	0	1698	1	2
Functions/UseArrowFunctions	0.011389970779419	0	0	0	1
Php/SpreadOperatorForArray	0.070976972579956	0	251	1	1
Vendors/Typo3	0.38844513893127	0	3645	6	8
Vendors/Concrete5	0.40072202682495	0	3645	6	8
Dump/ParameterArgumentsLinks	0.72983694076538	0	0	0	0
Constants/PhpConstantUsage	0.08404278755188	298	804	1	1
Exceptions/ThrownExceptions	0.1189980506897	0	136	2	2
Extensions/Extbcmath	0.087240934371948	0	1309	1	2
Extensions/Extbzip2	0.088687896728516	0	1309	1	2
Extensions/Extcalendar	0.084358930587769	0	1309	1	2
Extensions/Extcrypto	0.083287954330444	0	1309	1	2
Extensions/Extctype	0.16612911224365	3	1312	2	2
Extensions/Extcurl	0.085737943649292	0	1309	1	2
Extensions/Extdate	0.55604290962219	133	3784	7	8
Extensions/Extdom	0.085914134979248	0	1309	1	2
Extensions/Extenchant	0.087288856506348	0	1309	1	2
Extensions/Extexif	0.083339929580688	0	1309	1	2
Extensions/Extfileinfo	0.084267139434814	0	1309	1	2
Extensions/Extfilter	0.18398404121399	266	1569	2	2
Extensions/Extftp	0.084672927856445	0	1309	1	2
Extensions/Extgd	0.16616487503052	7	1316	2	2
Extensions/Extgmp	0.088018178939819	0	1309	1	2
Extensions/Extgnupg	0.084083080291748	0	1309	1	2
Extensions/Exthash	0.084655046463013	0	1309	1	2
Extensions/Exticonv	0.16687607765198	3	1312	2	2
Extensions/Extjson	0.16977000236511	36	1345	2	2
Extensions/Extkdm5	0.12444710731506	0	1309	1	2
Extensions/Extldap	0.085291147232056	0	1309	1	2
Extensions/Extlibxml	0.089825868606567	0	1309	1	2
Extensions/Extmbstring	0.20619678497314	10	1319	2	2
Extensions/Extmongo	0.1005380153656	0	1309	1	2
Extensions/Extmssql	0.084141969680786	0	1309	1	2
Extensions/Extmysqli	0.50472092628479	29	3675	7	8
Extensions/Extodbc	0.085150003433228	0	1309	1	2
Extensions/Extopenssl	0.086255788803101	0	1309	1	2
Extensions/Extpcre	0.17933177947998	131	1440	2	2
Extensions/Extpdo	0.08493185043335	0	1309	1	2
Extensions/Extpgsql	0.13809084892273	0	1309	1	2
Extensions/Extphar	0.092836141586304	0	1309	1	2
Extensions/Extposix	0.095141172409058	0	1309	1	2
Extensions/Extreadline	0.090687990188599	0	1309	1	2
Extensions/Extreflection	0.093802928924561	0	1309	1	2
Extensions/Extsem	0.091148853302002	0	1309	1	2
Extensions/Extsession	0.18714308738708	12	1321	2	2
Extensions/Extshmop	0.096812963485718	0	1309	1	2
Extensions/Extsimplexml	0.094133853912354	0	1309	1	2
Extensions/Extsnmp	0.093999147415161	0	1309	1	2
Extensions/Extsoap	0.092769145965576	0	1309	1	2
Extensions/Extsockets	0.092451810836792	0	1309	1	2
Extensions/Extspl	0.56566214561462	21	3656	7	8
Extensions/Extsqlite	0.086328983306885	0	1309	1	2
Extensions/Extsqlite3	0.088321924209595	0	1309	1	2
Extensions/Extssh2	0.089238882064819	0	1309	1	2
Extensions/Extstandard	0.51953196525574	339	3987	7	8
Extensions/Exttidy	0.08946704864502	0	1309	1	2
Extensions/Exttokenizer	0.084635972976685	0	1309	1	2
Extensions/Extwddx	0.090234994888306	0	1309	1	2
Extensions/Extxdebug	0.084704160690308	0	1309	1	2
Extensions/Extxmlreader	0.21294212341309	0	2408	3	4
Extensions/Extxmlrpc	0.12110996246338	0	1309	1	2
Extensions/Extxmlwriter	0.17069005966187	0	2144	2	3
Extensions/Extxsl	0.088624000549316	0	1309	1	2
Extensions/Extyaml	0.086555957794189	0	1309	1	2
Extensions/Extzip	0.087624073028564	0	1309	1	2
Extensions/Extzlib	0.16315793991089	2	1311	2	2
Traits/Php	0.070173978805542	0	0	1	1
Extensions/Extfile	0.17035388946533	34	1343	2	2
Extensions/Extarray	0.17263197898865	153	1462	2	2
Extensions/Extffmpeg	0.083614826202393	0	1309	1	2
Extensions/Extinfo	0.16817092895508	10	1319	2	2
Extensions/Extmath	0.16938304901123	21	1330	2	2
Extensions/Extyis	0.12324810028076	0	1309	1	2
Extensions/Extpcntl	0.084882974624634	0	1309	1	2
Extensions/Extredis	0.088354825973511	0	1309	1	2
Extensions/Extcyrus	0.088757038116455	0	1309	1	2
Extensions/Extsqlsrv	0.084110975265503	0	1309	1	2
Extensions/Extzmq	0.084105014801025	0	1309	1	2
Extensions/Extmemcache	0.08475399017334	0	1309	1	2
Extensions/Extmemcached	0.083585023880005	0	1309	1	2
Extensions/Extimagick	0.41569399833679	14	3655	6	8
Extensions/Extoci8	0.084561109542847	0	1309	1	2
Extensions/Extimap	0.083075046539307	0	1309	1	2
Extensions/Extintl	0.083364009857178	0	1309	1	2
Extensions/Extcairo	0.084604978561401	0	1309	1	2
Extensions/Extpspell	0.11349892616272	0	1309	1	2
Extensions/Extopcache	0.083406925201416	0	1309	1	2
Extensions/Extexpect	0.085877180099487	0	1309	1	2
Extensions/Extrecode	0.083827018737793	0	1309	1	2
Extensions/Extparsekit	0.090841054916382	0	1309	1	2
Extensions/Extrunkit	0.083026170730591	0	1309	1	2
Extensions/Extgettext	0.084465026855469	0	1309	1	2
Files/DefinitionsOnly	0.08409309387207	40	124	1	3
Extensions/Extapache	0.16431593894958	4	1313	2	2
Extensions/Exteaccelerator	0.084086894989014	0	1309	1	2
Extensions/Extfpm	0.082671165466309	0	1309	1	2
Extensions/Extiis	0.084686994552612	0	1309	1	2
Extensions/Extxcache	0.083337068557739	0	1309	1	2
Extensions/Extwincache	0.083683013916016	0	1309	1	2
Structures/ResourcesUsage	0.16706895828247	5	1314	2	2
Extensions/Extdio	0.083065986633301	0	1309	1	2
Extensions/Extphalcon	0.11440706253052	0	1309	1	2
Extensions/Extapcu	0.082785129547119	0	1309	1	2
Extensions/Exttrader	0.089380979537964	0	1309	1	2
Extensions/Extmailparse	0.083623886108398	0	1309	1	2
Extensions/Extmail	0.16631317138672	1	1310	2	2
Extensions/Extob	0.1661491394043	1	1310	2	2
Extensions/Extgeoip	0.088294982910156	0	1309	1	2
Extensions/Extevent	0.088250160217285	0	1309	1	2
Extensions/Extamqp	0.09291410446167	0	1309	1	2
Extensions/Extgearman	0.098735094070435	0	1309	1	2
Extensions/Extcom	0.089999914169312	0	1309	1	2
Extensions/Extgmagick	0.083359956741333	0	1309	1	2
Extensions/Extibase	0.085731983184814	0	1309	1	2
Extensions/Extinotify	0.090326070785522	0	1309	1	2
Extensions/Extproctitle	0.083646059036255	0	1309	1	2
Extensions/Extwikidiff2	0.084926843643188	0	1309	1	2
Extensions/Extxdiff	0.11555099487305	0	1309	1	2
Extensions/Extlibevent	0.083704948425293	0	1309	1	2
Extensions/Extev	0.083308935165405	0	1309	1	2
Extensions/Extast	0.085590839385986	0	1309	1	2
Extensions/Extxml	0.087686061859131	0	1309	1	2
Extensions/Extxhprof	0.083360910415649	0	1309	1	2
Extensions/Extfann	0.087646007537842	0	1309	1	2
Structures/ErrorMessages	0.26082897186279	76	565	4	4
Extensions/Exthttp	0.084568977355957	0	1309	1	2
Classes/RedefinedMethods	0.075165033340454	34	49	1	1
Extensions/Exttokyotyrant	0.084315061569214	0	1309	1	2
Extensions/Extv8js	0.083554029464722	0	1309	1	2
Extensions/Extlua	0.083500862121582	0	1309	1	2
Extensions/Extsuhosin	0.085302114486694	0	1309	1	2
Extensions/Extrar	0.084521055221558	0	1309	1	2
Extensions/Extnsapi	0.086299896240234	0	1309	1	2
Extensions/Extnewt	0.11946821212769	0	1309	1	2
Extensions/Extncurses	0.086669921875	0	1309	1	2
Extensions/Extstring	0.17805695533752	335	1644	2	2
Extensions/Extzbarcode	0.083219051361084	0	1309	1	2
Extensions/Extmongodb	0.082824945449829	0	1309	1	2
Extensions/Extlibsodium	0.083086967468262	0	1309	1	2
Extensions/Extds	0.089693069458008	0	1309	1	2
Extensions/Extsphinx	0.083292961120605	0	1309	1	2
Extensions/Extgrpc	0.084788084030151	0	1309	1	2
Extensions/Extstats	0.083636045455933	0	1309	1	2
Patterns/CourrierAntiPattern	0.11740684509277	0	2	1	1
Extensions/Extgender	0.084352970123291	0	1309	1	2
Extensions/Extjudy	0.083795070648193	0	1309	1	2
Extensions/Extswoole	0.089421987533569	0	1309	1	2
Extensions/Extlapack	0.093738794326782	0	1309	1	2
Extensions/Extxattr	0.085289001464844	0	1309	1	2
Extensions/Extrdkafka	0.08409595489502	0	1309	1	2
Extensions/Extfam	0.11435317993164	0	1309	1	2
Extensions/Extparle	0.084871053695679	0	1309	1	2
Extensions/Extvips	0.086055994033813	0	1309	1	2
Extensions/Extigbinary	0.088768005371094	0	1309	1	2
Extensions/Exthrtime	0.08543586730957	0	1309	1	2
Extensions/Extxxtea	0.0850830078125	0	1309	1	2
Extensions/Extuopz	0.084789037704468	0	1309	1	2
Extensions/Extvarnish	0.08409595489502	0	1309	1	2
Extensions/Extopencensus	0.083585977554321	0	1309	1	2
Extensions/Extleveldb	0.087601900100708	0	1309	1	2
Extensions/Extdb2	0.09220290184021	0	1309	1	2
Extensions/Extzookeeper	0.085430860519409	0	1309	1	2
Extensions/Extcmark	0.082421064376831	0	1309	1	2
Extensions/Exteio	0.084449052810669	0	1309	1	2
Extensions/Extcsprng	0.083647012710571	0	1309	1	2
Extensions/Extlzf	0.096686840057373	0	1309	1	2
Extensions/Extmsgpack	0.083871126174927	0	1309	1	2
Extensions/Extseaslog	0.08403205871582	0	1309	1	2
Extensions/Extdecimal	0.11525297164917	0	1309	1	2
Extensions/Extpsr	0.083699941635132	0	1309	1	2
Extensions/Extsdl	0.088270902633667	0	1309	1	2
Extensions/Extasync	0.085497140884399	0	1309	1	2
Extensions/Extwasm	0.088529109954834	0	1309	1	2
Extensions/Extweakref	0.082983016967773	0	1309	1	2
Extensions/Extpcov	0.085639953613281	0	1309	1	2
Extensions/Extsvm	0.08410382270813	0	1309	1	2
Extensions/Extffi	0.083660125732422	0	1309	1	2
Extensions/Extpassword	0.084175825119019	0	1309	1	2
Extensions/Extzendmonitor	0.082942962646484	0	1309	1	2
Extensions/Extuuid	0.084858179092407	0	1309	1	2
Php/UseCovariance	0.087502002716064	0	619	1	1
Php/UseContravariance	0.096246004104614	0	619	1	1
Classes/ImmutableSignature	0.078489065170288	0	619	1	2
Type/Shellcommands	0.098940134048462	1	2	1	2
Files/NotDefinitionsOnly	0.074690103530884	84	124	1	1
Php/MiddleVersion	7.6122140884399	3717	3717	114	114
Duration : 46717.27
Memory : 146800640
Memory peak : 146800640
analyze.appinfo closed on Sun, 15 Mar 2020 07:02:43 +0000
