analyze.compatibilityphp53 created on Sun, 15 Mar 2020 06:59:20 +0000
Analyzing project fabapp
Runnable analyzers	79
Complete/SetClassMethodRemoteDefinition	0.2972240447998	11	2610	2	3
Complete/CreateDefaultValues	0.46858215332031	2234	2990	1	1
Classes/ClassUsage	0.49622297286987	797	2336	5	7
Interfaces/InterfaceUsage	0.36356401443481	195	1683	5	6
Namespaces/NamespaceUsage	0.095629930496216	21	21	1	1
Php/DirectivesUsage	0.017159938812256	0	0	0	2
Type/Binary	0.1401219367981	0	1172	1	1
Arrays/ArrayNSUsage	0.083627939224243	0	251	1	1
Php/Php54NewFunctions	0.079698085784912	0	58	1	1
Php/Php55NewFunctions	0.11495304107666	0	58	1	1
Php/Php56NewFunctions	0.13551211357117	0	58	1	1
Structures/FunctionSubscripting	0.1099009513855	13	2495	1	1
Php/EllipsisUsage	0.18044304847717	0	16062	1	1
Php/ExponentUsage	0.084042072296143	0	2561	1	2
Php/StaticclassUsage	0.013352870941162	0	0	0	1
Structures/ForeachWithList	0.072648048400879	0	118	1	1
Namespaces/UseFunctionsConstants	0.078502893447876	0	46	1	1
Structures/ConstantScalarExpression	0.24322700500488	17	968	3	3
Php/debugInfoUsage	0.016738891601562	0	0	0	1
Arrays/MixedKeys	0.11999607086182	0	212	1	2
Php/ConstWithArray	0.097604990005493	0	235	1	1
Php/MethodCallOnNew	0.10353684425354	0	560	1	1
Php/HashAlgos53	0.014968872070312	0	0	0	1
Php/ClassConstWithArray	0.10505104064941	0	235	1	1
Structures/IssetWithConstant	0.10001802444458	0	234	1	1
Classes/Anonymous	0.015061855316162	0	0	0	1
Php/UnicodeEscapeSyntax	0.30410408973694	0	7963	1	1
Php/Php70NewFunctions	0.089002132415771	0	58	1	1
Php/Php70NewClasses	0.07404899597168	0	49	1	1
Php/Php70NewInterfaces	0.092010021209717	0	2	1	1
Variables/Php7IndirectExpression	0.36590886116028	0	9899	3	3
Php/DefineWithArray	0.013933181762695	0	0	0	1
Structures/PHP7Dirname	0.12776708602905	0	1	1	2
Php/Php7RelaxedKeyword	0.36202907562256	0	3035	5	5
Php/CantUseReturnValueInWriteContext	0.077950954437256	12	60	1	1
Php/Php71NewClasses	0.071078062057495	0	49	1	1
Php/ListWithKeys	0.17998504638672	0	254	2	2
Php/ListShortSyntax	0.096415996551514	0	3	1	1
Php/UseNullableType	0.10680198669434	0	684	1	1
Exceptions/MultipleCatch	0.093354940414429	0	31	1	1
Php/NoStringWithAppend	0.15429401397705	0	58	1	1
Php/GroupUseDeclaration	0.012686014175415	0	0	0	1
Php/Php73NewFunctions	0.072472095489502	0	58	1	1
Classes/CantInheritAbstractMethod	0.12981200218201	0	49	1	1
Php/GroupUseTrailingComma	0.012289047241211	0	0	0	1
Complete/OverwrittenMethods	0.30460405349731	54	1238	2	2
Php/NoSubstrMinusOne	0.095506906509399	0	2495	1	1
Classes/IntegerAsProperty	0.012283086776733	0	0	0	2
Structures/NoGetClassNull	0.091874122619629	0	1	1	1
Php/Php72NewClasses	0.081260204315186	0	49	1	1
Php/ListWithReference	0.091004133224487	0	3	1	1
Php/PHP73LastEmptyArgument	0.17690896987915	0	3842	1	1
Php/FlexibleHeredoc	0.012164831161499	0	0	0	1
Classes/ConstVisibilityUsage	0.079461097717285	0	51	1	1
Php/PHP70scalartypehints	0.15693402290344	0	1368	2	2
Php/PHP71scalartypehints	0.15410709381104	0	1368	2	2
Php/PHP72scalartypehints	0.14502596855164	0	1368	2	2
Structures/ContinueIsForLoop	0.2177140712738	0	30	3	3
Php/TrailingComma	0.13905811309814	0	3842	1	1
Php/DirectCallToClone	0.01500391960144	0	0	0	1
Functions/IsGenerator	0.017267942428589	0	0	0	1
Php/TypedPropertyUsage	0.097255945205688	0	207	1	1
Php/ConcatAndAddition	0.18421006202698	0	729	2	2
Php/UnpackingInsideArrays	0.093498945236206	0	251	1	1
Functions/GeneratorCannotReturn	0.31687879562378	0	684	1	1
Php/CoalesceEqual	0.08104419708252	0	2561	1	1
Complete/PropagateCalls	2.5605521202087	0	0	0	1
Classes/ChildRemoveTypehint	0.078019857406616	0	578	1	1
Php/NoReturnForGenerator	0.066606044769287	0	0	1	1
Complete/SetArrayClassDefinition	0.19876790046692	0	502	2	2
Extensions/Extdba	0.37614703178406	0	1309	1	2
Extensions/Extfdf	0.092504024505615	0	1309	1	2
Extensions/Extming	0.097804069519043	0	1309	1	2
Complete/MakeFunctioncallWithReference	0.43044686317444	49	867	5	7
Classes/NonStaticMethodsCalledStatic	0.31717610359192	5	3862	3	3
Php/ParenthesisAsParameter	0.072699069976807	0	1698	1	1
Duration : 14638.96
Memory : 77594624
Memory peak : 77594624
analyze.compatibilityphp53 closed on Sun, 15 Mar 2020 06:59:35 +0000
