analyze.analyze created on Sun, 15 Mar 2020 06:59:45 +0000
Analyzing project fabapp
Runnable analyzers	387
Structures/AddZero	0.26721596717834	0	5255	3	3
Arrays/AmbiguousKeys	0.22440195083618	0	2997	3	4
Complete/PropagateConstants	5.4380509853363	0	0	0	177
Exceptions/DefinedExceptions	0.071612119674683	0	49	1	1
Classes/NonPpp	0.078918933868408	18	51	1	1
Classes/OldStyleConstructor	0.075695037841797	0	49	1	1
Classes/StaticMethodsCalledFromObject	0.46268701553345	2	3356	2	2
Composer/IsComposerNsname	1.406849861145	0	377	8	9
Functions/WithoutReturn	0.2713041305542	188	684	1	1
Interfaces/EmptyInterface	0.064960956573486	0	2	1	1
Php/Incompilable	0.0047450065612793	0	1	0	0
Structures/ErrorReportingWithInteger	0.011122941970825	0	0	0	2
Structures/NoDirectAccess	0.01361608505249	0	0	0	6
Files/IsCliScript	0.066692113876343	0	124	1	1
Structures/ForgottenWhiteSpace	0.13915610313416	2	248	2	2
Structures/Iffectation	0.21797108650208	256	1659	1	1
Structures/MultiplyByOne	0.32676005363464	0	412	4	7
Structures/Noscream	0.37030220031738	6	42235	2	2
Structures/NotNot	0.075562953948975	0	363	1	1
Structures/OnceUsage	0.08456015586853	156	158	1	1
Structures/StrposCompare	0.46652007102966	1	755	5	5
Structures/ThrowsAndAssign	0.070178031921387	0	68	1	1
Structures/VardumpUsage	0.09803581237793	0	1698	1	5
Variables/VariableNonascii	0.65462303161621	0	28353	3	3
Constants/BadConstantnames	0.070596933364868	0	235	1	3
Traits/EmptyTrait	0.010545969009399	0	0	0	1
Namespaces/UseWithFullyQualifiedNS	0.067243814468384	0	46	1	2
Complete/OverwrittenProperties	0.10567879676819	1	212	1	2
Complete/SetClassRemoteDefinitionWithTypehint	0.33583903312683	0	4131	4	4
Constants/InvalidName	0.010727167129517	0	0	0	3
Constants/MultipleConstantDefinition	0.025202035903931	0	0	0	0
Functions/WrongOptionalParameter	0.12054800987244	0	684	1	1
Php/IsnullVsEqualNull	0.11724901199341	3	3	1	1
Classes/ThisIsNotAnArray	0.090589046478271	0	924	1	1
Type/OneVariableStrings	0.10983800888062	35	7963	1	1
Classes/StaticContainsThis	0.1745240688324	0	578	1	1
Structures/WhileListEach	0.010706901550293	0	0	0	1
Structures/OneLineTwoInstructions	0.27589893341064	73	3552	1	2
Structures/MultipleDefinedCase	0.24111795425415	0	10	2	4
Structures/SwitchWithoutDefault	0.083271980285645	3	5	1	1
Classes/ThisIsForClasses	0.89874601364136	0	6994	9	9
Structures/NestedTernary	0.073602914810181	0	79	1	1
Classes/InstantiatingAbstractClass	0.076079130172729	2	217	1	1
Classes/CitSameName	0.022106170654297	0	0	0	0
Structures/EmptyTryCatch	0.063299894332886	0	31	1	1
Complete/SetClassAliasDefinition	0.010348796844482	0	0	0	1
Modules/DefinedClasses	0.0048930644989014	0	0	0	0
Modules/DefinedInterfaces	0.0047650337219238	0	0	0	0
Structures/Htmlentitiescall	0.51531505584717	44	220	5	5
Complete/OverwrittenConstants	0.094310998916626	0	235	1	1
Modules/DefinedClassConstants	0.0046980381011963	0	0	0	0
Variables/VariableUsedOnceByContext	0.40938401222229	320	1492	3	3
Modules/DefinedFunctions	0.0050530433654785	0	0	0	0
Structures/DanglingArrayReferences	0.077049970626831	0	118	1	1
Structures/QueriesInLoop	0.34344720840454	0	574	2	2
Classes/OldStyleVar	0.068189859390259	0	212	1	1
Functions/AliasesUsage	0.09458589553833	17	17	1	1
Functions/UsesDefaultArguments	0.63749504089355	899	1010	6	12
Functions/VariableArguments	0.011733055114746	0	0	0	1
Composer/IsComposerClass	0.70256400108337	0	324	3	4
Classes/Constructor	0.14115810394287	36	90	2	2
Complete/SolveTraitMethods	0.012192964553833	0	0	0	2
Classes/AccessProtected	0.11240911483765	0	466	1	2
Classes/PssWithoutClass	0.2028489112854	0	947	3	4
Functions/CantUse	0.20054984092712	1	2052	3	3
Structures/EmptyLines	0.22778987884521	1220	10870	2	2
Exceptions/OverwriteException	0.14091610908508	0	31	1	2
Structures/NoChangeIncomingVariables	0.19316005706787	0	3301	2	2
Structures/ComparedComparison	0.073218107223511	0	858	1	1
Functions/UselessReturn	0.17086482048035	0	106	2	2
Classes/TestClass	0.081986904144287	0	49	1	1
Modules/CalledByModule	0.0064520835876465	0	0	0	0
Classes/UsedClass	0.13000297546387	44	98	2	2
Structures/Unpreprocessed	0.088582992553711	0	40	1	1
Classes/HasMagicProperty	0.075413942337036	36	49	1	1
Modules/DefinedProperty	0.0051100254058838	0	0	0	0
Php/ShortOpenTagRequired	0.0048758983612061	0	0	0	0
Structures/BooleanStrictComparison	0.29016423225403	15	880	3	3
Structures/LoneBlock	0.11043691635132	0	3552	1	1
Classes/ThisIsNotForStatic	0.1105489730835	0	924	1	1
Structures/GlobalUsage	0.080934047698975	296	296	1	3
Php/ReservedNames	0.34733414649963	31	13733	3	3
Php/LogicalInLetters	0.0765380859375	3	380	1	1
Classes/ShouldUseSelf	0.2555148601532	43	730	2	4
Structures/ImplicitGlobal	1.2045760154724	4394	9724	2	2
Structures/CatchShadowsVariable	0.27138996124268	0	62	2	2
Functions/Closures	0.073273897171021	7	7	1	1
Classes/ConstantClass	0.11860013008118	0	51	2	2
Structures/RepeatedPrint	0.21811079978943	12	1984	2	2
Structures/PrintWithoutParenthesis	0.010600090026855	0	0	0	1
Structures/ObjectReferences	0.22214603424072	0	1486	3	3
Variables/LostReferences	0.079994916915894	0	719	1	1
Constants/CreatedOutsideItsNamespace	0.011003971099854	0	0	0	2
Namespaces/ConstantFullyQualified	0.010325908660889	0	0	0	1
Type/NoRealComparison	0.097665071487427	0	858	1	1
Classes/DirectCallToMagicMethod	0.075705051422119	0	2144	1	1
Type/StringHoldAVariable	0.24993300437927	2	7963	1	3
Structures/EchoWithConcat	0.17234587669373	261	1984	2	3
Structures/UnusedGlobal	0.074033975601196	20	297	1	1
Structures/UselessGlobal	0.57662296295166	1	592	2	3
Constants/IsPhpConstant	0.24607396125793	272	2664	3	3
Classes/UselessFinal	0.098852157592773	0	49	1	1
Structures/UseConstant	0.20676803588867	1	2	2	3
Structures/UselessUnset	0.71174383163452	0	613	10	12
Structures/BuriedAssignation	0.21644902229309	26	2596	2	2
Performances/ArrayMergeInLoops	0.27083396911621	0	12	3	3
Structures/UselessParenthesis	0.87813091278076	81	9817	14	16
Php/UseObjectApi	0.09760308265686	7	7	1	1
Php/oldAutoloadUsage	0.011108875274658	0	0	0	1
Structures/AlteringForeachWithoutReference	0.081390142440796	0	118	1	1
Php/UsePathinfo	0.17270493507385	0	5122	2	2
Functions/ShouldUseConstants	0.73978686332703	0	657	9	21
Php/HashAlgos	0.010739088058472	0	0	0	1
Structures/NoParenthesisForLanguageConstruct	0.092602014541626	358	2009	1	1
Structures/NoHardcodedPath	0.2876079082489	0	42	3	4
Structures/NoHardcodedPort	0.12212014198303	0	1	1	6
Structures/ImpliedIf	0.079394817352295	0	380	1	1
Variables/OverwrittenLiterals	0.12534713745117	92	684	1	1
Classes/NoPublicAccess	0.18438792228699	30	212	1	2
Structures/ShouldChainException	0.074220895767212	0	31	1	1
Interfaces/UselessInterfaces	0.06425404548645	0	2	1	1
Interfaces/ConcreteVisibility	0.07520318031311	0	578	1	1
Structures/DoubleInstruction	0.31512212753296	32	3552	1	3
Security/ShouldUsePreparedStatement	0.13469195365906	199	1678	1	2
Structures/PrintAndDie	0.14071393013	12	992	1	1
Structures/UncheckedResources	0.3882839679718	0	4	4	60
Structures/NoHardcodedIp	0.71653008460999	0	15926	2	2
Structures/ElseIfElseif	0.081789970397949	15	1659	1	1
Structures/UnsetInForeach	0.36044096946716	0	472	4	4
Structures/GlobalInGlobal	1.0603370666504	2175	6002	1	1
Classes/MultipleDeclarations	0.07728910446167	0	0	0	1
Namespaces/EmptyNamespace	0.066776037216187	0	21	1	2
Structures/CouldUseShortAssignation	0.54767489433289	37	10244	4	4
Classes/OnlyStaticMethods	0.071682929992676	5	49	1	4
Structures/StaticLoop	0.42610001564026	4	324	5	13
Performances/PrePostIncrement	0.073304176330566	69	69	1	1
Structures/OnlyVariableReturnedByReference	0.069418907165527	0	58	1	1
Structures/IndicesAreIntOrString	0.39670205116272	0	12475	5	5
Type/ShouldTypecast	1.0729548931122	21	21	2	2
Classes/NoSelfReferencingConstant	0.079478979110718	0	235	1	1
Complete/PhpNativeReference	0.11249184608459	45	182	1	1
Structures/DoubleAssignation	0.22840905189514	3	3552	1	4
Structures/UselessBrackets	0.1052520275116	0	3552	1	1
Structures/EvalWithoutTry	0.010292053222656	0	0	0	1
Functions/RelayFunction	0.16472887992859	11	684	1	2
Structures/UseInstanceof	0.13792300224304	0	1716	2	2
Type/SilentlyCastInteger	0.11916184425354	0	36	2	2
Structures/TimestampDifference	0.076204061508179	4	133	1	1
Structures/SwitchToSwitch	0.087954044342041	7	1659	1	3
Classes/RedefinedConstants	0.084794044494629	0	49	1	1
Classes/RedefinedDefault	0.08283805847168	0	212	1	1
Php/FopenMode	0.099906921386719	1	1	1	1
Structures/NegativePow	0.011295080184937	0	0	0	1
Interfaces/AlreadyParentsInterface	0.07508111000061	0	49	1	1
Classes/CantExtendFinal	0.07758903503418	0	49	1	1
Structures/TernaryInConcat	0.064071178436279	0	79	1	1
Modules/DefinedTraits	0.0048191547393799	0	0	0	0
Structures/NoHardcodedHash	0.62846994400024	0	29583	3	5
Structures/IdenticalConditions	0.64235496520996	0	3040	8	8
Structures/UnknownPregOption	0.36601209640503	0	393	3	10
Structures/NoChoice	0.27143096923828	0	1817	3	6
Structures/CommonAlternatives	0.52636098861694	10	3323	3	4
Structures/LogicalMistakes	0.309415102005	0	1520	4	4
Exceptions/CaughtExceptions	0.069978952407837	31	31	1	1
Structures/SameConditions	0.72482395172119	6	1659	1	1
Structures/ReturnTrueFalse	0.24917078018188	4	5879	3	3
Structures/UselessSwitch	0.062541007995605	0	5	1	1
Structures/CouldUseDir	0.092564821243286	1	1	1	1
Php/ShouldUseCoalesce	0.36594104766846	0	2054	6	9
Classes/MakeGlobalAProperty	0.33857893943787	187	49	1	2
Structures/IfWithSameConditions	0.15304207801819	0	1659	1	1
Exceptions/ThrowFunctioncall	0.11977505683899	0	136	2	2
Classes/UseInstanceof	0.096367120742798	35	35	1	1
Structures/ResultMayBeMissing	0.10938906669617	0	120	1	1
Structures/NeverNegative	0.074915885925293	0	858	1	1
Structures/EmptyBlocks	0.14463114738464	21	1974	2	2
Classes/ThrowInDestruct	0.067965030670166	0	49	1	1
Structures/UseSystemTmp	0.24455285072327	0	42	3	3
Namespaces/HiddenUse	0.13313508033752	6	92	2	2
Namespaces/ShouldMakeAlias	0.083024024963379	6	346	1	2
Classes/MultipleTraitOrInterface	0.14057087898254	0	98	2	4
Namespaces/MultipleAliasDefinitions	0.017612934112549	0	0	0	0
Structures/NestedIfthen	0.96469688415527	114	1659	1	1
Structures/CastToBoolean	0.13005805015564	1	158	2	2
Structures/FailingSubstrComparison	0.091423988342285	0	858	1	2
Structures/ShouldMakeTernary	0.10150003433228	35	1659	1	1
Functions/UnusedReturnedValue	0.11312699317932	10	58	1	1
Structures/ModernEmpty	0.80191493034363	0	2561	1	1
Structures/UsePositiveCondition	0.1779088973999	38	3318	2	4
Structures/DropElseAfterReturn	0.21723890304565	67	3318	2	4
Classes/UseClassOperator	0.53255009651184	68	8552	1	1
Security/DontEchoError	0.28893423080444	6	2172	4	7
Structures/NoIssetWithEmpty	0.072386980056763	0	380	1	1
Structures/UselessCheck	0.16133880615234	0	1659	1	1
Structures/BailOutEarly	0.30130290985107	56	3318	2	2
Structures/DontChangeBlindKey	0.12144303321838	0	118	1	1
Php/UseStdclass	0.3456768989563	1	2336	5	7
Functions/TooManyLocalVariables	0.080641984939575	4	684	1	2
Classes/WrongName	0.088518142700195	0	578	1	1
Classes/FinalByOcramius	0.074897050857544	0	49	1	4
Structures/LongArguments	0.11527991294861	185	3842	1	1
Variables/AssignedTwiceOrMore	0.12558102607727	73	684	1	1
Functions/NoBooleanAsDefault	0.083643913269043	15	684	1	1
Namespaces/MultipleAliasDefinitionPerFile	0.074356079101562	0	46	1	1
Structures/DirThenSlash	0.28343796730042	0	2356	4	4
Classes/NoPSSOutsideClass	0.35901594161987	0	1204	5	6
Structures/NoNeedForElse	0.15183997154236	74	3318	2	4
Variables/StrangeName	0.33373403549194	1	24942	2	3
Constants/StrangeName	0.069198131561279	0	129	1	2
Classes/TooManyFinds	0.071661949157715	0	51	1	2
Php/UseSetCookie	0.096161127090454	0	156	1	1
Structures/CheckAllTypes	0.093014001846313	36	1659	1	1
Structures/MissingCases	0.063250064849854	0	0	0	2
Structures/RepeatedRegex	0.12405014038086	91	120	1	1
Php/NoClassInGlobal	0.077169895172119	88	109	1	1
Php/Crc32MightBeNegative	0.011039018630981	0	0	0	1
Structures/CouldUseStrrepeat	0.084323883056641	0	2561	1	1
Structures/SuspiciousComparison	0.16807985305786	0	1698	1	1
Type/StringWithStrangeSpace	0.25327587127686	0	7963	1	1
Structures/NoEmptyRegex	0.30271911621094	0	393	3	3
Structures/AlternativeConsistenceByFile	0.53577494621277	0	124	1	4
Arrays/RandomlySortedLiterals	0.063431024551392	0	0	0	0
Functions/NoReturnUsed	0.52265191078186	7	677	2	2
Structures/NoReferenceOnLeft	0.079706192016602	0	2561	1	1
Classes/ImplementedMethodsArePublic	0.087167024612427	0	578	1	1
Structures/MixedConcatInterpolation	0.090157032012939	20	589	1	2
Functions/CouldCentralize	1.081209897995	356	1248	8	8
Interfaces/CouldUseInterface	0.16322302818298	0	49	1	6
Structures/MismatchedTernary	0.08411979675293	2	79	1	4
Complete/FollowClosureDefinition	0.17402195930481	0	21	3	3
Complete/SetClassRemoteDefinitionWithReturnTypehint	0.18253087997437	0	1368	2	2
Functions/KillsApp	0.18205785751343	12	174	3	3
Performances/LogicalToInArray	0.087741136550903	5	380	1	1
Php/PathinfoReturns	0.091510772705078	0	3	1	1
Structures/MultipleTypeVariable	0.19316506385803	0	87	2	2
Structures/IsZero	0.15423703193665	0	133	1	2
Structures/UnconditionLoopBreak	0.074104070663452	1	289	1	1
Structures/CouldBeElse	0.32280898094177	1	4977	3	4
Structures/NextMonthTrap	0.17122006416321	0	126	2	2
Classes/AmbiguousStatic	0.34405994415283	4	578	1	1
Classes/DontSendThisInConstructor	0.10323905944824	0	41	1	1
Classes/ParentFirst	0.10573291778564	1	41	1	1
Functions/AvoidBooleanArgument	0.075004816055298	15	684	1	1
Structures/AutoUnsetForeach	0.070569038391113	0	118	1	1
Complete/SetClassRemoteDefinitionWithParenthesis	0.37743401527405	0	4131	4	5
Structures/IdenticalOnBothSides	0.090764045715332	0	1238	1	1
Structures/IdenticalConsecutive	0.14075899124146	0	2561	1	1
Php/NoReferenceForTernary	0.23705887794495	0	12096	3	3
Functions/UnusedInheritedVariable	0.064713954925537	0	7	1	1
Files/MissingInclude	0.14278817176819	26	158	1	1
Functions/UselessReferenceArgument	0.15200591087341	0	802	2	2
Exceptions/UselessCatch	0.071213006973267	1	31	1	1
Structures/PossibleInfiniteLoop	0.01170802116394	0	0	0	2
Structures/TestThenCast	0.31664800643921	0	1659	1	1
Php/ForeachObject	0.12178111076355	0	236	2	2
Classes/PropertyCouldBeLocal	0.44511008262634	5	414	2	6
Classes/RedefinedPrivateProperty	0.089859008789062	0	207	1	1
Classes/DontUnsetProperties	0.1319739818573	0	47	2	2
Php/StrtrArguments	0.012331008911133	0	0	0	3
Structures/MissingParenthesis	0.073642015457153	0	133	1	1
Structures/WrongRange	0.17396998405457	0	760	2	4
Classes/CantInstantiateClass	0.1907639503479	1	651	3	3
Performances/StrposTooMuch	0.11969304084778	1	15	1	1
Functions/TypehintedReferences	0.1394579410553	0	1368	2	2
Classes/WeakType	0.32987999916077	1	6636	4	4
Structures/CheckJson	0.20894002914429	35	72	2	2
Structures/DontMixPlusPlus	0.07628607749939	2	70	1	1
Exceptions/CantThrow	0.065716981887817	0	51	1	1
Classes/AbstractOrImplements	0.10918211936951	0	49	1	3
Classes/AmbiguousVisibilities	0.099051952362061	39	207	1	1
Classes/CouldBeAbstractClass	0.072895050048828	2	49	1	3
Variables/UndefinedVariable	2.5836620330811	1025	3524	2	2
Traits/MethodCollisionTraits	0.080509185791016	0	49	1	2
Classes/CouldBeFinal	0.083164930343628	42	49	1	1
Structures/InconsistentElseif	0.26240801811218	32	1659	1	2
Functions/OnlyVariableForReference	0.084189891815186	0	684	1	1
Structures/InvalidPackFormat	0.010860919952393	0	0	0	2
Interfaces/RepeatedInterface	0.12709093093872	0	51	2	4
Functions/ShouldYieldWithKey	0.010821104049683	0	0	0	1
Traits/UselessAlias	0.010607957839966	0	0	0	1
Classes/CouldBeStatic	0.13322496414185	19	578	1	1
Php/MissingSubpattern	0.12169218063354	0	131	1	1
Structures/AssigneAndCompare	0.078786134719849	0	2561	1	1
Structures/NoVariableIsACondition	0.61852097511292	138	45920	4	4
Functions/TypehintMustBeReturned	0.085904836654663	0	684	1	1
Classes/CloneWithNonObject	0.0675950050354	0	2	1	1
Classes/IsNotFamily	0.2411630153656	322	932	2	3
Classes/AvoidOptionArrays	0.065361976623535	0	41	1	1
Traits/AlreadyParentsTrait	0.076184988021851	0	51	1	1
Traits/TraitNotFound	0.011046886444092	0	0	0	1
Structures/CastingTernary	0.068110942840576	0	18	1	1
Structures/NoAppendOnSource	0.072487831115723	0	118	1	1
Traits/CouldUseTrait	0.091150999069214	0	49	1	6
Complete/SetClassPropertyDefinitionWithTypehint	0.25441217422485	0	621	3	3
Structures/ForeachSourceValue	0.068847894668579	0	118	1	1
Php/AvoidMbDectectEncoding	0.09131908416748	1	1	1	1
Structures/MaxLevelOfIdentation	0.96682500839233	6	684	1	2
Structures/ShouldUseExplodeArgs	0.28135085105896	0	84	3	3
Performances/UseArraySlice	0.069993019104004	0	289	1	1
Arrays/TooManyDimensions	0.48221898078918	0	16644	4	8
Structures/CoalesceAndConcat	0.010766983032227	0	0	0	1
Interfaces/IsNotImplemented	0.093594074249268	6	49	1	2
Interfaces/NoGaranteeForPropertyConstant	0.06538200378418	0	2	1	1
Classes/TooManyDereferencing	0.27553796768188	0	6626	1	2
Interfaces/CantImplementTraversable	0.079146862030029	0	1309	1	1
Structures/MergeIfThen	0.083003044128418	45	1659	1	1
Structures/NotEqual	0.071429014205933	1	858	1	1
Arrays/MultipleIdenticalKeys	0.10316920280457	0	251	1	2
Classes/EmptyClass	0.15400815010071	3	98	2	2
Constants/ConstantStrangeNames	0.092682123184204	0	1180	1	1
Functions/EmptyFunction	0.22744083404541	6	684	2	2
Structures/EvalUsage	0.11318802833557	1	1	1	2
Structures/ExitUsage	0.16377210617065	63	126	2	2
Variables/VariableUsedOnce	0.20611500740051	16	1762	1	2
Complete/CreateMagicProperty	0.014620065689087	0	0	0	5
Arrays/NonConstantArray	0.17402720451355	4	4990	2	2
Classes/IsExtClass	0.21545195579529	136	843	2	2
Complete/MakeClassConstantDefinition	0.29553198814392	0	1056	4	4
Functions/UndefinedFunctions	0.094447135925293	1	1698	1	1
Php/Deprecated	0.093812942504883	1	1	1	1
Functions/WrongNumberOfArguments	1.0801918506622	15	11487	6	6
Functions/HardcodedPasswords	0.17409205436707	0	1974	2	9
Composer/IsComposerInterface	0.76180911064148	0	211	4	5
Classes/UselessConstructor	0.18051600456238	2	147	3	6
Constants/ConstRecommended	0.01002311706543	0	0	0	1
Classes/UndefinedStaticMP	0.069454908370972	0	466	1	2
Classes/AccessPrivate	0.57525086402893	0	3076	4	12
Structures/ListOmissions	0.074339866638184	1	3	1	1
Structures/OrDie	0.080963134765625	3	380	1	1
Variables/WrittenOnlyVariable	0.17018413543701	69	684	1	3
Functions/MustReturn	0.075729131698608	0	643	1	2
Structures/ForeachReferenceIsNotModified	0.073701858520508	0	118	1	1
Classes/UnusedClass	0.069418907165527	5	49	1	1
Classes/DefinedProperty	0.20391702651978	1102	3446	2	2
Functions/DeepDefinitions	0.25032305717468	0	344	4	5
Classes/PropertyNeverUsed	0.07338285446167	9	49	1	1
Classes/UseThis	0.50438690185547	401	1387	4	4
Classes/MethodIsOverwritten	0.07758903503418	47	619	1	1
Structures/ShouldPreprocess	0.91035890579224	23	5418	3	3
Exceptions/Unthrown	0.11894607543945	0	49	1	1
Functions/UseConstantAsArguments	1.4051189422607	0	3444	15	22
Classes/MakeDefault	0.10287094116211	14	49	1	1
Structures/CouldBeStatic	0.31281995773315	1	296	1	2
Classes/UselessAbstract	0.17752599716187	0	147	3	3
Structures/NoDirectUsage	0.012562990188599	0	0	0	3
Functions/UnusedArguments	0.47324013710022	11	2906	6	6
Php/InternalParameterType	0.48508405685425	0	2003	5	6
Traits/UndefinedTrait	0.009915828704834	0	0	0	1
Exceptions/UncaughtExceptions	0.13635301589966	67	68	1	1
Structures/UselessCasting	0.70710492134094	0	216	12	12
Exceptions/ForgottenThrown	0.13487195968628	0	434	2	2
Classes/UsedOnceProperty	0.074665069580078	4	49	1	2
Functions/OnlyVariablePassedByReference	0.23698401451111	0	5540	2	2
Patterns/DependencyInjection	0.079895973205566	2	41	1	2
Classes/AvoidOptionalProperties	0.38452792167664	23	7470	5	5
Functions/MismatchedDefaultArguments	0.13211607933044	38	684	1	1
Functions/MismatchedTypehint	0.34909200668335	0	2052	3	3
Classes/ScalarOrObjectProperty	0.18066000938416	0	147	3	3
Php/AssignAnd	0.069475889205933	0	380	1	1
Structures/PrintfArguments	0.20213794708252	0	68	2	6
Structures/MissingNew	0.22004508972168	0	3007	2	4
Structures/InvalidRegex	0.20213389396667	0	0	0	2
Functions/NeverUsedParameter	0.090142011642456	54	684	1	1
Files/InclusionWrongCase	0.22846412658691	0	316	2	6
Php/TooManyNativeCalls	0.29450011253357	1	3552	1	1
Functions/CallbackNeedsReturn	0.28100514411926	0	24	3	30
Classes/MethodSignatureMustBeCompatible	0.36978602409363	0	2890	5	5
Php/MustCallParentConstructor	0.068641185760498	0	49	1	1
Traits/UndefinedInsteadof	0.010557889938354	0	0	0	1
Classes/UndeclaredStaticProperty	0.18154120445251	0	3446	2	4
Classes/CheckOnCallUsage	0.014075040817261	0	0	0	2
Structures/ConcatEmpty	0.28546190261841	13	3739	3	3
Classes/IdenticalMethods	0.12766313552856	2	619	1	1
Classes/UnusedConstant	0.074241161346436	126	235	1	1
Functions/Recursive	0.30208587646484	1	684	3	3
Arrays/NullBoolean	0.19075679779053	0	4151	3	3
Functions/WrongReturnedType	0.47844409942627	0	4104	6	6
Structures/ImplodeArgsOrder	0.36025190353394	2	48	4	6
Structures/StripTagsSkipsClosedTag	0.010498046875	0	0	0	1
Arrays/NoSpreadForHash	0.19570684432983	0	1560	2	2
Structures/AlwaysFalse	1.3032648563385	0	8676	12	18
Classes/IncompatibleSignature74	0.69176197052002	0	4952	8	20
Functions/NoLiteralForReference	0.2612738609314	0	7684	2	2
Classes/NonNullableSetters	0.53565287590027	7	1156	2	2
Php/IsAWithString	0.17954587936401	0	2	2	2
Structures/MbstringUnknownEncoding	0.21557283401489	0	18	2	2
Structures/MbstringThirdArg	0.11999988555908	0	6	1	1
Functions/WrongTypeWithCall	0.12943315505981	0	684	1	1
Classes/IsaMagicProperty	0.01151704788208	0	0	0	2
Classes/UndefinedClasses	0.72220015525818	5	4482	11	14
Classes/DefinedConstants	0.19802689552307	264	792	3	3
Classes/UnresolvedClasses	0.14287090301514	6	248	2	2
Classes/ImplementIsForInterface	0.25505399703979	0	147	3	3
Namespaces/UnresolvedUse	0.1246919631958	0	46	1	1
Classes/DefinedParentMP	0.19311499595642	3	9	3	5
Classes/UndefinedProperty	0.099013805389404	0	1723	1	2
Classes/ShouldUseThis	0.19902014732361	164	1156	2	2
Classes/UnresolvedInstanceof	0.012170076370239	0	0	0	2
Interfaces/UndefinedInterfaces	0.17897319793701	0	1360	3	4
Traits/DependantTrait	0.011956930160522	0	0	0	3
Classes/PropertyUsedInOneMethodOnly	0.14512205123901	30	49	1	2
Classes/TooManyInjections	0.072441101074219	0	619	1	2
Classes/NoMagicWithArray	0.073915004730225	0	2537	1	1
Functions/MismatchTypeAndDefault	0.20198583602905	0	1368	2	4
Classes/UndefinedStaticclass	0.010755062103271	0	0	0	1
Functions/InsufficientTypehint	0.20236706733704	0	2052	3	3
Performances/MemoizeMagicCall	0.64653182029724	0	684	1	3
Structures/InfiniteRecursion	0.29273796081543	0	2110	4	6
Classes/DependantAbstractClass	0.18061685562134	0	147	3	3
Structures/UselessInstruction	1.3155221939087	164	21827	17	21
Classes/UndefinedConstants	0.066664934158325	0	264	1	1
Classes/UndefinedParentMP	0.063032865524292	0	3	1	1
Duration : 98752.90
Memory : 121634816
Memory peak : 130027520
analyze.analyze closed on Sun, 15 Mar 2020 07:01:24 +0000
