analyze.inventory created on Sun, 15 Mar 2020 07:01:33 +0000
Analyzing project fabapp
Runnable analyzers	29
Type/Hexadecimal	0.08683705329895	0	1172	1	1
Type/HttpHeader	0.39564990997314	58	8552	2	3
Type/HttpStatus	0.2974100112915	8	9135	2	2
Type/Md5String	0.16752409934998	0	7963	1	1
Type/MimeType	0.23019289970398	0	7963	1	1
Type/Pcre	1.518296957016	144	76968	9	9
Type/Ports	0.080136775970459	22	1172	1	1
Type/SpecialIntegers	0.08122181892395	68	1172	1	1
Type/CharString	0.34816098213196	7336	7963	1	1
Type/UnicodeBlock	0.26426196098328	7963	7963	1	1
Type/Sql	0.3172779083252	325	9861	1	1
Php/SessionVariables	0.0869140625	271	806	1	1
Php/IncomingVariables	0.088964939117432	323	806	1	1
Php/CookiesVariables	0.010077953338623	0	0	0	1
Php/DateFormats	0.17138695716858	37	1732	2	3
Type/ArrayIndex	0.14972901344299	2197	2495	1	1
Type/GPCIndex	0.10102605819702	323	2495	1	1
Type/Pack	0.010292053222656	0	0	0	1
Type/Printf	0.10454201698303	34	38	1	1
Type/Email	0.25305008888245	0	8552	1	1
Type/Url	1.8110101222992	10	13833	1	1
Type/Regex	0.20277905464172	135	262	2	3
Classes/MagicProperties	0.010679006576538	0	0	0	1
Type/UdpDomains	1.7425651550293	11	10794	1	1
Duration : 8864.53
Memory : 123731968
Memory peak : 130027520
analyze.inventory closed on Sun, 15 Mar 2020 07:01:42 +0000
