analyze.dump created on Sun, 15 Mar 2020 06:59:05 +0000
Analyzing project fabapp
Runnable analyzers	14
Dump/EnvironnementVariables	0.0083549022674561	0	0	1	2
Dump/IndentationLevels	1.1411950588226	8	8	1	1
Dump/CyclomaticComplexity	0.51404905319214	677	677	1	1
Dump/CollectLiterals	1.6300749778748	8523	8523	6	11
Dump/CollectParameterCounts	0.11665105819702	10	10	1	1
Dump/CollectLocalVariableCounts	0.10170602798462	17	17	1	1
Dump/DereferencingLevels	0.28398489952087	3	3	1	2
Dump/CollectForeachFavorite	0.26009893417358	0	0	0	0
Dump/CollectMbstringEncodings	0.3070809841156	0	0	0	0
Dump/TypehintingStats	2.5417189598083	23	23	0	2
Dump/Inclusions	0.098435163497925	158	158	1	0
Dump/CollectClassInterfaceCounts	0.086442947387695	2	2	1	1
Dump/CollectClassDepth	0.075010061264038	3	3	1	1
Dump/CollectClassChildren	0.069858074188232	4	4	1	1
Duration : 7443.82
Memory : 69206016
Memory peak : 71303168
analyze.dump closed on Sun, 15 Mar 2020 06:59:13 +0000
