analyze.performances created on Sun, 15 Mar 2020 07:01:50 +0000
Analyzing project fabapp
Runnable analyzers	45
Structures/ForWithFunctioncall	0.13769483566284	19	70	2	2
Performances/SlowFunctions	0.099058866500854	66	66	1	1
Structures/GlobalOutsideLoop	0.20029187202454	1	289	1	1
Performances/JoinFile	0.010931968688965	0	0	0	2
Structures/SimplePreg	0.10582399368286	0	131	1	1
Performances/MakeOneCall	0.26186895370483	0	2597	3	3
Performances/NotCountNull	0.26831603050232	15	276	3	3
Performances/timeVsstrtotime	0.09624195098877	5	63	1	1
Arrays/GettingLastElement	0.19591212272644	0	5056	2	4
Performances/AvoidArrayPush	0.094513893127441	28	28	1	1
Php/ShouldUseFunction	0.12950611114502	1698	1698	1	1
Performances/FetchOneRowFormat	0.011853933334351	0	0	0	2
Performances/NoGlob	0.094202041625977	1	1	1	4
Structures/NoAssignationInFunction	0.35311102867126	3	684	1	1
Php/ShouldUseArrayColumn	0.21132588386536	0	188	3	3
Performances/NoConcatInLoop	0.25771594047546	17	306	2	2
Php/UsePathinfoArgs	0.17905592918396	0	3	2	4
Performances/SimpleSwitch	0.063956022262573	0	5	1	1
Performances/SubstrFirst	0.29458498954773	0	153	3	3
Performances/PHP7EncapsedStrings	0.086188077926636	394	589	1	1
Arrays/SliceFirst	0.090392827987671	0	1	1	1
Performances/DoubleArrayFlip	0.012566089630127	0	0	0	1
Performances/RegexOnCollector	0.23688316345215	0	236	2	2
Performances/DoInBase	0.14223003387451	0	264	2	2
Performances/CacheVariableOutsideLoop	0.18156003952026	39	118	1	3
Performances/UseBlindVar	0.07964301109314	0	118	1	1
Functions/Closure2String	0.065829992294312	0	7	1	1
Performances/CsvInLoops	0.01034688949585	0	0	0	1
Performances/IssetWholeArray	0.26927995681763	1	936	4	4
Performances/ArrayKeyExistsSpeedup	0.070582866668701	0	380	1	1
Performances/Autoappend	0.069502830505371	0	42	1	1
Performances/RegexOnArrays	0.12176609039307	1	118	1	1
Performances/Php74ArrayKeyExists	0.11710691452026	0	36	1	1
Performances/MbStringInLoop	0.17525100708008	2	12	2	2
Classes/MakeMagicConcrete	0.01012110710144	0	0	0	3
Duration : 5331.15
Memory : 125829120
Memory peak : 130027520
analyze.performances closed on Sun, 15 Mar 2020 07:01:55 +0000
