analyze.classreview created on Sun, 15 Mar 2020 07:03:25 +0000
Analyzing project fabapp
Runnable analyzers	39
Classes/Finalclass	0.074039936065674	1	49	1	1
Classes/Finalmethod	0.075602054595947	2	49	1	1
Classes/MutualExtension	0.13113594055176	0	98	2	2
Classes/RedefinedProperty	0.097864866256714	0	212	1	1
Classes/CouldBeClassConstant	0.088568925857544	4	212	1	1
Classes/CouldBeProtectedProperty	0.16673493385315	30	212	1	2
Classes/CouldBeProtectedConstant	0.13940906524658	233	235	1	1
Classes/CouldBeProtectedMethod	0.3487229347229	295	1156	2	2
Interfaces/AvoidSelfInInterface	0.070998907089233	0	2	1	1
Functions/ExceedingTypehint	0.069528102874756	0	65	1	3
Functions/NullableWithoutCheck	0.075327157974243	0	723	1	1
Classes/PropertyUsedBelow	0.096301078796387	1	49	1	2
Classes/RaisedAccessLevel	0.35272288322449	0	2132	6	6
Classes/ConstantUsedBelow	0.10959386825562	0	49	1	1
Classes/MethodUsedBelow	0.15698194503784	8	49	1	1
Classes/UnreachableConstant	0.16151094436646	0	528	2	2
Classes/DisconnectedClasses	0.098828077316284	6	49	1	2
Classes/InsufficientPropertyTypehint	0.20772385597229	4	621	3	3
Classes/FossilizedMethod	0.077762126922607	1	619	1	2
Classes/CouldBePrivate	0.23690485954285	32	424	2	4
Classes/CouldBePrivateConstante	0.24281001091003	175	235	1	2
Classes/CouldBePrivateMethod	0.35205698013306	259	1156	2	2
Duration : 3765.29
Memory : 157286400
Memory peak : 157286400
analyze.classreview closed on Sun, 15 Mar 2020 07:03:29 +0000
