dump created on Sun, 15 Mar 2020 06:58:51 +0000
count analyzed : 8

counts 2876, 0, 804, 0, 7, 5, 0, 280

Functions/IsExtFunction, Interfaces/IsExtInterface, Constants/IsExtConstant, Traits/IsExtTrait, Functions/MarkCallable : dumped 0
Still 0 to be processed

Duration : 2270.40
Memory : 69206016
Memory peak : 71303168
dump closed on Sun, 15 Mar 2020 06:58:54 +0000
dump resuming on Sun, 15 Mar 2020 06:58:54 +0000
Collected Class Changes: 1,034.91ms

Collected Files: 0.49ms

Collected Files Dependencies: 1,763.65ms

Collected Classes Dependencies: 950.40ms

Collected Atom Counts: 143.25ms

Collected Php Structures: 370.85ms

Collected Structures: 2,418.75ms

Collected Variables: 372.33ms

Collected Readability: 1,379.83ms

Collected Method Counts: 55.27ms

Collected Property Counts: 75.71ms

Collected Constant Counts: 62.92ms

Collected Native Calls Per Expression: 278.97ms

Collected Trait counts per Class: 7.17ms

Collected Definitions stats : 125.93ms

Collected Global Variables : 871.64ms

count analyzed : 8

counts 2876, 0, 804, 0, 7, 5, 0, 280

Functions/IsExtFunction, Interfaces/IsExtInterface, Constants/IsExtConstant, Traits/IsExtTrait, Functions/MarkCallable : dumped 0
Still 0 to be processed

Duration : 11427.65
Memory : 69206016
Memory peak : 71303168
dump closed on Sun, 15 Mar 2020 06:59:05 +0000
dump resuming on Sun, 15 Mar 2020 06:59:15 +0000
count analyzed : 33

counts 2876, 0, 804, 0, 7, 5, 0, 280, 0, 8, 677, 8523, 10, 17, 3, 0, 0, 23, 158, 2, 3, 4, 235, 0, 2, 0, 0, 0, 5, 290, 11273, 58, 1

Classes/ConstantDefinition, Constants/Constantnames, Variables/VariableVariables, Constants/VariableConstant, Functions/Dynamiccall, Classes/VariableClasses, Structures/DynamicCalls, Structures/ElseUsage, Variables/RealVariables, Functions/RealFunctions, Structures/Fallthrough : dumped 0
Still 0 to be processed

Duration : 4983.06
Memory : 71303168
Memory peak : 73400320
dump closed on Sun, 15 Mar 2020 06:59:20 +0000
dump resuming on Sun, 15 Mar 2020 06:59:35 +0000
count analyzed : 123

counts 2876, 0, 804, 0, 7, 5, 0, 280, 0, 8, 677, 8523, 10, 17, 3, 0, 0, 23, 158, 2, 3, 4, 235, 0, 2, 0, 0, 0, 5, 290, 11273, 58, 1, 11, 2234, 797, 195, 21, 0, -1, -1, 0, -1, 0, 0, 0, 0, -1, 13, -1, -1, 0, 0, -1, 0, 0, 0, 17, 0, 0, 0, 0, 0, 0, -1, -1, 0, 0, 0, 0, 0, 0, -1, 0, -1, 0, -1, 0, 0, 12, 0, 0, 0, 0, 0, 0, 0, 0, 0, 0, 54, 0, 0, 0, 0, 0, 0, 0, 0, -1, 0, 0, 0, 0, 0, 0, 0, -1, 0, 0, 0, 0, 0, 0, 0, 0, 0, 0, 0, 0, 49, 5, 0

Classes/NonStaticMethodsCalledStatic, Extensions/Extdba, Extensions/Extfdf, Php/CaseForPSS, Structures/Break0, Type/Binary, Type/MalformedOctal, Arrays/ArrayNSUsage, Php/Php54NewFunctions, Php/Php55NewFunctions, Php/Php56NewFunctions, Functions/MultipleSameArguments, Structures/FunctionSubscripting, Php/ClosureThisSupport, Structures/SwitchWithMultipleDefault, Extensions/Extming, Php/EllipsisUsage, Php/ExponentUsage, Structures/DereferencingAS, Php/StaticclassUsage, Structures/ForeachWithList, Namespaces/UseFunctionsConstants, Structures/ConstantScalarExpression, Php/debugInfoUsage, Arrays/MixedKeys, Php/ConstWithArray, Php/MethodCallOnNew, Php/HashAlgos53, Php/ClassConstWithArray, Structures/VariableGlobal, Classes/NullOnNew, Structures/IssetWithConstant, Classes/Anonymous, Php/UnicodeEscapeSyntax, Php/Php70NewFunctions, Php/Php70NewClasses, Php/Php70NewInterfaces, Php/ParenthesisAsParameter, Variables/Php5IndirectExpression, Variables/Php7IndirectExpression, Php/UnicodeEscapePartial, Php/DefineWithArray, Php/NoListWithString, Structures/PHP7Dirname, Php/Php7RelaxedKeyword, Php/CantUseReturnValueInWriteContext, Php/Php71NewClasses, Php/ListWithKeys, Php/ListShortSyntax, Php/UseNullableType, Exceptions/MultipleCatch, Php/NoStringWithAppend, Php/GroupUseDeclaration, Php/Php73NewFunctions, Classes/CantInheritAbstractMethod, Php/GroupUseTrailingComma, Classes/ChildRemoveTypehint, Php/NoSubstrMinusOne, Classes/IntegerAsProperty, Structures/NoGetClassNull, Php/Php72NewClasses, Php/ListWithReference, Php/PHP73LastEmptyArgument, Php/FlexibleHeredoc, Classes/ConstVisibilityUsage, Php/HashAlgos71, Php/PHP70scalartypehints, Php/PHP71scalartypehints, Php/PHP72scalartypehints, Structures/ContinueIsForLoop, Php/TrailingComma, Php/DirectCallToClone, Php/NoReturnForGenerator, Php/NoReferenceForStaticProperty, Php/TypedPropertyUsage, Php/ConcatAndAddition, Php/UnpackingInsideArrays, Functions/GeneratorCannotReturn, Php/CoalesceEqual : dumped 0
Still 0 to be processed

Duration : 200.94
Memory : 77594624
Memory peak : 77594624
dump closed on Sun, 15 Mar 2020 06:59:35 +0000
dump resuming on Sun, 15 Mar 2020 06:59:35 +0000
count analyzed : 129

counts 2876, 0, 804, 0, 7, 5, 0, 280, 0, 8, 677, 8523, 10, 17, 3, 0, 0, 23, 158, 2, 3, 4, 235, 0, 2, 0, 0, 0, 5, 290, 11273, 58, 1, 11, 2234, 797, 195, 21, 0, -1, -1, 0, -1, 0, 0, 0, 0, -1, 13, -1, -1, 0, 0, -1, 0, 0, 0, 17, 0, 0, 0, 0, 0, 0, -1, -1, 0, 0, 0, 0, 0, 0, -1, 0, -1, 0, -1, 0, 0, 12, 0, 0, 0, 0, 0, 0, 0, 0, 0, 0, 54, 0, 0, 0, 0, 0, 0, 0, 0, -1, 0, 0, 0, 0, 0, 0, 0, -1, 0, 0, 0, 0, 0, 0, 0, 0, 0, 0, 0, 0, 49, 5, 0, 0, -1, -1, -1, -1, 0

Classes/NonStaticMethodsCalledStatic, Php/CaseForPSS, Php/Php54RemovedFunctions, Structures/BreakNonInteger, Structures/CalltimePassByReference, Type/MalformedOctal, Php/Php55NewFunctions, Php/Php56NewFunctions, Functions/MultipleSameArguments, Structures/SwitchWithMultipleDefault, Structures/CryptWithoutSalt, Php/EllipsisUsage, Php/ExponentUsage, Structures/DereferencingAS, Php/StaticclassUsage, Structures/ForeachWithList, Namespaces/UseFunctionsConstants, Structures/ConstantScalarExpression, Php/debugInfoUsage, Arrays/MixedKeys, Php/ConstWithArray, Php/HashAlgos53, Php/HashAlgos54, Php/ClassConstWithArray, Structures/VariableGlobal, Classes/NullOnNew, Structures/IssetWithConstant, Classes/Anonymous, Php/UnicodeEscapeSyntax, Php/Php70NewFunctions, Php/Php70NewClasses, Php/Php70NewInterfaces, Php/ParenthesisAsParameter, Variables/Php5IndirectExpression, Variables/Php7IndirectExpression, Php/UnicodeEscapePartial, Php/DefineWithArray, Php/NoListWithString, Structures/PHP7Dirname, Php/Php7RelaxedKeyword, Php/CantUseReturnValueInWriteContext, Php/Php71NewClasses, Php/ListWithKeys, Php/ListShortSyntax, Php/UseNullableType, Exceptions/MultipleCatch, Extensions/Extmhash, Php/NoStringWithAppend, Php/GroupUseDeclaration, Php/Php73NewFunctions, Classes/CantInheritAbstractMethod, Php/GroupUseTrailingComma, Classes/ChildRemoveTypehint, Php/NoSubstrMinusOne, Classes/IntegerAsProperty, Structures/NoGetClassNull, Php/Php72NewClasses, Php/ListWithReference, Php/PHP73LastEmptyArgument, Php/FlexibleHeredoc, Classes/ConstVisibilityUsage, Php/HashAlgos71, Php/PHP70scalartypehints, Php/PHP71scalartypehints, Php/PHP72scalartypehints, Structures/ContinueIsForLoop, Php/TrailingComma, Php/DirectCallToClone, Php/NoReturnForGenerator, Php/NoReferenceForStaticProperty, Php/TypedPropertyUsage, Php/ConcatAndAddition, Php/UnpackingInsideArrays, Functions/GeneratorCannotReturn, Php/CoalesceEqual : dumped 0
Still 0 to be processed

Duration : 201.29
Memory : 77594624
Memory peak : 79691776
dump closed on Sun, 15 Mar 2020 06:59:36 +0000
dump resuming on Sun, 15 Mar 2020 06:59:36 +0000
count analyzed : 133

counts 2876, 0, 804, 0, 7, 5, 0, 280, 0, 8, 677, 8523, 10, 17, 3, 0, 0, 23, 158, 2, 3, 4, 235, 0, 2, 0, 0, 0, 5, 290, 11273, 58, 1, 11, 2234, 797, 195, 21, 0, -1, -1, 0, -1, 0, 0, 0, 0, -1, 13, -1, -1, 0, 0, -1, 0, 0, 0, 17, 0, 0, 0, 0, 0, 0, -1, -1, 0, 0, 0, 0, 0, 0, -1, 0, -1, 0, -1, 0, 0, 12, 0, 0, 0, 0, 0, 0, 0, 0, 0, 0, 54, 0, 0, 0, 0, 0, 0, 0, 0, -1, 0, 0, 0, 0, 0, 0, 0, -1, 0, 0, 0, 0, 0, 0, 0, 0, 0, 0, 0, 0, 49, 5, 0, 0, -1, -1, -1, -1, 0, 0, 0, -1, -1

Classes/NonStaticMethodsCalledStatic, Extensions/Extapc, Extensions/Extmysql, Php/Php55RemovedFunctions, Type/MalformedOctal, Php/Php56NewFunctions, Functions/MultipleSameArguments, Structures/SwitchWithMultipleDefault, Php/EllipsisUsage, Php/ExponentUsage, Php/Password55, Namespaces/UseFunctionsConstants, Structures/ConstantScalarExpression, Php/debugInfoUsage, Php/ConstWithArray, Php/HashAlgos53, Php/HashAlgos54, Php/ClassConstWithArray, Structures/VariableGlobal, Classes/NullOnNew, Structures/IssetWithConstant, Classes/Anonymous, Php/UnicodeEscapeSyntax, Php/Php70NewFunctions, Php/Php70NewClasses, Php/Php70NewInterfaces, Php/ParenthesisAsParameter, Variables/Php5IndirectExpression, Variables/Php7IndirectExpression, Php/UnicodeEscapePartial, Php/DefineWithArray, Php/NoListWithString, Structures/PHP7Dirname, Php/Php7RelaxedKeyword, Php/Php71NewClasses, Php/ListWithKeys, Php/ListShortSyntax, Php/UseNullableType, Exceptions/MultipleCatch, Php/NoStringWithAppend, Php/GroupUseDeclaration, Php/Php73NewFunctions, Classes/CantInheritAbstractMethod, Php/GroupUseTrailingComma, Classes/ChildRemoveTypehint, Php/NoSubstrMinusOne, Classes/IntegerAsProperty, Structures/NoGetClassNull, Php/Php72NewClasses, Php/ListWithReference, Php/PHP73LastEmptyArgument, Php/FlexibleHeredoc, Classes/ConstVisibilityUsage, Php/HashAlgos71, Php/PHP70scalartypehints, Php/PHP71scalartypehints, Php/PHP72scalartypehints, Structures/ContinueIsForLoop, Php/TrailingComma, Php/DirectCallToClone, Php/NoReturnForGenerator, Php/NoReferenceForStaticProperty, Php/TypedPropertyUsage, Php/ConcatAndAddition, Php/UnpackingInsideArrays, Functions/GeneratorCannotReturn, Php/CoalesceEqual : dumped 0
Still 0 to be processed

Duration : 192.92
Memory : 77594624
Memory peak : 79691776
dump closed on Sun, 15 Mar 2020 06:59:36 +0000
dump resuming on Sun, 15 Mar 2020 06:59:36 +0000
count analyzed : 134

counts 2876, 0, 804, 0, 7, 5, 0, 280, 0, 8, 677, 8523, 10, 17, 3, 0, 0, 23, 158, 2, 3, 4, 235, 0, 2, 0, 0, 0, 5, 290, 11273, 58, 1, 11, 2234, 797, 195, 21, 0, -1, -1, 0, -1, 0, 0, 0, 0, -1, 13, -1, -1, 0, 0, -1, 0, 0, 0, 17, 0, 0, 0, 0, 0, 0, -1, -1, 0, 0, 0, 0, 0, 0, -1, 0, -1, 0, -1, 0, 0, 12, 0, 0, 0, 0, 0, 0, 0, 0, 0, 0, 54, 0, 0, 0, 0, 0, 0, 0, 0, -1, 0, 0, 0, 0, 0, 0, 0, -1, 0, 0, 0, 0, 0, 0, 0, 0, 0, 0, 0, 0, 49, 5, 0, 0, -1, -1, -1, -1, 0, 0, 0, -1, -1, 0

Classes/NonStaticMethodsCalledStatic, Type/MalformedOctal, Php/RawPostDataUsage, Functions/MultipleSameArguments, Structures/SwitchWithMultipleDefault, Php/HashAlgos53, Php/HashAlgos54, Structures/VariableGlobal, Classes/NullOnNew, Structures/IssetWithConstant, Classes/Anonymous, Php/UnicodeEscapeSyntax, Php/Php70NewFunctions, Php/Php70NewClasses, Php/Php70NewInterfaces, Php/ParenthesisAsParameter, Variables/Php5IndirectExpression, Variables/Php7IndirectExpression, Php/UnicodeEscapePartial, Php/DefineWithArray, Php/NoListWithString, Structures/PHP7Dirname, Php/Php7RelaxedKeyword, Php/Php71NewClasses, Php/ListWithKeys, Php/ListShortSyntax, Php/UseNullableType, Exceptions/MultipleCatch, Php/NoStringWithAppend, Php/GroupUseDeclaration, Php/Php73NewFunctions, Classes/CantInheritAbstractMethod, Php/GroupUseTrailingComma, Classes/ChildRemoveTypehint, Php/NoSubstrMinusOne, Classes/IntegerAsProperty, Structures/NoGetClassNull, Php/Php72NewClasses, Php/ListWithReference, Php/PHP73LastEmptyArgument, Php/FlexibleHeredoc, Classes/ConstVisibilityUsage, Php/HashAlgos71, Php/PHP70scalartypehints, Php/PHP71scalartypehints, Php/PHP72scalartypehints, Structures/ContinueIsForLoop, Php/TrailingComma, Php/DirectCallToClone, Php/NoReturnForGenerator, Php/NoReferenceForStaticProperty, Php/TypedPropertyUsage, Php/ConcatAndAddition, Php/UnpackingInsideArrays, Functions/GeneratorCannotReturn, Php/CoalesceEqual : dumped 0
Still 0 to be processed

Duration : 216.37
Memory : 79691776
Memory peak : 79691776
dump closed on Sun, 15 Mar 2020 06:59:36 +0000
dump resuming on Sun, 15 Mar 2020 06:59:38 +0000
count analyzed : 154

counts 2876, 0, 804, 0, 7, 5, 0, 280, 0, 8, 677, 8523, 10, 17, 3, 0, 0, 23, 158, 2, 3, 4, 235, 0, 2, 0, 0, 0, 5, 290, 11273, 58, 1, 11, 2234, 797, 195, 21, 0, -1, -1, 0, -1, 0, 0, 0, 0, -1, 13, -1, -1, 0, 0, -1, 0, 0, 0, 17, 0, 0, 0, 0, 0, 0, -1, -1, 0, 0, 0, 0, 0, 0, -1, 0, -1, 0, -1, 0, 0, 12, 0, 0, 0, 0, 0, 0, 0, 0, 0, 0, 54, 0, 0, 0, 0, 0, 0, 0, 0, -1, 0, 0, 0, 0, 0, 0, 0, -1, 0, 0, 0, 0, 0, 0, 0, 0, 0, 0, 0, 0, 49, 5, 0, 0, -1, -1, -1, -1, 0, 0, 0, -1, -1, 0, -1, -1, -1, -1, 0, 0, -1, 0, -1, -1, 0, 0, 0, 0, 0, 0, 0, 0, 0, 0

Extensions/Extereg, Structures/McryptcreateivWithoutOption, Classes/toStringPss, Php/HashAlgos53, Php/HashAlgos54, Php/ReservedKeywords7, Structures/BreakOutsideLoop, Php/Php70RemovedFunctions, Php/EmptyList, Php/ListWithAppends, Php/GlobalWithoutSimpleVariable, Php/ForeachDontChangePointer, Variables/Php7IndirectExpression, Php/Php70RemovedDirective, Structures/pregOptionE, Structures/SetlocaleNeedsConstants, Php/UsortSorting, Type/HexadecimalString, Functions/funcGetArgModified, Php/SetExceptionHandlerPHP7, Php/Php71NewClasses, Php/ListWithKeys, Php/ListShortSyntax, Php/UseNullableType, Exceptions/MultipleCatch, Php/Php73NewFunctions, Classes/CantInheritAbstractMethod, Php/GroupUseTrailingComma, Classes/ChildRemoveTypehint, Php/NoSubstrMinusOne, Classes/IntegerAsProperty, Structures/NoGetClassNull, Php/Php72NewClasses, Php/ListWithReference, Php/PHP73LastEmptyArgument, Php/FlexibleHeredoc, Classes/ConstVisibilityUsage, Php/HashAlgos71, Php/PHP71scalartypehints, Php/PHP72scalartypehints, Structures/ContinueIsForLoop, Php/TrailingComma, Php/NoReferenceForStaticProperty, Php/TypedPropertyUsage, Php/ConcatAndAddition, Php/UnpackingInsideArrays, Php/CoalesceEqual : dumped 0
Still 0 to be processed

Duration : 183.98
Memory : 79691776
Memory peak : 79691776
dump closed on Sun, 15 Mar 2020 06:59:38 +0000
dump resuming on Sun, 15 Mar 2020 06:59:39 +0000
count analyzed : 163

counts 2876, 0, 804, 0, 7, 5, 0, 280, 0, 8, 677, 8523, 10, 17, 3, 0, 0, 23, 158, 2, 3, 4, 235, 0, 2, 0, 0, 0, 5, 290, 11273, 58, 1, 11, 2234, 797, 195, 21, 0, -1, -1, 0, -1, 0, 0, 0, 0, -1, 13, -1, -1, 0, 0, -1, 0, 0, 0, 17, 0, 0, 0, 0, 0, 0, -1, -1, 0, 0, 0, 0, 0, 0, -1, 0, -1, 0, -1, 0, 0, 12, 0, 0, 0, 0, 0, 0, 0, 0, 0, 0, 54, 0, 0, 0, 0, 0, 0, 0, 0, -1, 0, 0, 0, 0, 0, 0, 0, -1, 0, 0, 0, 0, 0, 0, 0, 0, 0, 0, 0, 0, 49, 5, 0, 0, -1, -1, -1, -1, 0, 0, 0, -1, -1, 0, -1, -1, -1, -1, 0, 0, -1, 0, -1, -1, 0, 0, 0, 0, 0, 0, 0, 0, 0, 0, 2, 4, -1, 0, 0, 0, -1, 0, 2

Extensions/Extmcrypt, Php/HashAlgos53, Php/HashAlgos54, Structures/NoSubstrOne, Php/Php70RemovedFunctions, Php/Php70RemovedDirective, Structures/pregOptionE, Type/HexadecimalString, Php/BetterRand, Classes/UsingThisOutsideAClass, Php/Php71RemovedDirective, Php/Php71NewFunctions, Php/Php71microseconds, Type/OctalInString, Php/Php73NewFunctions, Classes/CantInheritAbstractMethod, Php/GroupUseTrailingComma, Classes/ChildRemoveTypehint, Classes/IntegerAsProperty, Structures/NoGetClassNull, Php/Php72NewClasses, Php/ListWithReference, Php/PHP73LastEmptyArgument, Php/FlexibleHeredoc, Php/PHP72scalartypehints, Structures/ContinueIsForLoop, Php/TrailingComma, Php/NoReferenceForStaticProperty, Php/TypedPropertyUsage, Arrays/StringInitialization, Php/ConcatAndAddition, Php/UnpackingInsideArrays, Php/CoalesceEqual : dumped 0
Still 0 to be processed

Duration : 178.49
Memory : 79691776
Memory peak : 79691776
dump closed on Sun, 15 Mar 2020 06:59:39 +0000
dump resuming on Sun, 15 Mar 2020 06:59:41 +0000
count analyzed : 173

counts 2876, 0, 804, 0, 7, 5, 0, 280, 0, 8, 677, 8523, 10, 17, 3, 0, 0, 23, 158, 2, 3, 4, 235, 0, 2, 0, 0, 0, 5, 290, 11273, 58, 1, 11, 2234, 797, 195, 21, 0, -1, -1, 0, -1, 0, 0, 0, 0, -1, 13, -1, -1, 0, 0, -1, 0, 0, 0, 17, 0, 0, 0, 0, 0, 0, -1, -1, 0, 0, 0, 0, 0, 0, -1, 0, -1, 0, -1, 0, 0, 12, 0, 0, 0, 0, 0, 0, 0, 0, 0, 0, 54, 0, 0, 0, 0, 0, 0, 0, 0, -1, 0, 0, 0, 0, 0, 0, 0, -1, 0, 0, 0, 0, 0, 0, 0, 0, 0, 0, 0, 0, 49, 5, 0, 0, -1, -1, -1, -1, 0, 0, 0, -1, -1, 0, -1, -1, -1, -1, 0, 0, -1, 0, -1, -1, 0, 0, 0, 0, 0, 0, 0, 0, 0, 0, 2, 4, -1, 0, 0, 0, -1, 0, 2, 1, 0, 0, 0, 0, 0, 0, 0, 1, 5

Constants/UndefinedConstants, Php/HashAlgos53, Php/HashAlgos54, Structures/pregOptionE, Php/Php72Deprecation, Php/Php72RemovedFunctions, Php/Php72NewFunctions, Php/Php72NewConstants, Php/Php73NewFunctions, Php/Php72ObjectKeyword, Structures/NoGetClassNull, Php/Php72NewClasses, Php/AvoidSetErrorHandlerContextArg, Php/HashUsesObjects, Structures/CanCountNonCountable, Php/ListWithReference, Php/PHP73LastEmptyArgument, Php/FlexibleHeredoc, Structures/ContinueIsForLoop, Php/TrailingComma, Php/NoReferenceForStaticProperty, Php/TypedPropertyUsage, Php/ConcatAndAddition, Php/UnpackingInsideArrays, Php/CoalesceEqual : dumped 0
Still 0 to be processed

Duration : 191.70
Memory : 79691776
Memory peak : 79691776
dump closed on Sun, 15 Mar 2020 06:59:41 +0000
dump resuming on Sun, 15 Mar 2020 06:59:42 +0000
count analyzed : 182

counts 2876, 0, 804, 0, 7, 5, 0, 280, 0, 8, 677, 8523, 10, 17, 3, 0, 0, 23, 158, 2, 3, 4, 235, 0, 2, 0, 0, 0, 5, 290, 11273, 58, 1, 11, 2234, 797, 195, 21, 0, -1, -1, 0, -1, 0, 0, 0, 0, -1, 13, -1, -1, 0, 0, -1, 0, 0, 0, 17, 0, 0, 0, 0, 0, 0, -1, -1, 0, 0, 0, 0, 0, 0, -1, 0, -1, 0, -1, 0, 0, 12, 0, 0, 0, 0, 0, 0, 0, 0, 0, 0, 54, 0, 0, 0, 0, 0, 0, 0, 0, -1, 0, 0, 0, 0, 0, 0, 0, -1, 0, 0, 0, 0, 0, 0, 0, 0, 0, 0, 0, 0, 49, 5, 0, 0, -1, -1, -1, -1, 0, 0, 0, -1, -1, 0, -1, -1, -1, -1, 0, 0, -1, 0, -1, -1, 0, 0, 0, 0, 0, 0, 0, 0, 0, 0, 2, 4, -1, 0, 0, 0, -1, 0, 2, 1, 0, 0, 0, 0, 0, 0, 0, 1, 5, 0, 0, 0, 0, 4, 0, -1, 0, 0

Php/Php73NewFunctions, Php/UnknownPcre2Option, Php/CompactInexistant, Constants/CaseInsensitiveConstants, Php/AssertFunctionIsReserved, Structures/ContinueIsForLoop, Php/Php73RemovedFunctions, Structures/DontReadAndWriteInOneExpression, Php/TypedPropertyUsage, Php/ConcatAndAddition, Php/UnpackingInsideArrays, Php/IntegerSeparatorUsage, Php/Php74NewDirective, Php/CoalesceEqual : dumped 0
Still 0 to be processed

Duration : 169.46
Memory : 79691776
Memory peak : 79691776
dump closed on Sun, 15 Mar 2020 06:59:42 +0000
dump resuming on Sun, 15 Mar 2020 06:59:45 +0000
count analyzed : 205

counts 2876, 0, 804, 0, 7, 5, 0, 280, 0, 8, 677, 8523, 10, 17, 3, 0, 0, 23, 158, 2, 3, 4, 235, 0, 2, 0, 0, 0, 5, 290, 11273, 58, 1, 11, 2234, 797, 195, 21, 0, -1, -1, 0, -1, 0, 0, 0, 0, -1, 13, -1, -1, 0, 0, -1, 0, 0, 0, 17, 0, 0, 0, 0, 0, 0, -1, -1, 0, 0, 0, 0, 0, 0, -1, 0, -1, 0, -1, 0, 0, 12, 0, 0, 0, 0, 0, 0, 0, 0, 0, 0, 54, 0, 0, 0, 0, 0, 0, 0, 0, -1, 0, 0, 0, 0, 0, 0, 0, -1, 0, 0, 0, 0, 0, 0, 0, 0, 0, 0, 0, 0, 49, 5, 0, 0, -1, -1, -1, -1, 0, 0, 0, -1, -1, 0, -1, -1, -1, -1, 0, 0, -1, 0, -1, -1, 0, 0, 0, 0, 0, 0, 0, 0, 0, 0, 2, 4, -1, 0, 0, 0, -1, 0, 2, 1, 0, 0, 0, 0, 0, 0, 0, 1, 5, 0, 0, 0, 0, 4, 0, -1, 0, 0, 1, 0, 0, 0, -1, 0, 0, 0, 0, 0, 3, 0, -1, 0, 0, -1, 0, -1, 0, 0, 24, 136, 0

Php/DetectCurrentClass, Structures/DontReadAndWriteInOneExpression, Php/IdnUts46, Php/ConcatAndAddition, Php/Php74NewFunctions, Structures/CurlVersionNow, Php/Php74NewClasses, Php/Php74NewConstants, Php/Php74RemovedFunctions, Php/Php74mbstrrpos3rdArg, Php/ArrayKeyExistsWithObjects, Php/ReflectionExportIsDeprecated, Functions/UnbindingClosures, Php/ScalarAreNotArrays, Php/Php74ReservedKeyword, Php/NoMoreCurlyArrays, Php/Php74Deprecation, Php/Php74RemovedDirective, Php/HashAlgos74, Structures/OpensslRandomPseudoByteSecondArg, Php/NestedTernaryWithoutParenthesis, Php/FilterToAddSlashes : dumped 0
Still 0 to be processed

Duration : 185.18
Memory : 81788928
Memory peak : 81788928
dump closed on Sun, 15 Mar 2020 06:59:45 +0000
dump resuming on Sun, 15 Mar 2020 07:01:24 +0000
count analyzed : 622

counts 2876, 0, 804, 0, 7, 5, 0, 280, 0, 8, 677, 8523, 10, 17, 3, 0, 0, 23, 158, 2, 3, 4, 235, 0, 2, 0, 0, 0, 5, 290, 11273, 58, 1, 11, 2234, 797, 195, 21, 0, -1, -1, 0, -1, 0, 0, 0, 0, -1, 13, -1, -1, 0, 0, -1, 0, 0, 0, 17, 0, 0, 0, 0, 0, 0, -1, -1, 0, 0, 0, 0, 0, 0, -1, 0, -1, 0, -1, 0, 0, 12, 0, 0, 0, 0, 0, 0, 0, 0, 0, 0, 54, 0, 0, 0, 0, 0, 0, 0, 0, -1, 0, 0, 0, 0, 0, 0, 0, -1, 0, 0, 0, 0, 0, 0, 0, 0, 0, 0, 0, 0, 49, 5, 0, 0, -1, -1, -1, -1, 0, 0, 0, -1, -1, 0, -1, -1, -1, -1, 0, 0, -1, 0, -1, -1, 0, 0, 0, 0, 0, 0, 0, 0, 0, 0, 2, 4, -1, 0, 0, 0, -1, 0, 2, 1, 0, 0, 0, 0, 0, 0, 0, 1, 5, 0, 0, 0, 0, 4, 0, -1, 0, 0, 1, 0, 0, 0, -1, 0, 0, 0, 0, 0, 3, 0, -1, 0, 0, -1, 0, -1, 0, 0, 24, 136, 0, 0, 0, 0, 0, 18, 0, 2, 0, 188, 0, 0, 0, 0, 0, 2, 256, 0, 6, 0, 156, 1, 0, 0, -1, 0, 0, 0, 0, 1, 0, -1, 0, 0, 0, 3, 0, 35, 0, 0, 73, 0, 3, 0, 0, 2, 0, 0, 0, 0, 0, 44, 0, 0, 320, 0, 0, 0, 0, 17, 899, 0, 0, 36, 0, 0, 0, 1, 1220, 0, 0, 0, 0, 0, 0, 44, 0, 36, 0, 0, 15, 0, 0, 296, 31, 3, 43, 4394, 0, 7, 0, 12, 0, 0, 0, 0, 0, 0, 0, 2, 261, 20, 1, 272, 0, 1, 0, 26, 0, 81, 7, 0, 0, 0, 0, 0, 358, 0, 0, 0, 92, 30, 0, 0, 0, 32, 199, 12, 0, 0, 15, 0, 2175, 0, 0, 37, 5, 4, 69, 0, 0, 21, 0, 45, 3, 0, 0, 11, 0, 0, 4, 7, 0, 0, 1, 0, 0, 0, 0, 0, 0, 0, 0, 0, 10, 0, 31, 6, 4, 0, 1, 0, 187, 0, 0, 35, 0, 0, 21, 0, 0, 6, 6, 0, 0, 114, 1, 0, 35, 10, 0, 38, 67, 68, 6, 0, 0, 56, 0, 1, 4, 0, 0, 185, 73, 15, 0, 0, 0, 74, 1, 0, 0, 0, 36, 0, 91, 88, 0, 0, 0, 0, 0, 0, 0, 7, 0, 0, 20, 356, 0, 2, 0, 0, 12, 5, 0, 0, 0, 1, 1, 0, 4, 0, 1, 15, 0, 0, 0, 0, 0, 0, 26, 0, 1, 0, 0, 0, 5, 0, 0, 0, 0, 0, 1, 1, 0, 1, 35, 2, 0, 0, 39, 2, 1025, 0, 42, 32, 0, 0, 0, 0, 0, 19, 0, 0, 138, 0, 0, 322, 0, 0, 0, 0, 0, 0, 0, 0, 1, -1, 6, 0, 0, 0, 0, 6, 0, 0, 0, 45, 1, 0, 3, 0, 6, 1, 63, 16, 0, 4, 136, 0, 1, 1, 15, 0, 0, 2, 0, 0, 0, 1, 3, 69, 0, 0, 5, 1102, 0, 9, 401, 47, 23, 0, 0, 14, 1, 0, 0, 11, 0, 0, 67, 0, 0, 4, 0, 2, 23, 38, 0, 0, 0, 0, 0, 0, 54, 0, 1, 0, 0, -1, 0, 0, 0, 0, 13, 2, 126, 1, 0, 0, -1, 2, 0, 0, 0, 0, 0, 7, 0, 0, 0, 0, 0, 5, 264, 6, 0, 0, 3, 0, 164, 0, 0, 0, 30, 0, 0, 0, 0, 0, 0, 0, 0, 164, 0, 0

Php/Incompilable : 0

Structures/AddZero, Arrays/AmbiguousKeys, Arrays/MultipleIdenticalKeys, Classes/EmptyClass, Classes/NonPpp, Classes/NonStaticMethodsCalledStatic, Classes/OldStyleConstructor, Classes/StaticMethodsCalledFromObject, Constants/ConstantStrangeNames, Functions/EmptyFunction, Functions/RedeclaredPhpFunction, Functions/WithoutReturn, Interfaces/EmptyInterface, Structures/ErrorReportingWithInteger, Structures/EvalUsage, Structures/ExitUsage, Structures/ForgottenWhiteSpace, Structures/Iffectation, Structures/MultiplyByOne, Structures/Noscream, Structures/NotNot, Structures/OnceUsage, Structures/StrposCompare, Structures/ThrowsAndAssign, Structures/VardumpUsage, Structures/toStringThrowsException, Variables/VariableNonascii, Variables/VariableUsedOnce, Constants/BadConstantnames, Traits/EmptyTrait, Namespaces/UseWithFullyQualifiedNS, Structures/UselessInstruction, Classes/AbstractStatic, Constants/InvalidName, Constants/MultipleConstantDefinition, Functions/WrongOptionalParameter, Php/IsnullVsEqualNull, Classes/ThisIsNotAnArray, Type/OneVariableStrings, Classes/StaticContainsThis, Structures/WhileListEach, Structures/OneLineTwoInstructions, Structures/MultipleDefinedCase, Structures/SwitchWithoutDefault, Classes/ThisIsForClasses, Structures/NestedTernary, Arrays/NonConstantArray, Constants/UndefinedConstants, Classes/InstantiatingAbstractClass, Classes/CitSameName, Structures/EmptyTryCatch, Classes/UndefinedClasses, Structures/Htmlentitiescall, Classes/UndefinedConstants, Variables/VariableUsedOnceByContext, Functions/UndefinedFunctions, Php/Deprecated, Structures/DanglingArrayReferences, Structures/QueriesInLoop, Classes/OldStyleVar, Functions/AliasesUsage, Functions/UsesDefaultArguments, Functions/WrongNumberOfArguments, Functions/HardcodedPasswords, Classes/UnresolvedClasses, Classes/UselessConstructor, Classes/ImplementIsForInterface, Constants/ConstRecommended, Namespaces/UnresolvedUse, Classes/UndefinedParentMP, Classes/UndefinedStaticMP, Classes/AccessPrivate, Classes/AccessProtected, Classes/PssWithoutClass, Structures/ListOmissions, Structures/OrDie, Variables/WrittenOnlyVariable, Functions/MustReturn, Structures/EmptyLines, Exceptions/OverwriteException, Structures/ForeachReferenceIsNotModified, Structures/NoChangeIncomingVariables, Structures/ComparedComparison, Functions/UselessReturn, Classes/UnusedClass, Structures/Unpreprocessed, Classes/UndefinedProperty, Php/ShortOpenTagRequired, Structures/BooleanStrictComparison, Structures/LoneBlock, Classes/ThisIsNotForStatic, Structures/GlobalUsage, Php/ReservedNames, Php/LogicalInLetters, Classes/ShouldUseSelf, Structures/ImplicitGlobal, Structures/CatchShadowsVariable, Functions/DeepDefinitions, Classes/ConstantClass, Structures/RepeatedPrint, Structures/PrintWithoutParenthesis, Structures/ObjectReferences, Variables/LostReferences, Constants/CreatedOutsideItsNamespace, Namespaces/ConstantFullyQualified, Classes/PropertyNeverUsed, Type/NoRealComparison, Classes/ShouldUseThis, Classes/DirectCallToMagicMethod, Type/StringHoldAVariable, Structures/EchoWithConcat, Structures/UnusedGlobal, Structures/UselessGlobal, Structures/ShouldPreprocess, Classes/UselessFinal, Structures/UseConstant, Structures/UselessUnset, Structures/BuriedAssignation, Performances/ArrayMergeInLoops, Structures/UselessParenthesis, Classes/UnresolvedInstanceof, Php/UseObjectApi, Exceptions/Unthrown, Php/oldAutoloadUsage, Structures/AlteringForeachWithoutReference, Php/UsePathinfo, Functions/ShouldUseConstants, Php/HashAlgos, Structures/NoParenthesisForLanguageConstruct, Structures/NoHardcodedPath, Structures/NoHardcodedPort, Functions/UseConstantAsArguments, Structures/ImpliedIf, Variables/OverwrittenLiterals, Classes/MakeDefault, Classes/NoPublicAccess, Structures/ShouldChainException, Interfaces/UselessInterfaces, Interfaces/UndefinedInterfaces, Interfaces/ConcreteVisibility, Structures/DoubleInstruction, Security/ShouldUsePreparedStatement, Structures/PrintAndDie, Structures/UncheckedResources, Structures/NoHardcodedIp, Structures/ElseIfElseif, Structures/UnsetInForeach, Structures/CouldBeStatic, Classes/MultipleDeclarations, Namespaces/EmptyNamespace, Structures/CouldUseShortAssignation, Classes/UselessAbstract, Structures/StaticLoop, Performances/PrePostIncrement, Structures/OnlyVariableReturnedByReference, Structures/IndicesAreIntOrString, Type/ShouldTypecast, Classes/NoSelfReferencingConstant, Structures/NoDirectUsage, Structures/BreakOutsideLoop, Structures/NoSubstrOne, Structures/DoubleAssignation, Php/EmptyList, Structures/UselessBrackets, Structures/pregOptionE, Structures/EvalWithoutTry, Functions/RelayFunction, Functions/funcGetArgModified, Structures/UseInstanceof, Type/SilentlyCastInteger, Structures/TimestampDifference, Functions/UnusedArguments, Structures/SwitchToSwitch, Php/InternalParameterType, Classes/RedefinedConstants, Classes/RedefinedDefault, Php/FopenMode, Structures/NegativePow, Interfaces/AlreadyParentsInterface, Php/BetterRand, Classes/CantExtendFinal, Structures/TernaryInConcat, Classes/UsingThisOutsideAClass, Traits/UndefinedTrait, Structures/NoHardcodedHash, Structures/IdenticalConditions, Structures/UnknownPregOption, Structures/NoChoice, Structures/CommonAlternatives, Structures/LogicalMistakes, Exceptions/UncaughtExceptions, Structures/SameConditions, Structures/ReturnTrueFalse, Structures/UselessSwitch, Structures/CouldUseDir, Php/ShouldUseCoalesce, Classes/MakeGlobalAProperty, Structures/IfWithSameConditions, Exceptions/ThrowFunctioncall, Classes/UseInstanceof, Structures/ResultMayBeMissing, Structures/NeverNegative, Structures/EmptyBlocks, Classes/ThrowInDestruct, Structures/UseSystemTmp, Traits/DependantTrait, Namespaces/HiddenUse, Namespaces/ShouldMakeAlias, Classes/MultipleTraitOrInterface, Namespaces/MultipleAliasDefinitions, Structures/NestedIfthen, Structures/CastToBoolean, Structures/FailingSubstrComparison, Structures/ShouldMakeTernary, Functions/UnusedReturnedValue, Structures/ModernEmpty, Structures/UsePositiveCondition, Structures/DropElseAfterReturn, Classes/UseClassOperator, Security/DontEchoError, Structures/UselessCasting, Structures/NoIssetWithEmpty, Structures/UselessCheck, Structures/BailOutEarly, Structures/DontChangeBlindKey, Php/UseStdclass, Functions/TooManyLocalVariables, Classes/WrongName, Classes/FinalByOcramius, Structures/LongArguments, Variables/AssignedTwiceOrMore, Functions/NoBooleanAsDefault, Exceptions/ForgottenThrown, Namespaces/MultipleAliasDefinitionPerFile, Structures/DirThenSlash, Classes/NoPSSOutsideClass, Classes/UsedOnceProperty, Classes/PropertyUsedInOneMethodOnly, Structures/NoNeedForElse, Variables/StrangeName, Constants/StrangeName, Classes/TooManyFinds, Php/UseSetCookie, Structures/CheckAllTypes, Structures/MissingCases, Structures/RepeatedRegex, Php/NoClassInGlobal, Php/Crc32MightBeNegative, Structures/CouldUseStrrepeat, Structures/SuspiciousComparison, Type/StringWithStrangeSpace, Structures/NoEmptyRegex, Structures/AlternativeConsistenceByFile, Arrays/RandomlySortedLiterals, Functions/OnlyVariablePassedByReference, Functions/NoReturnUsed, Structures/NoReferenceOnLeft, Classes/ImplementedMethodsArePublic, Structures/MixedConcatInterpolation, Classes/TooManyInjections, Functions/CouldCentralize, Interfaces/CouldUseInterface, Classes/AvoidOptionalProperties, Structures/MismatchedTernary, Functions/MismatchedDefaultArguments, Functions/MismatchedTypehint, Classes/ScalarOrObjectProperty, Php/AssignAnd, Classes/NoMagicWithArray, Performances/LogicalToInArray, Php/PathinfoReturns, Structures/MultipleTypeVariable, Structures/IsZero, Structures/UnconditionLoopBreak, Structures/CouldBeElse, Structures/NextMonthTrap, Structures/PrintfArguments, Classes/AmbiguousStatic, Classes/DontSendThisInConstructor, Structures/NoGetClassNull, Structures/MissingNew, Php/UnknownPcre2Option, Classes/ParentFirst, Structures/InvalidRegex, Functions/AvoidBooleanArgument, Structures/AutoUnsetForeach, Functions/NeverUsedParameter, Structures/IdenticalOnBothSides, Structures/IdenticalConsecutive, Php/NoReferenceForTernary, Functions/UnusedInheritedVariable, Files/InclusionWrongCase, Files/MissingInclude, Functions/UselessReferenceArgument, Exceptions/UselessCatch, Structures/PossibleInfiniteLoop, Structures/TestThenCast, Php/ForeachObject, Classes/PropertyCouldBeLocal, Php/TooManyNativeCalls, Classes/RedefinedPrivateProperty, Classes/DontUnsetProperties, Php/StrtrArguments, Structures/MissingParenthesis, Functions/CallbackNeedsReturn, Structures/WrongRange, Classes/CantInstantiateClass, Performances/StrposTooMuch, Functions/TypehintedReferences, Classes/WeakType, Classes/MethodSignatureMustBeCompatible, Functions/MismatchTypeAndDefault, Structures/CheckJson, Structures/DontMixPlusPlus, Exceptions/CantThrow, Classes/AbstractOrImplements, Classes/IncompatibleSignature, Classes/AmbiguousVisibilities, Classes/UndefinedStaticclass, Php/AssertFunctionIsReserved, Classes/CouldBeAbstractClass, Structures/ContinueIsForLoop, Php/MustCallParentConstructor, Variables/UndefinedVariable, Traits/UndefinedInsteadof, Traits/MethodCollisionTraits, Classes/CouldBeFinal, Structures/InconsistentElseif, Functions/OnlyVariableForReference, Classes/UndeclaredStaticProperty, Structures/InvalidPackFormat, Interfaces/RepeatedInterface, Structures/DontReadAndWriteInOneExpression, Functions/ShouldYieldWithKey, Traits/UselessAlias, Classes/CouldBeStatic, Php/MissingSubpattern, Structures/AssigneAndCompare, Structures/NoVariableIsACondition, Functions/InsufficientTypehint, Functions/TypehintMustBeReturned, Classes/CloneWithNonObject, Classes/CheckOnCallUsage, Classes/AvoidOptionArrays, Traits/AlreadyParentsTrait, Traits/TraitNotFound, Structures/CastingTernary, Structures/ConcatEmpty, Php/ConcatAndAddition, Classes/IdenticalMethods, Structures/NoAppendOnSource, Performances/MemoizeMagicCall, Classes/UnusedConstant, Traits/CouldUseTrait, Structures/InfiniteRecursion, Arrays/NullBoolean, Classes/DependantAbstractClass, Functions/WrongReturnedType, Structures/ForeachSourceValue, Php/AvoidMbDectectEncoding, Php/ArrayKeyExistsWithObjects, Classes/NoParent, Php/ScalarAreNotArrays, Structures/ArrayMergeAndVariadic, Structures/ImplodeArgsOrder, Structures/StripTagsSkipsClosedTag, Arrays/NoSpreadForHash, Structures/MaxLevelOfIdentation, Structures/ShouldUseExplodeArgs, Performances/UseArraySlice, Arrays/TooManyDimensions, Structures/CoalesceAndConcat, Structures/AlwaysFalse, Classes/IncompatibleSignature74, Interfaces/IsNotImplemented, Functions/NoLiteralForReference, Interfaces/NoGaranteeForPropertyConstant, Classes/NonNullableSetters, Classes/TooManyDereferencing, Interfaces/CantImplementTraversable, Php/IsAWithString, Structures/MbstringUnknownEncoding, Structures/MbstringThirdArg, Structures/MergeIfThen, Functions/WrongTypeWithCall, Structures/NotEqual : dumped 0
Still 0 to be processed

Duration : 5364.30
Memory : 121634816
Memory peak : 130027520
dump closed on Sun, 15 Mar 2020 07:01:29 +0000
dump resuming on Sun, 15 Mar 2020 07:01:33 +0000
count analyzed : 650

counts 2876, 0, 804, 0, 7, 5, 0, 280, 0, 8, 677, 8523, 10, 17, 3, 0, 0, 23, 158, 2, 3, 4, 235, 0, 2, 0, 0, 0, 5, 290, 11273, 58, 1, 11, 2234, 797, 195, 21, 0, -1, -1, 0, -1, 0, 0, 0, 0, -1, 13, -1, -1, 0, 0, -1, 0, 0, 0, 17, 0, 0, 0, 0, 0, 0, -1, -1, 0, 0, 0, 0, 0, 0, -1, 0, -1, 0, -1, 0, 0, 12, 0, 0, 0, 0, 0, 0, 0, 0, 0, 0, 54, 0, 0, 0, 0, 0, 0, 0, 0, -1, 0, 0, 0, 0, 0, 0, 0, -1, 0, 0, 0, 0, 0, 0, 0, 0, 0, 0, 0, 0, 49, 5, 0, 0, -1, -1, -1, -1, 0, 0, 0, -1, -1, 0, -1, -1, -1, -1, 0, 0, -1, 0, -1, -1, 0, 0, 0, 0, 0, 0, 0, 0, 0, 0, 2, 4, -1, 0, 0, 0, -1, 0, 2, 1, 0, 0, 0, 0, 0, 0, 0, 1, 5, 0, 0, 0, 0, 4, 0, -1, 0, 0, 1, 0, 0, 0, -1, 0, 0, 0, 0, 0, 3, 0, -1, 0, 0, -1, 0, -1, 0, 0, 24, 136, 0, 0, 0, 0, 0, 18, 0, 2, 0, 188, 0, 0, 0, 0, 0, 2, 256, 0, 6, 0, 156, 1, 0, 0, -1, 0, 0, 0, 0, 1, 0, -1, 0, 0, 0, 3, 0, 35, 0, 0, 73, 0, 3, 0, 0, 2, 0, 0, 0, 0, 0, 44, 0, 0, 320, 0, 0, 0, 0, 17, 899, 0, 0, 36, 0, 0, 0, 1, 1220, 0, 0, 0, 0, 0, 0, 44, 0, 36, 0, 0, 15, 0, 0, 296, 31, 3, 43, 4394, 0, 7, 0, 12, 0, 0, 0, 0, 0, 0, 0, 2, 261, 20, 1, 272, 0, 1, 0, 26, 0, 81, 7, 0, 0, 0, 0, 0, 358, 0, 0, 0, 92, 30, 0, 0, 0, 32, 199, 12, 0, 0, 15, 0, 2175, 0, 0, 37, 5, 4, 69, 0, 0, 21, 0, 45, 3, 0, 0, 11, 0, 0, 4, 7, 0, 0, 1, 0, 0, 0, 0, 0, 0, 0, 0, 0, 10, 0, 31, 6, 4, 0, 1, 0, 187, 0, 0, 35, 0, 0, 21, 0, 0, 6, 6, 0, 0, 114, 1, 0, 35, 10, 0, 38, 67, 68, 6, 0, 0, 56, 0, 1, 4, 0, 0, 185, 73, 15, 0, 0, 0, 74, 1, 0, 0, 0, 36, 0, 91, 88, 0, 0, 0, 0, 0, 0, 0, 7, 0, 0, 20, 356, 0, 2, 0, 0, 12, 5, 0, 0, 0, 1, 1, 0, 4, 0, 1, 15, 0, 0, 0, 0, 0, 0, 26, 0, 1, 0, 0, 0, 5, 0, 0, 0, 0, 0, 1, 1, 0, 1, 35, 2, 0, 0, 39, 2, 1025, 0, 42, 32, 0, 0, 0, 0, 0, 19, 0, 0, 138, 0, 0, 322, 0, 0, 0, 0, 0, 0, 0, 0, 1, -1, 6, 0, 0, 0, 0, 6, 0, 0, 0, 45, 1, 0, 3, 0, 6, 1, 63, 16, 0, 4, 136, 0, 1, 1, 15, 0, 0, 2, 0, 0, 0, 1, 3, 69, 0, 0, 5, 1102, 0, 9, 401, 47, 23, 0, 0, 14, 1, 0, 0, 11, 0, 0, 67, 0, 0, 4, 0, 2, 23, 38, 0, 0, 0, 0, 0, 0, 54, 0, 1, 0, 0, -1, 0, 0, 0, 0, 13, 2, 126, 1, 0, 0, -1, 2, 0, 0, 0, 0, 0, 7, 0, 0, 0, 0, 0, 5, 264, 6, 0, 0, 3, 0, 164, 0, 0, 0, 30, 0, 0, 0, 0, 0, 0, 0, 0, 164, 0, 0, 26, 5, 8, 0, 0, 0, 0, 0, 0, 0, 0, 12, 1, 0, 0, 0, 0, 0, 0, 3, 0, 0, 0, 0, 0, 0, 3, 0

Constants/InconsistantCase, Structures/EchoPrintConsistance, Structures/ConstantComparisonConsistance, Structures/DieExitConsistance, Arrays/ArrayBracketConsistence, Php/GlobalsVsGlobal, Php/UnsetOrCast, Php/CloseTagsConsistency, Structures/OneExpressionBracketsConsistency, Classes/NewOnFunctioncallOrIdentifier, Structures/NewLineStyle, Structures/RegexDelimiter, Arrays/EmptyFinal, Structures/DifferencePreference, Structures/ConcatenationInterpolationFavorite, Php/DeclareStrict, Php/DeclareStrictType, Php/DeclareEncoding, Php/DeclareTicks, Php/LetterCharsLogicalFavorite, Php/ShellFavorite, Classes/PPPDeclarationStyle, Structures/ComparisonFavorite, Structures/GtOrLtFavorite, Constants/ConstDefinePreference, Constants/DefineInsensitivePreference, Exceptions/CatchE, Structures/NotOrNot : dumped 0
Still 0 to be processed

Duration : 205.53
Memory : 121634816
Memory peak : 130027520
dump closed on Sun, 15 Mar 2020 07:01:33 +0000
dump resuming on Sun, 15 Mar 2020 07:01:42 +0000
count analyzed : 674

counts 2876, 0, 804, 0, 7, 5, 0, 280, 0, 8, 677, 8523, 10, 17, 3, 0, 0, 23, 158, 2, 3, 4, 235, 0, 2, 0, 0, 0, 5, 290, 11273, 58, 1, 11, 2234, 797, 195, 21, 0, -1, -1, 0, -1, 0, 0, 0, 0, -1, 13, -1, -1, 0, 0, -1, 0, 0, 0, 17, 0, 0, 0, 0, 0, 0, -1, -1, 0, 0, 0, 0, 0, 0, -1, 0, -1, 0, -1, 0, 0, 12, 0, 0, 0, 0, 0, 0, 0, 0, 0, 0, 54, 0, 0, 0, 0, 0, 0, 0, 0, -1, 0, 0, 0, 0, 0, 0, 0, -1, 0, 0, 0, 0, 0, 0, 0, 0, 0, 0, 0, 0, 49, 5, 0, 0, -1, -1, -1, -1, 0, 0, 0, -1, -1, 0, -1, -1, -1, -1, 0, 0, -1, 0, -1, -1, 0, 0, 0, 0, 0, 0, 0, 0, 0, 0, 2, 4, -1, 0, 0, 0, -1, 0, 2, 1, 0, 0, 0, 0, 0, 0, 0, 1, 5, 0, 0, 0, 0, 4, 0, -1, 0, 0, 1, 0, 0, 0, -1, 0, 0, 0, 0, 0, 3, 0, -1, 0, 0, -1, 0, -1, 0, 0, 24, 136, 0, 0, 0, 0, 0, 18, 0, 2, 0, 188, 0, 0, 0, 0, 0, 2, 256, 0, 6, 0, 156, 1, 0, 0, -1, 0, 0, 0, 0, 1, 0, -1, 0, 0, 0, 3, 0, 35, 0, 0, 73, 0, 3, 0, 0, 2, 0, 0, 0, 0, 0, 44, 0, 0, 320, 0, 0, 0, 0, 17, 899, 0, 0, 36, 0, 0, 0, 1, 1220, 0, 0, 0, 0, 0, 0, 44, 0, 36, 0, 0, 15, 0, 0, 296, 31, 3, 43, 4394, 0, 7, 0, 12, 0, 0, 0, 0, 0, 0, 0, 2, 261, 20, 1, 272, 0, 1, 0, 26, 0, 81, 7, 0, 0, 0, 0, 0, 358, 0, 0, 0, 92, 30, 0, 0, 0, 32, 199, 12, 0, 0, 15, 0, 2175, 0, 0, 37, 5, 4, 69, 0, 0, 21, 0, 45, 3, 0, 0, 11, 0, 0, 4, 7, 0, 0, 1, 0, 0, 0, 0, 0, 0, 0, 0, 0, 10, 0, 31, 6, 4, 0, 1, 0, 187, 0, 0, 35, 0, 0, 21, 0, 0, 6, 6, 0, 0, 114, 1, 0, 35, 10, 0, 38, 67, 68, 6, 0, 0, 56, 0, 1, 4, 0, 0, 185, 73, 15, 0, 0, 0, 74, 1, 0, 0, 0, 36, 0, 91, 88, 0, 0, 0, 0, 0, 0, 0, 7, 0, 0, 20, 356, 0, 2, 0, 0, 12, 5, 0, 0, 0, 1, 1, 0, 4, 0, 1, 15, 0, 0, 0, 0, 0, 0, 26, 0, 1, 0, 0, 0, 5, 0, 0, 0, 0, 0, 1, 1, 0, 1, 35, 2, 0, 0, 39, 2, 1025, 0, 42, 32, 0, 0, 0, 0, 0, 19, 0, 0, 138, 0, 0, 322, 0, 0, 0, 0, 0, 0, 0, 0, 1, -1, 6, 0, 0, 0, 0, 6, 0, 0, 0, 45, 1, 0, 3, 0, 6, 1, 63, 16, 0, 4, 136, 0, 1, 1, 15, 0, 0, 2, 0, 0, 0, 1, 3, 69, 0, 0, 5, 1102, 0, 9, 401, 47, 23, 0, 0, 14, 1, 0, 0, 11, 0, 0, 67, 0, 0, 4, 0, 2, 23, 38, 0, 0, 0, 0, 0, 0, 54, 0, 1, 0, 0, -1, 0, 0, 0, 0, 13, 2, 126, 1, 0, 0, -1, 2, 0, 0, 0, 0, 0, 7, 0, 0, 0, 0, 0, 5, 264, 6, 0, 0, 3, 0, 164, 0, 0, 0, 30, 0, 0, 0, 0, 0, 0, 0, 0, 164, 0, 0, 26, 5, 8, 0, 0, 0, 0, 0, 0, 0, 0, 12, 1, 0, 0, 0, 0, 0, 0, 3, 0, 0, 0, 0, 0, 0, 3, 0, 0, 58, 8, 0, 0, 144, 22, 68, 7336, 7963, 325, 271, 323, 0, 37, 2197, 323, 0, 34, 0, 10, 135, 0, 11

Constants/Constantnames, Type/Binary, Type/Email, Type/Hexadecimal, Type/HttpHeader, Type/HttpStatus, Type/Md5String, Type/MimeType, Type/Pcre, Type/Ports, Type/SpecialIntegers, Type/CharString, Type/UnicodeBlock, Type/Url, Type/HexadecimalString, Type/OctalInString, Type/Sql, Type/Regex, Structures/Fallthrough, Php/SessionVariables, Php/IncomingVariables, Php/CookiesVariables, Php/DateFormats, Type/ArrayIndex, Type/GPCIndex, Type/Pack, Type/Printf, Classes/MagicProperties, Type/UdpDomains : dumped 0
Still 0 to be processed

Duration : 8015.73
Memory : 125829120
Memory peak : 130027520
dump closed on Sun, 15 Mar 2020 07:01:50 +0000
dump resuming on Sun, 15 Mar 2020 07:01:55 +0000
count analyzed : 710

counts 2876, 0, 804, 0, 7, 5, 0, 280, 0, 8, 677, 8523, 10, 17, 3, 0, 0, 23, 158, 2, 3, 4, 235, 0, 2, 0, 0, 0, 5, 290, 11273, 58, 1, 11, 2234, 797, 195, 21, 0, -1, -1, 0, -1, 0, 0, 0, 0, -1, 13, -1, -1, 0, 0, -1, 0, 0, 0, 17, 0, 0, 0, 0, 0, 0, -1, -1, 0, 0, 0, 0, 0, 0, -1, 0, -1, 0, -1, 0, 0, 12, 0, 0, 0, 0, 0, 0, 0, 0, 0, 0, 54, 0, 0, 0, 0, 0, 0, 0, 0, -1, 0, 0, 0, 0, 0, 0, 0, -1, 0, 0, 0, 0, 0, 0, 0, 0, 0, 0, 0, 0, 49, 5, 0, 0, -1, -1, -1, -1, 0, 0, 0, -1, -1, 0, -1, -1, -1, -1, 0, 0, -1, 0, -1, -1, 0, 0, 0, 0, 0, 0, 0, 0, 0, 0, 2, 4, -1, 0, 0, 0, -1, 0, 2, 1, 0, 0, 0, 0, 0, 0, 0, 1, 5, 0, 0, 0, 0, 4, 0, -1, 0, 0, 1, 0, 0, 0, -1, 0, 0, 0, 0, 0, 3, 0, -1, 0, 0, -1, 0, -1, 0, 0, 24, 136, 0, 0, 0, 0, 0, 18, 0, 2, 0, 188, 0, 0, 0, 0, 0, 2, 256, 0, 6, 0, 156, 1, 0, 0, -1, 0, 0, 0, 0, 1, 0, -1, 0, 0, 0, 3, 0, 35, 0, 0, 73, 0, 3, 0, 0, 2, 0, 0, 0, 0, 0, 44, 0, 0, 320, 0, 0, 0, 0, 17, 899, 0, 0, 36, 0, 0, 0, 1, 1220, 0, 0, 0, 0, 0, 0, 44, 0, 36, 0, 0, 15, 0, 0, 296, 31, 3, 43, 4394, 0, 7, 0, 12, 0, 0, 0, 0, 0, 0, 0, 2, 261, 20, 1, 272, 0, 1, 0, 26, 0, 81, 7, 0, 0, 0, 0, 0, 358, 0, 0, 0, 92, 30, 0, 0, 0, 32, 199, 12, 0, 0, 15, 0, 2175, 0, 0, 37, 5, 4, 69, 0, 0, 21, 0, 45, 3, 0, 0, 11, 0, 0, 4, 7, 0, 0, 1, 0, 0, 0, 0, 0, 0, 0, 0, 0, 10, 0, 31, 6, 4, 0, 1, 0, 187, 0, 0, 35, 0, 0, 21, 0, 0, 6, 6, 0, 0, 114, 1, 0, 35, 10, 0, 38, 67, 68, 6, 0, 0, 56, 0, 1, 4, 0, 0, 185, 73, 15, 0, 0, 0, 74, 1, 0, 0, 0, 36, 0, 91, 88, 0, 0, 0, 0, 0, 0, 0, 7, 0, 0, 20, 356, 0, 2, 0, 0, 12, 5, 0, 0, 0, 1, 1, 0, 4, 0, 1, 15, 0, 0, 0, 0, 0, 0, 26, 0, 1, 0, 0, 0, 5, 0, 0, 0, 0, 0, 1, 1, 0, 1, 35, 2, 0, 0, 39, 2, 1025, 0, 42, 32, 0, 0, 0, 0, 0, 19, 0, 0, 138, 0, 0, 322, 0, 0, 0, 0, 0, 0, 0, 0, 1, -1, 6, 0, 0, 0, 0, 6, 0, 0, 0, 45, 1, 0, 3, 0, 6, 1, 63, 16, 0, 4, 136, 0, 1, 1, 15, 0, 0, 2, 0, 0, 0, 1, 3, 69, 0, 0, 5, 1102, 0, 9, 401, 47, 23, 0, 0, 14, 1, 0, 0, 11, 0, 0, 67, 0, 0, 4, 0, 2, 23, 38, 0, 0, 0, 0, 0, 0, 54, 0, 1, 0, 0, -1, 0, 0, 0, 0, 13, 2, 126, 1, 0, 0, -1, 2, 0, 0, 0, 0, 0, 7, 0, 0, 0, 0, 0, 5, 264, 6, 0, 0, 3, 0, 164, 0, 0, 0, 30, 0, 0, 0, 0, 0, 0, 0, 0, 164, 0, 0, 26, 5, 8, 0, 0, 0, 0, 0, 0, 0, 0, 12, 1, 0, 0, 0, 0, 0, 0, 3, 0, 0, 0, 0, 0, 0, 3, 0, 0, 58, 8, 0, 0, 144, 22, 68, 7336, 7963, 325, 271, 323, 0, 37, 2197, 323, 0, 34, 0, 10, 135, 0, 11, 19, -1, 66, 1, 0, 0, 0, 15, 5, 0, 28, 1698, 0, 1, 3, 0, 17, 0, 0, 0, 394, 0, 0, 0, 0, 39, 0, 0, 0, 1, 0, 0, 1, 0, 2, 0

Structures/EvalUsage, Structures/ForWithFunctioncall, Structures/Noscream, Structures/WhileListEach, Structures/NoArrayUnique, Structures/EchoWithConcat, Performances/SlowFunctions, Performances/ArrayMergeInLoops, Structures/CouldUseShortAssignation, Performances/PrePostIncrement, Structures/NoSubstrOne, Structures/GlobalOutsideLoop, Performances/JoinFile, Structures/SimplePreg, Performances/MakeOneCall, Performances/NotCountNull, Classes/UseClassOperator, Performances/timeVsstrtotime, Arrays/GettingLastElement, Performances/AvoidArrayPush, Php/ShouldUseFunction, Performances/FetchOneRowFormat, Performances/NoGlob, Structures/NoAssignationInFunction, Php/ShouldUseArrayColumn, Performances/NoConcatInLoop, Php/UsePathinfoArgs, Performances/SimpleSwitch, Performances/SubstrFirst, Performances/PHP7EncapsedStrings, Arrays/SliceFirst, Performances/DoubleArrayFlip, Performances/RegexOnCollector, Performances/DoInBase, Performances/CacheVariableOutsideLoop, Performances/UseBlindVar, Functions/Closure2String, Performances/CsvInLoops, Performances/IssetWholeArray, Performances/ArrayKeyExistsSpeedup, Performances/Autoappend, Classes/MakeMagicConcrete, Performances/RegexOnArrays, Performances/Php74ArrayKeyExists, Performances/MbStringInLoop : dumped 0
Still 0 to be processed

Duration : 1346.29
Memory : 125829120
Memory peak : 130027520
dump closed on Sun, 15 Mar 2020 07:01:57 +0000
dump resuming on Sun, 15 Mar 2020 07:02:43 +0000
count analyzed : 1001

counts 2876, 0, 804, 0, 7, 5, 0, 280, 0, 8, 677, 8523, 10, 17, 3, 0, 0, 23, 158, 2, 3, 4, 235, 0, 2, 0, 0, 0, 5, 290, 11273, 58, 1, 11, 2234, 797, 195, 21, 0, -1, -1, 0, -1, 0, 0, 0, 0, -1, 13, -1, -1, 0, 0, -1, 0, 0, 0, 17, 0, 0, 0, 0, 0, 0, -1, -1, 0, 0, 0, 0, 0, 0, -1, 0, -1, 0, -1, 0, 0, 12, 0, 0, 0, 0, 0, 0, 0, 0, 0, 0, 54, 0, 0, 0, 0, 0, 0, 0, 0, -1, 0, 0, 0, 0, 0, 0, 0, -1, 0, 0, 0, 0, 0, 0, 0, 0, 0, 0, 0, 0, 49, 5, 0, 0, -1, -1, -1, -1, 0, 0, 0, -1, -1, 0, -1, -1, -1, -1, 0, 0, -1, 0, -1, -1, 0, 0, 0, 0, 0, 0, 0, 0, 0, 0, 2, 4, -1, 0, 0, 0, -1, 0, 2, 1, 0, 0, 0, 0, 0, 0, 0, 1, 5, 0, 0, 0, 0, 4, 0, -1, 0, 0, 1, 0, 0, 0, -1, 0, 0, 0, 0, 0, 3, 0, -1, 0, 0, -1, 0, -1, 0, 0, 24, 136, 0, 0, 0, 0, 0, 18, 0, 2, 0, 188, 0, 0, 0, 0, 0, 2, 256, 0, 6, 0, 156, 1, 0, 0, -1, 0, 0, 0, 0, 1, 0, -1, 0, 0, 0, 3, 0, 35, 0, 0, 73, 0, 3, 0, 0, 2, 0, 0, 0, 0, 0, 44, 0, 0, 320, 0, 0, 0, 0, 17, 899, 0, 0, 36, 0, 0, 0, 1, 1220, 0, 0, 0, 0, 0, 0, 44, 0, 36, 0, 0, 15, 0, 0, 296, 31, 3, 43, 4394, 0, 7, 0, 12, 0, 0, 0, 0, 0, 0, 0, 2, 261, 20, 1, 272, 0, 1, 0, 26, 0, 81, 7, 0, 0, 0, 0, 0, 358, 0, 0, 0, 92, 30, 0, 0, 0, 32, 199, 12, 0, 0, 15, 0, 2175, 0, 0, 37, 5, 4, 69, 0, 0, 21, 0, 45, 3, 0, 0, 11, 0, 0, 4, 7, 0, 0, 1, 0, 0, 0, 0, 0, 0, 0, 0, 0, 10, 0, 31, 6, 4, 0, 1, 0, 187, 0, 0, 35, 0, 0, 21, 0, 0, 6, 6, 0, 0, 114, 1, 0, 35, 10, 0, 38, 67, 68, 6, 0, 0, 56, 0, 1, 4, 0, 0, 185, 73, 15, 0, 0, 0, 74, 1, 0, 0, 0, 36, 0, 91, 88, 0, 0, 0, 0, 0, 0, 0, 7, 0, 0, 20, 356, 0, 2, 0, 0, 12, 5, 0, 0, 0, 1, 1, 0, 4, 0, 1, 15, 0, 0, 0, 0, 0, 0, 26, 0, 1, 0, 0, 0, 5, 0, 0, 0, 0, 0, 1, 1, 0, 1, 35, 2, 0, 0, 39, 2, 1025, 0, 42, 32, 0, 0, 0, 0, 0, 19, 0, 0, 138, 0, 0, 322, 0, 0, 0, 0, 0, 0, 0, 0, 1, -1, 6, 0, 0, 0, 0, 6, 0, 0, 0, 45, 1, 0, 3, 0, 6, 1, 63, 16, 0, 4, 136, 0, 1, 1, 15, 0, 0, 2, 0, 0, 0, 1, 3, 69, 0, 0, 5, 1102, 0, 9, 401, 47, 23, 0, 0, 14, 1, 0, 0, 11, 0, 0, 67, 0, 0, 4, 0, 2, 23, 38, 0, 0, 0, 0, 0, 0, 54, 0, 1, 0, 0, -1, 0, 0, 0, 0, 13, 2, 126, 1, 0, 0, -1, 2, 0, 0, 0, 0, 0, 7, 0, 0, 0, 0, 0, 5, 264, 6, 0, 0, 3, 0, 164, 0, 0, 0, 30, 0, 0, 0, 0, 0, 0, 0, 0, 164, 0, 0, 26, 5, 8, 0, 0, 0, 0, 0, 0, 0, 0, 12, 1, 0, 0, 0, 0, 0, 0, 3, 0, 0, 0, 0, 0, 0, 3, 0, 0, 58, 8, 0, 0, 144, 22, 68, 7336, 7963, 325, 271, 323, 0, 37, 2197, 323, 0, 34, 0, 10, 135, 0, 11, 19, -1, 66, 1, 0, 0, 0, 15, 5, 0, 28, 1698, 0, 1, 3, 0, 17, 0, 0, 0, 394, 0, 0, 0, 0, 39, 0, 0, 0, 1, 0, 0, 1, 0, 2, 0, 2546, 41, 803, 49, 0, 187, 0, 60, 58, 16, 2, 0, 21, 1, 0, 0, 0, 68, 4, 31, -1, 0, 0, 0, 0, 1, 74, 3, 7, 2, 0, 0, 158, 0, 18, 27, 0, 0, 0, 0, 0, 0, 0, 0, 3, 0, 7, 0, 6, 325, 0, 0, 11, 1, 0, 0, 0, 0, 398, 0, 64, 5, 0, 0, 0, 0, 0, 6, 0, 0, 0, 0, 0, 0, 0, 0, 0, 0, 0, 0, 0, 0, 0, 0, 0, 0, 0, 0, 16, 0, 0, 23, 0, 0, 0, 0, 1, 0, 5, 0, 6, 0, 179, 0, 11, 0, 0, 0, 0, 0, 0, 298, 0, 0, 0, 0, 0, 3, 0, 133, 0, 0, 0, 0, 266, 0, 7, 0, 0, 0, 3, 36, 0, 0, 0, 10, 0, 0, 29, 0, 0, 131, 0, 0, 0, 0, 0, 0, 0, 12, 0, 0, 0, 0, 0, 21, 0, 0, 0, 339, 0, 0, 0, 0, 0, 0, 0, 0, 0, 0, 2, 0, 34, 153, 0, 10, 21, 0, 0, 0, 0, 0, 0, 0, 0, 14, 0, 0, 0, 0, 0, 0, 0, 0, 0, 0, 0, 40, 4, 0, 0, 0, 0, 0, 5, 0, 0, 0, 0, 0, 1, 1, 0, 0, 0, 0, 0, 0, 0, 0, 0, 0, 0, 0, 0, 0, 0, 0, 0, 76, 0, 34, 0, 0, 0, 0, 0, 0, 0, 0, 335, 0, 0, 0, 0, 0, 0, 0, 0, 0, 0, 0, 0, 0, 0, 0, 0, 0, 0, 0, 0, 0, 0, 0, 0, 0, 0, 0, 0, 0, 0, 0, 0, 0, 0, 0, 0, 0, 0, 0, 0, 0, 0, 0, 0, 0, 0, 0, 1, 84, 3717

Php/Incompilable : 0

Composer/UseComposer : 0

Composer/UseComposerLock : 0

Composer/Autoload : 0

Arrays/Arrayindex, Arrays/Multidimensional, Arrays/Phparrayindex, Classes/Classnames, Classes/ConstantDefinition, Classes/MagicMethod, Classes/OldStyleConstructor, Classes/StaticMethods, Classes/StaticProperties, Constants/ConstantUsage, Constants/MagicConstantUsage, Constants/PhpConstantUsage, Exceptions/DefinedExceptions, Exceptions/ThrownExceptions, Extensions/Extapc, Extensions/Extbcmath, Extensions/Extbzip2, Extensions/Extcalendar, Extensions/Extcrypto, Extensions/Extctype, Extensions/Extcurl, Extensions/Extdate, Extensions/Extdba, Extensions/Extdom, Extensions/Extenchant, Extensions/Extereg, Extensions/Extexif, Extensions/Extfdf, Extensions/Extfileinfo, Extensions/Extfilter, Extensions/Extftp, Extensions/Extgd, Extensions/Extgmp, Extensions/Extgnupg, Extensions/Exthash, Extensions/Exticonv, Extensions/Extjson, Extensions/Extkdm5, Extensions/Extldap, Extensions/Extlibxml, Extensions/Extmbstring, Extensions/Extmcrypt, Extensions/Extmongo, Extensions/Extmssql, Extensions/Extmysql, Extensions/Extmysqli, Extensions/Extodbc, Extensions/Extopenssl, Extensions/Extpcre, Extensions/Extpdo, Extensions/Extpgsql, Extensions/Extphar, Extensions/Extposix, Extensions/Extreadline, Extensions/Extreflection, Extensions/Extsem, Extensions/Extsession, Extensions/Extshmop, Extensions/Extsimplexml, Extensions/Extsnmp, Extensions/Extsoap, Extensions/Extsockets, Extensions/Extspl, Extensions/Extsqlite, Extensions/Extsqlite3, Extensions/Extssh2, Extensions/Extstandard, Extensions/Exttidy, Extensions/Exttokenizer, Extensions/Extwddx, Extensions/Extxdebug, Extensions/Extxmlreader, Extensions/Extxmlrpc, Extensions/Extxmlwriter, Extensions/Extxsl, Extensions/Extyaml, Extensions/Extzip, Extensions/Extzlib, Functions/Closures, Functions/Functionnames, Functions/Recursive, Functions/RedeclaredPhpFunction, Functions/Typehints, Interfaces/Interfacenames, Namespaces/Alias, Namespaces/Namespacesnames, Php/AutoloadUsage, Php/Gotonames, Php/Haltcompiler, Php/Labelnames, Php/ThrowUsage, Php/TriggerErrorUsage, Php/TryCatchUsage, Structures/EvalUsage, Structures/ExitUsage, Structures/Noscream, Structures/OnceUsage, Structures/ShortTags, Type/Binary, Type/Email, Type/Heredoc, Type/Hexadecimal, Type/Md5String, Type/Nowdoc, Type/Octal, Type/Url, Variables/References, Variables/StaticVariables, Variables/VariableLong, Variables/VariableVariables, Classes/Abstractclass, Classes/Abstractmethods, Classes/CloningUsage, Constants/VariableConstant, Traits/Php, Traits/TraitUsage, Traits/Traitnames, Php/AlternativeSyntax, Arrays/ArrayNSUsage, Structures/IncludeUsage, Extensions/Extfile, Extensions/Extarray, Extensions/Extffmpeg, Extensions/Extinfo, Extensions/Extmath, Php/RawPostDataUsage, Extensions/Extyis, Php/AssertionUsage, Php/CastingUsage, Structures/FunctionSubscripting, Structures/NestedLoops, Php/EchoTagUsage, Extensions/Extpcntl, Extensions/Extming, Extensions/Extredis, Extensions/Extcyrus, Extensions/Extsqlsrv, Php/EllipsisUsage, Extensions/Extzmq, Extensions/Extmemcache, Extensions/Extmemcached, Functions/Dynamiccall, Functions/VariableArguments, Structures/MultipleCatch, Classes/VariableClasses, Functions/ConditionedFunctions, Constants/ConditionedConstants, Functions/IsGenerator, Structures/TryFinally, Structures/DereferencingAS, Structures/ConstantScalarExpression, Extensions/Extimagick, Extensions/Extoci8, Extensions/Extimap, Classes/OverwrittenConst, Classes/DynamicConstantCall, Classes/DynamicMethodCall, Classes/DynamicNew, Classes/DynamicPropertyCall, Classes/DynamicClass, Classes/MultipleClassesInFile, Structures/FileUploadUsage, Extensions/Extintl, Extensions/Extcairo, Structures/DynamicCode, Extensions/Extpspell, Structures/NoDirectAccess, Extensions/Extopcache, Extensions/Extexpect, Extensions/Extrecode, Extensions/Extparsekit, Extensions/Extrunkit, Extensions/Extgettext, Php/SuperGlobalUsage, Structures/GlobalUsage, Namespaces/NamespaceUsage, Functions/DeepDefinitions, Files/NotDefinitionsOnly, Classes/ClassAliasUsage, Extensions/Extapache, Extensions/Exteaccelerator, Extensions/Extfpm, Extensions/Extiis, Extensions/Extxcache, Extensions/Extwincache, Structures/ResourcesUsage, Structures/ShellUsage, Structures/FileUsage, Structures/MailUsage, Structures/DynamicCalls, Classes/TestClass, Functions/MarkCallable, Extensions/Extdio, Extensions/Extphalcon, Composer/IsComposerNsname, Extensions/Extapcu, Extensions/Exttrader, Extensions/Extmailparse, Extensions/Extmail, Php/ScalarTypehintUsage, Php/ReturnTypehintUsage, Extensions/Extob, Extensions/Extgeoip, Extensions/Extevent, Extensions/Extamqp, Extensions/Extgearman, Extensions/Extcom, Extensions/Extgmagick, Extensions/Extibase, Extensions/Extinotify, Extensions/Extproctitle, Extensions/Extwikidiff2, Extensions/Extxdiff, Extensions/Extlibevent, Extensions/Extev, Extensions/Extast, Extensions/Extxml, Extensions/Extxhprof, Structures/ElseUsage, Classes/Anonymous, Php/Coalesce, Php/DirectivesUsage, Structures/GlobalInGlobal, Extensions/Extfann, Php/UseWeb, Php/UseCli, Structures/ErrorMessages, Php/Php7RelaxedKeyword, Extensions/Exthttp, Php/UsesEnv, Classes/RedefinedMethods, Files/IsCliScript, Php/MiddleVersion, Extensions/Exttokyotyrant, Extensions/Extv8js, Php/YieldUsage, Php/YieldFromUsage, Php/PearUsage, Extensions/Extlua, Php/ListWithKeys, Extensions/Extsuhosin, Security/CantDisableFunction, Functions/FunctionsUsingReference, Php/ListShortSyntax, Php/UseNullableType, Exceptions/MultipleCatch, Extensions/Extrar, Extensions/Extnsapi, Extensions/Extnewt, Extensions/Extncurses, Extensions/Extstring, Extensions/Extmhash, Extensions/Extzbarcode, Extensions/Extmongodb, Php/ErrorLogUsage, Type/Sql, Extensions/Extlibsodium, Extensions/Extds, Php/UseCookies, Php/GroupUseDeclaration, Extensions/Extsphinx, Php/TryMultipleCatch, Extensions/Extgrpc, Php/UseBrowscap, Structures/UseDebug, Psr/Psr16Usage, Psr/Psr7Usage, Psr/Psr6Usage, Psr/Psr3Usage, Psr/Psr11Usage, Psr/Psr13Usage, Extensions/Extstats, Patterns/DependencyInjection, Patterns/CourrierAntiPattern, Extensions/Extgender, Extensions/Extjudy, Vendors/Yii, Vendors/Codeigniter, Vendors/Laravel, Vendors/Symfony, Vendors/Wordpress, Vendors/Ez, Vendors/Joomla, Structures/NonBreakableSpaceInNames, Functions/MultipleDeclarations, Extensions/Extswoole, Php/IsNAN, Php/IsINF, Structures/ConstDefineFavorite, Php/DeclareStrict, Php/DeclareStrictType, Php/DeclareEncoding, Php/DeclareTicks, Extensions/Extlapack, Extensions/Extxattr, Extensions/Extrdkafka, Extensions/Extfam, Extensions/Extparle, Type/Regex, Structures/ComplexExpression, Vendors/Drupal, Vendors/Phalcon, Vendors/Fuel, Php/Argon2Usage, Php/CryptoUsage, Type/ArrayIndex, Type/GPCIndex, Extensions/Extvips, Php/DlUsage, Variables/UncommonEnvVar, Extensions/Extigbinary, Functions/FallbackFunction, Extensions/Exthrtime, Extensions/Extxxtea, Extensions/Extuopz, Extensions/Extvarnish, Extensions/Extopencensus, Extensions/Extleveldb, Extensions/Extdb2, Extensions/Extzookeeper, Extensions/Extcmark, Extensions/Exteio, Extensions/Extcsprng, Extensions/Extlzf, Extensions/Extmsgpack, Constants/CaseInsensitiveConstants, Arrays/WithCallback, Php/TrailingComma, Security/CantDisableClass, Extensions/Extseaslog, Type/Pack, Type/Printf, Extensions/Extdecimal, Extensions/Extpsr, Extensions/Extsdl, Extensions/Extasync, Extensions/Extwasm, Type/Path, Php/TypedPropertyUsage, Extensions/Extweakref, Extensions/Extpcov, Constants/DynamicCreation, Patterns/Factory, Php/OveriddenFunction, Extensions/Extsvm, Extensions/Extffi, Extensions/Extpassword, Extensions/Extzendmonitor, Extensions/Extuuid, Php/IntegerSeparatorUsage, Php/UseCovariance, Php/UseContravariance, Functions/UseArrowFunctions, Php/SpreadOperatorForArray, Php/NestedTernaryWithoutParenthesis, Vendors/Typo3, Vendors/Concrete5, Classes/ImmutableSignature, Type/Shellcommands : dumped 0
Still 0 to be processed

Duration : 7413.88
Memory : 148897792
Memory peak : 150994944
dump closed on Sun, 15 Mar 2020 07:02:51 +0000
dump resuming on Sun, 15 Mar 2020 07:02:51 +0000
count analyzed : 1002

counts 2876, 0, 804, 0, 7, 5, 0, 280, 0, 8, 677, 8523, 10, 17, 3, 0, 0, 23, 158, 2, 3, 4, 235, 0, 2, 0, 0, 0, 5, 290, 11273, 58, 1, 11, 2234, 797, 195, 21, 0, -1, -1, 0, -1, 0, 0, 0, 0, -1, 13, -1, -1, 0, 0, -1, 0, 0, 0, 17, 0, 0, 0, 0, 0, 0, -1, -1, 0, 0, 0, 0, 0, 0, -1, 0, -1, 0, -1, 0, 0, 12, 0, 0, 0, 0, 0, 0, 0, 0, 0, 0, 54, 0, 0, 0, 0, 0, 0, 0, 0, -1, 0, 0, 0, 0, 0, 0, 0, -1, 0, 0, 0, 0, 0, 0, 0, 0, 0, 0, 0, 0, 49, 5, 0, 0, -1, -1, -1, -1, 0, 0, 0, -1, -1, 0, -1, -1, -1, -1, 0, 0, -1, 0, -1, -1, 0, 0, 0, 0, 0, 0, 0, 0, 0, 0, 2, 4, -1, 0, 0, 0, -1, 0, 2, 1, 0, 0, 0, 0, 0, 0, 0, 1, 5, 0, 0, 0, 0, 4, 0, -1, 0, 0, 1, 0, 0, 0, -1, 0, 0, 0, 0, 0, 3, 0, -1, 0, 0, -1, 0, -1, 0, 0, 24, 136, 0, 0, 0, 0, 0, 18, 0, 2, 0, 188, 0, 0, 0, 0, 0, 2, 256, 0, 6, 0, 156, 1, 0, 0, -1, 0, 0, 0, 0, 1, 0, -1, 0, 0, 0, 3, 0, 35, 0, 0, 73, 0, 3, 0, 0, 2, 0, 0, 0, 0, 0, 44, 0, 0, 320, 0, 0, 0, 0, 17, 899, 0, 0, 36, 0, 0, 0, 1, 1220, 0, 0, 0, 0, 0, 0, 44, 0, 36, 0, 0, 15, 0, 0, 296, 31, 3, 43, 4394, 0, 7, 0, 12, 0, 0, 0, 0, 0, 0, 0, 2, 261, 20, 1, 272, 0, 1, 0, 26, 0, 81, 7, 0, 0, 0, 0, 0, 358, 0, 0, 0, 92, 30, 0, 0, 0, 32, 199, 12, 0, 0, 15, 0, 2175, 0, 0, 37, 5, 4, 69, 0, 0, 21, 0, 45, 3, 0, 0, 11, 0, 0, 4, 7, 0, 0, 1, 0, 0, 0, 0, 0, 0, 0, 0, 0, 10, 0, 31, 6, 4, 0, 1, 0, 187, 0, 0, 35, 0, 0, 21, 0, 0, 6, 6, 0, 0, 114, 1, 0, 35, 10, 0, 38, 67, 68, 6, 0, 0, 56, 0, 1, 4, 0, 0, 185, 73, 15, 0, 0, 0, 74, 1, 0, 0, 0, 36, 0, 91, 88, 0, 0, 0, 0, 0, 0, 0, 7, 0, 0, 20, 356, 0, 2, 0, 0, 12, 5, 0, 0, 0, 1, 1, 0, 4, 0, 1, 15, 0, 0, 0, 0, 0, 0, 26, 0, 1, 0, 0, 0, 5, 0, 0, 0, 0, 0, 1, 1, 0, 1, 35, 2, 0, 0, 39, 2, 1025, 0, 42, 32, 0, 0, 0, 0, 0, 19, 0, 0, 138, 0, 0, 322, 0, 0, 0, 0, 0, 0, 0, 0, 1, -1, 6, 0, 0, 0, 0, 6, 0, 0, 0, 45, 1, 0, 3, 0, 6, 1, 63, 16, 0, 4, 136, 0, 1, 1, 15, 0, 0, 2, 0, 0, 0, 1, 3, 69, 0, 0, 5, 1102, 0, 9, 401, 47, 23, 0, 0, 14, 1, 0, 0, 11, 0, 0, 67, 0, 0, 4, 0, 2, 23, 38, 0, 0, 0, 0, 0, 0, 54, 0, 1, 0, 0, -1, 0, 0, 0, 0, 13, 2, 126, 1, 0, 0, -1, 2, 0, 0, 0, 0, 0, 7, 0, 0, 0, 0, 0, 5, 264, 6, 0, 0, 3, 0, 164, 0, 0, 0, 30, 0, 0, 0, 0, 0, 0, 0, 0, 164, 0, 0, 26, 5, 8, 0, 0, 0, 0, 0, 0, 0, 0, 12, 1, 0, 0, 0, 0, 0, 0, 3, 0, 0, 0, 0, 0, 0, 3, 0, 0, 58, 8, 0, 0, 144, 22, 68, 7336, 7963, 325, 271, 323, 0, 37, 2197, 323, 0, 34, 0, 10, 135, 0, 11, 19, -1, 66, 1, 0, 0, 0, 15, 5, 0, 28, 1698, 0, 1, 3, 0, 17, 0, 0, 0, 394, 0, 0, 0, 0, 39, 0, 0, 0, 1, 0, 0, 1, 0, 2, 0, 2546, 41, 803, 49, 0, 187, 0, 60, 58, 16, 2, 0, 21, 1, 0, 0, 0, 68, 4, 31, -1, 0, 0, 0, 0, 1, 74, 3, 7, 2, 0, 0, 158, 0, 18, 27, 0, 0, 0, 0, 0, 0, 0, 0, 3, 0, 7, 0, 6, 325, 0, 0, 11, 1, 0, 0, 0, 0, 398, 0, 64, 5, 0, 0, 0, 0, 0, 6, 0, 0, 0, 0, 0, 0, 0, 0, 0, 0, 0, 0, 0, 0, 0, 0, 0, 0, 0, 0, 16, 0, 0, 23, 0, 0, 0, 0, 1, 0, 5, 0, 6, 0, 179, 0, 11, 0, 0, 0, 0, 0, 0, 298, 0, 0, 0, 0, 0, 3, 0, 133, 0, 0, 0, 0, 266, 0, 7, 0, 0, 0, 3, 36, 0, 0, 0, 10, 0, 0, 29, 0, 0, 131, 0, 0, 0, 0, 0, 0, 0, 12, 0, 0, 0, 0, 0, 21, 0, 0, 0, 339, 0, 0, 0, 0, 0, 0, 0, 0, 0, 0, 2, 0, 34, 153, 0, 10, 21, 0, 0, 0, 0, 0, 0, 0, 0, 14, 0, 0, 0, 0, 0, 0, 0, 0, 0, 0, 0, 40, 4, 0, 0, 0, 0, 0, 5, 0, 0, 0, 0, 0, 1, 1, 0, 0, 0, 0, 0, 0, 0, 0, 0, 0, 0, 0, 0, 0, 0, 0, 0, 76, 0, 34, 0, 0, 0, 0, 0, 0, 0, 0, 335, 0, 0, 0, 0, 0, 0, 0, 0, 0, 0, 0, 0, 0, 0, 0, 0, 0, 0, 0, 0, 0, 0, 0, 0, 0, 0, 0, 0, 0, 0, 0, 0, 0, 0, 0, 0, 0, 0, 0, 0, 0, 0, 0, 0, 0, 0, 0, 1, 84, 3717, 383

Classes/Abstractclass, Classes/Abstractmethods, Structures/ElseUsage, Php/Coalesce, Extensions/Exthttp, Variables/RealVariables, Functions/RealFunctions, Classes/NormalMethods, Php/UsesEnv, Php/MiddleVersion, Php/YieldUsage, Php/YieldFromUsage, Php/PearUsage, Php/ListWithKeys, Security/CantDisableFunction, Functions/FunctionsUsingReference, Extensions/Extstring, Extensions/Extmhash, Extensions/Extlibsodium, Php/UseCookies, Patterns/CourrierAntiPattern, Vendors/Yii, Vendors/Laravel, Vendors/Joomla, Structures/NonBreakableSpaceInNames, Extensions/Extparle, Type/Regex, Vendors/Fuel, Php/Argon2Usage, Php/CryptoUsage, Type/GPCIndex, Extensions/Extvips, Extensions/Extigbinary, Extensions/Extsvm, Extensions/Extffi, Extensions/Extpassword : dumped 0
Still 0 to be processed

Duration : 6832.51
Memory : 148897792
Memory peak : 155189248
dump closed on Sun, 15 Mar 2020 07:02:58 +0000
dump resuming on Sun, 15 Mar 2020 07:03:03 +0000
count analyzed : 1027

counts 2876, 0, 804, 0, 7, 5, 0, 280, 0, 8, 677, 8523, 10, 17, 3, 0, 0, 23, 158, 2, 3, 4, 235, 0, 2, 0, 0, 0, 5, 290, 11273, 58, 1, 11, 2234, 797, 195, 21, 0, -1, -1, 0, -1, 0, 0, 0, 0, -1, 13, -1, -1, 0, 0, -1, 0, 0, 0, 17, 0, 0, 0, 0, 0, 0, -1, -1, 0, 0, 0, 0, 0, 0, -1, 0, -1, 0, -1, 0, 0, 12, 0, 0, 0, 0, 0, 0, 0, 0, 0, 0, 54, 0, 0, 0, 0, 0, 0, 0, 0, -1, 0, 0, 0, 0, 0, 0, 0, -1, 0, 0, 0, 0, 0, 0, 0, 0, 0, 0, 0, 0, 49, 5, 0, 0, -1, -1, -1, -1, 0, 0, 0, -1, -1, 0, -1, -1, -1, -1, 0, 0, -1, 0, -1, -1, 0, 0, 0, 0, 0, 0, 0, 0, 0, 0, 2, 4, -1, 0, 0, 0, -1, 0, 2, 1, 0, 0, 0, 0, 0, 0, 0, 1, 5, 0, 0, 0, 0, 4, 0, -1, 0, 0, 1, 0, 0, 0, -1, 0, 0, 0, 0, 0, 3, 0, -1, 0, 0, -1, 0, -1, 0, 0, 24, 136, 0, 0, 0, 0, 0, 18, 0, 2, 0, 188, 0, 0, 0, 0, 0, 2, 256, 0, 6, 0, 156, 1, 0, 0, -1, 0, 0, 0, 0, 1, 0, -1, 0, 0, 0, 3, 0, 35, 0, 0, 73, 0, 3, 0, 0, 2, 0, 0, 0, 0, 0, 44, 0, 0, 320, 0, 0, 0, 0, 17, 899, 0, 0, 36, 0, 0, 0, 1, 1220, 0, 0, 0, 0, 0, 0, 44, 0, 36, 0, 0, 15, 0, 0, 296, 31, 3, 43, 4394, 0, 7, 0, 12, 0, 0, 0, 0, 0, 0, 0, 2, 261, 20, 1, 272, 0, 1, 0, 26, 0, 81, 7, 0, 0, 0, 0, 0, 358, 0, 0, 0, 92, 30, 0, 0, 0, 32, 199, 12, 0, 0, 15, 0, 2175, 0, 0, 37, 5, 4, 69, 0, 0, 21, 0, 45, 3, 0, 0, 11, 0, 0, 4, 7, 0, 0, 1, 0, 0, 0, 0, 0, 0, 0, 0, 0, 10, 0, 31, 6, 4, 0, 1, 0, 187, 0, 0, 35, 0, 0, 21, 0, 0, 6, 6, 0, 0, 114, 1, 0, 35, 10, 0, 38, 67, 68, 6, 0, 0, 56, 0, 1, 4, 0, 0, 185, 73, 15, 0, 0, 0, 74, 1, 0, 0, 0, 36, 0, 91, 88, 0, 0, 0, 0, 0, 0, 0, 7, 0, 0, 20, 356, 0, 2, 0, 0, 12, 5, 0, 0, 0, 1, 1, 0, 4, 0, 1, 15, 0, 0, 0, 0, 0, 0, 26, 0, 1, 0, 0, 0, 5, 0, 0, 0, 0, 0, 1, 1, 0, 1, 35, 2, 0, 0, 39, 2, 1025, 0, 42, 32, 0, 0, 0, 0, 0, 19, 0, 0, 138, 0, 0, 322, 0, 0, 0, 0, 0, 0, 0, 0, 1, -1, 6, 0, 0, 0, 0, 6, 0, 0, 0, 45, 1, 0, 3, 0, 6, 1, 63, 16, 0, 4, 136, 0, 1, 1, 15, 0, 0, 2, 0, 0, 0, 1, 3, 69, 0, 0, 5, 1102, 0, 9, 401, 47, 23, 0, 0, 14, 1, 0, 0, 11, 0, 0, 67, 0, 0, 4, 0, 2, 23, 38, 0, 0, 0, 0, 0, 0, 54, 0, 1, 0, 0, -1, 0, 0, 0, 0, 13, 2, 126, 1, 0, 0, -1, 2, 0, 0, 0, 0, 0, 7, 0, 0, 0, 0, 0, 5, 264, 6, 0, 0, 3, 0, 164, 0, 0, 0, 30, 0, 0, 0, 0, 0, 0, 0, 0, 164, 0, 0, 26, 5, 8, 0, 0, 0, 0, 0, 0, 0, 0, 12, 1, 0, 0, 0, 0, 0, 0, 3, 0, 0, 0, 0, 0, 0, 3, 0, 0, 58, 8, 0, 0, 144, 22, 68, 7336, 7963, 325, 271, 323, 0, 37, 2197, 323, 0, 34, 0, 10, 135, 0, 11, 19, -1, 66, 1, 0, 0, 0, 15, 5, 0, 28, 1698, 0, 1, 3, 0, 17, 0, 0, 0, 394, 0, 0, 0, 0, 39, 0, 0, 0, 1, 0, 0, 1, 0, 2, 0, 2546, 41, 803, 49, 0, 187, 0, 60, 58, 16, 2, 0, 21, 1, 0, 0, 0, 68, 4, 31, -1, 0, 0, 0, 0, 1, 74, 3, 7, 2, 0, 0, 158, 0, 18, 27, 0, 0, 0, 0, 0, 0, 0, 0, 3, 0, 7, 0, 6, 325, 0, 0, 11, 1, 0, 0, 0, 0, 398, 0, 64, 5, 0, 0, 0, 0, 0, 6, 0, 0, 0, 0, 0, 0, 0, 0, 0, 0, 0, 0, 0, 0, 0, 0, 0, 0, 0, 0, 16, 0, 0, 23, 0, 0, 0, 0, 1, 0, 5, 0, 6, 0, 179, 0, 11, 0, 0, 0, 0, 0, 0, 298, 0, 0, 0, 0, 0, 3, 0, 133, 0, 0, 0, 0, 266, 0, 7, 0, 0, 0, 3, 36, 0, 0, 0, 10, 0, 0, 29, 0, 0, 131, 0, 0, 0, 0, 0, 0, 0, 12, 0, 0, 0, 0, 0, 21, 0, 0, 0, 339, 0, 0, 0, 0, 0, 0, 0, 0, 0, 0, 2, 0, 34, 153, 0, 10, 21, 0, 0, 0, 0, 0, 0, 0, 0, 14, 0, 0, 0, 0, 0, 0, 0, 0, 0, 0, 0, 40, 4, 0, 0, 0, 0, 0, 5, 0, 0, 0, 0, 0, 1, 1, 0, 0, 0, 0, 0, 0, 0, 0, 0, 0, 0, 0, 0, 0, 0, 0, 0, 76, 0, 34, 0, 0, 0, 0, 0, 0, 0, 0, 335, 0, 0, 0, 0, 0, 0, 0, 0, 0, 0, 0, 0, 0, 0, 0, 0, 0, 0, 0, 0, 0, 0, 0, 0, 0, 0, 0, 0, 0, 0, 0, 0, 0, 0, 0, 0, 0, 0, 0, 0, 0, 0, 0, 0, 0, 0, 0, 1, 84, 3717, 383, 46, 510, 198, 0, 0, 0, 0, 2, 0, 0, 0, 75, 27, 3, 0, 13, 26, 9, 2, 25, 0, 9, 0, 108, 0

Namespaces/UnusedUse, Classes/UnusedPrivateProperty, Classes/UnusedPrivateMethod, Functions/UnusedFunctions, Constants/UnusedConstants, Structures/UnreachableCode, Structures/EmptyLines, Classes/UnusedMethods, Classes/UnusedClass, Classes/LocallyUnusedProperty, Classes/UnresolvedInstanceof, Exceptions/Unthrown, Structures/UnusedLabel, Interfaces/UnusedInterfaces, Classes/UnresolvedCatch, Structures/UnsetInForeach, Namespaces/EmptyNamespace, Classes/CantExtendFinal, Exceptions/AlreadyCaught, Exceptions/CaughtButNotThrown, Classes/UnusedProtectedMethods, Functions/UnusedReturnedValue, Exceptions/Rethrown, Functions/UnusedInheritedVariable, Traits/SelfUsingTrait, Functions/UselessTypeCheck : dumped 0
Still 0 to be processed

Duration : 744.84
Memory : 150994944
Memory peak : 155189248
dump closed on Sun, 15 Mar 2020 07:03:03 +0000
dump resuming on Sun, 15 Mar 2020 07:03:11 +0000
count analyzed : 1061

counts 2876, 0, 804, 0, 7, 5, 0, 280, 0, 8, 677, 8523, 10, 17, 3, 0, 0, 23, 158, 2, 3, 4, 235, 0, 2, 0, 0, 0, 5, 290, 11273, 58, 1, 11, 2234, 797, 195, 21, 0, -1, -1, 0, -1, 0, 0, 0, 0, -1, 13, -1, -1, 0, 0, -1, 0, 0, 0, 17, 0, 0, 0, 0, 0, 0, -1, -1, 0, 0, 0, 0, 0, 0, -1, 0, -1, 0, -1, 0, 0, 12, 0, 0, 0, 0, 0, 0, 0, 0, 0, 0, 54, 0, 0, 0, 0, 0, 0, 0, 0, -1, 0, 0, 0, 0, 0, 0, 0, -1, 0, 0, 0, 0, 0, 0, 0, 0, 0, 0, 0, 0, 49, 5, 0, 0, -1, -1, -1, -1, 0, 0, 0, -1, -1, 0, -1, -1, -1, -1, 0, 0, -1, 0, -1, -1, 0, 0, 0, 0, 0, 0, 0, 0, 0, 0, 2, 4, -1, 0, 0, 0, -1, 0, 2, 1, 0, 0, 0, 0, 0, 0, 0, 1, 5, 0, 0, 0, 0, 4, 0, -1, 0, 0, 1, 0, 0, 0, -1, 0, 0, 0, 0, 0, 3, 0, -1, 0, 0, -1, 0, -1, 0, 0, 24, 136, 0, 0, 0, 0, 0, 18, 0, 2, 0, 188, 0, 0, 0, 0, 0, 2, 256, 0, 6, 0, 156, 1, 0, 0, -1, 0, 0, 0, 0, 1, 0, -1, 0, 0, 0, 3, 0, 35, 0, 0, 73, 0, 3, 0, 0, 2, 0, 0, 0, 0, 0, 44, 0, 0, 320, 0, 0, 0, 0, 17, 899, 0, 0, 36, 0, 0, 0, 1, 1220, 0, 0, 0, 0, 0, 0, 44, 0, 36, 0, 0, 15, 0, 0, 296, 31, 3, 43, 4394, 0, 7, 0, 12, 0, 0, 0, 0, 0, 0, 0, 2, 261, 20, 1, 272, 0, 1, 0, 26, 0, 81, 7, 0, 0, 0, 0, 0, 358, 0, 0, 0, 92, 30, 0, 0, 0, 32, 199, 12, 0, 0, 15, 0, 2175, 0, 0, 37, 5, 4, 69, 0, 0, 21, 0, 45, 3, 0, 0, 11, 0, 0, 4, 7, 0, 0, 1, 0, 0, 0, 0, 0, 0, 0, 0, 0, 10, 0, 31, 6, 4, 0, 1, 0, 187, 0, 0, 35, 0, 0, 21, 0, 0, 6, 6, 0, 0, 114, 1, 0, 35, 10, 0, 38, 67, 68, 6, 0, 0, 56, 0, 1, 4, 0, 0, 185, 73, 15, 0, 0, 0, 74, 1, 0, 0, 0, 36, 0, 91, 88, 0, 0, 0, 0, 0, 0, 0, 7, 0, 0, 20, 356, 0, 2, 0, 0, 12, 5, 0, 0, 0, 1, 1, 0, 4, 0, 1, 15, 0, 0, 0, 0, 0, 0, 26, 0, 1, 0, 0, 0, 5, 0, 0, 0, 0, 0, 1, 1, 0, 1, 35, 2, 0, 0, 39, 2, 1025, 0, 42, 32, 0, 0, 0, 0, 0, 19, 0, 0, 138, 0, 0, 322, 0, 0, 0, 0, 0, 0, 0, 0, 1, -1, 6, 0, 0, 0, 0, 6, 0, 0, 0, 45, 1, 0, 3, 0, 6, 1, 63, 16, 0, 4, 136, 0, 1, 1, 15, 0, 0, 2, 0, 0, 0, 1, 3, 69, 0, 0, 5, 1102, 0, 9, 401, 47, 23, 0, 0, 14, 1, 0, 0, 11, 0, 0, 67, 0, 0, 4, 0, 2, 23, 38, 0, 0, 0, 0, 0, 0, 54, 0, 1, 0, 0, -1, 0, 0, 0, 0, 13, 2, 126, 1, 0, 0, -1, 2, 0, 0, 0, 0, 0, 7, 0, 0, 0, 0, 0, 5, 264, 6, 0, 0, 3, 0, 164, 0, 0, 0, 30, 0, 0, 0, 0, 0, 0, 0, 0, 164, 0, 0, 26, 5, 8, 0, 0, 0, 0, 0, 0, 0, 0, 12, 1, 0, 0, 0, 0, 0, 0, 3, 0, 0, 0, 0, 0, 0, 3, 0, 0, 58, 8, 0, 0, 144, 22, 68, 7336, 7963, 325, 271, 323, 0, 37, 2197, 323, 0, 34, 0, 10, 135, 0, 11, 19, -1, 66, 1, 0, 0, 0, 15, 5, 0, 28, 1698, 0, 1, 3, 0, 17, 0, 0, 0, 394, 0, 0, 0, 0, 39, 0, 0, 0, 1, 0, 0, 1, 0, 2, 0, 2546, 41, 803, 49, 0, 187, 0, 60, 58, 16, 2, 0, 21, 1, 0, 0, 0, 68, 4, 31, -1, 0, 0, 0, 0, 1, 74, 3, 7, 2, 0, 0, 158, 0, 18, 27, 0, 0, 0, 0, 0, 0, 0, 0, 3, 0, 7, 0, 6, 325, 0, 0, 11, 1, 0, 0, 0, 0, 398, 0, 64, 5, 0, 0, 0, 0, 0, 6, 0, 0, 0, 0, 0, 0, 0, 0, 0, 0, 0, 0, 0, 0, 0, 0, 0, 0, 0, 0, 16, 0, 0, 23, 0, 0, 0, 0, 1, 0, 5, 0, 6, 0, 179, 0, 11, 0, 0, 0, 0, 0, 0, 298, 0, 0, 0, 0, 0, 3, 0, 133, 0, 0, 0, 0, 266, 0, 7, 0, 0, 0, 3, 36, 0, 0, 0, 10, 0, 0, 29, 0, 0, 131, 0, 0, 0, 0, 0, 0, 0, 12, 0, 0, 0, 0, 0, 21, 0, 0, 0, 339, 0, 0, 0, 0, 0, 0, 0, 0, 0, 0, 2, 0, 34, 153, 0, 10, 21, 0, 0, 0, 0, 0, 0, 0, 0, 14, 0, 0, 0, 0, 0, 0, 0, 0, 0, 0, 0, 40, 4, 0, 0, 0, 0, 0, 5, 0, 0, 0, 0, 0, 1, 1, 0, 0, 0, 0, 0, 0, 0, 0, 0, 0, 0, 0, 0, 0, 0, 0, 0, 76, 0, 34, 0, 0, 0, 0, 0, 0, 0, 0, 335, 0, 0, 0, 0, 0, 0, 0, 0, 0, 0, 0, 0, 0, 0, 0, 0, 0, 0, 0, 0, 0, 0, 0, 0, 0, 0, 0, 0, 0, 0, 0, 0, 0, 0, 0, 0, 0, 0, 0, 0, 0, 0, 0, 0, 0, 0, 0, 1, 84, 3717, 383, 46, 510, 198, 0, 0, 0, 0, 2, 0, 0, 0, 75, 27, 3, 0, 13, 26, 9, 2, 25, 0, 9, 0, 108, 0, 0, 1097, 0, 1, 0, 1, 0, 0, 8, 0, 0, 0, 0, 0, 8, 0, 0, 0, 0, 0, 254, 5, 325, 0, 0, 28, 0, 0, 22, 1, 0, 6, 0, 10

Structures/EvalUsage, Structures/PhpinfoUsage, Structures/VardumpUsage, Functions/HardcodedPasswords, Security/DirectInjection, Security/NoSleep, Security/parseUrlWithoutParameters, Security/AvoidThoseCrypto, Structures/NoHardcodedPort, Security/ShouldUsePreparedStatement, Structures/NoHardcodedIp, Security/CompareHash, Structures/pregOptionE, Structures/EvalWithoutTry, Security/RegisterGlobals, Security/CurlOptions, Php/BetterRand, Structures/NoHardcodedHash, Structures/RandomWithoutTry, Security/IndirectInjection, Security/UnserializeSecondArg, Security/DontEchoError, Security/ShouldUseSessionRegenerateId, Security/EncodedLetters, Security/SetCookieArgs, Structures/NoReturnInFinally, Security/MkdirDefault, Structures/Fallthrough, Security/UploadFilenameInjection, Security/AnchorRegex, Security/SessionLazyWrite, Security/Sqlite3RequiresSingleQuotes, Security/NoNetForXmlLoad, Security/DynamicDl, Security/ConfigureExtract, Security/MoveUploadedFile, Security/FilterInputSource, Security/SafeHttpHeaders, Security/IntegerConversion, Security/MinusOneOnError, Security/NoEntIgnore, Security/NoWeakSSLCrypto : dumped 0
Still 0 to be processed

Duration : 436.67
Memory : 153092096
Memory peak : 155189248
dump closed on Sun, 15 Mar 2020 07:03:12 +0000
dump resuming on Sun, 15 Mar 2020 07:03:24 +0000
count analyzed : 1117

counts 2876, 0, 804, 0, 7, 5, 0, 280, 0, 8, 677, 8523, 10, 17, 3, 0, 0, 23, 158, 2, 3, 4, 235, 0, 2, 0, 0, 0, 5, 290, 11273, 58, 1, 11, 2234, 797, 195, 21, 0, -1, -1, 0, -1, 0, 0, 0, 0, -1, 13, -1, -1, 0, 0, -1, 0, 0, 0, 17, 0, 0, 0, 0, 0, 0, -1, -1, 0, 0, 0, 0, 0, 0, -1, 0, -1, 0, -1, 0, 0, 12, 0, 0, 0, 0, 0, 0, 0, 0, 0, 0, 54, 0, 0, 0, 0, 0, 0, 0, 0, -1, 0, 0, 0, 0, 0, 0, 0, -1, 0, 0, 0, 0, 0, 0, 0, 0, 0, 0, 0, 0, 49, 5, 0, 0, -1, -1, -1, -1, 0, 0, 0, -1, -1, 0, -1, -1, -1, -1, 0, 0, -1, 0, -1, -1, 0, 0, 0, 0, 0, 0, 0, 0, 0, 0, 2, 4, -1, 0, 0, 0, -1, 0, 2, 1, 0, 0, 0, 0, 0, 0, 0, 1, 5, 0, 0, 0, 0, 4, 0, -1, 0, 0, 1, 0, 0, 0, -1, 0, 0, 0, 0, 0, 3, 0, -1, 0, 0, -1, 0, -1, 0, 0, 24, 136, 0, 0, 0, 0, 0, 18, 0, 2, 0, 188, 0, 0, 0, 0, 0, 2, 256, 0, 6, 0, 156, 1, 0, 0, -1, 0, 0, 0, 0, 1, 0, -1, 0, 0, 0, 3, 0, 35, 0, 0, 73, 0, 3, 0, 0, 2, 0, 0, 0, 0, 0, 44, 0, 0, 320, 0, 0, 0, 0, 17, 899, 0, 0, 36, 0, 0, 0, 1, 1220, 0, 0, 0, 0, 0, 0, 44, 0, 36, 0, 0, 15, 0, 0, 296, 31, 3, 43, 4394, 0, 7, 0, 12, 0, 0, 0, 0, 0, 0, 0, 2, 261, 20, 1, 272, 0, 1, 0, 26, 0, 81, 7, 0, 0, 0, 0, 0, 358, 0, 0, 0, 92, 30, 0, 0, 0, 32, 199, 12, 0, 0, 15, 0, 2175, 0, 0, 37, 5, 4, 69, 0, 0, 21, 0, 45, 3, 0, 0, 11, 0, 0, 4, 7, 0, 0, 1, 0, 0, 0, 0, 0, 0, 0, 0, 0, 10, 0, 31, 6, 4, 0, 1, 0, 187, 0, 0, 35, 0, 0, 21, 0, 0, 6, 6, 0, 0, 114, 1, 0, 35, 10, 0, 38, 67, 68, 6, 0, 0, 56, 0, 1, 4, 0, 0, 185, 73, 15, 0, 0, 0, 74, 1, 0, 0, 0, 36, 0, 91, 88, 0, 0, 0, 0, 0, 0, 0, 7, 0, 0, 20, 356, 0, 2, 0, 0, 12, 5, 0, 0, 0, 1, 1, 0, 4, 0, 1, 15, 0, 0, 0, 0, 0, 0, 26, 0, 1, 0, 0, 0, 5, 0, 0, 0, 0, 0, 1, 1, 0, 1, 35, 2, 0, 0, 39, 2, 1025, 0, 42, 32, 0, 0, 0, 0, 0, 19, 0, 0, 138, 0, 0, 322, 0, 0, 0, 0, 0, 0, 0, 0, 1, -1, 6, 0, 0, 0, 0, 6, 0, 0, 0, 45, 1, 0, 3, 0, 6, 1, 63, 16, 0, 4, 136, 0, 1, 1, 15, 0, 0, 2, 0, 0, 0, 1, 3, 69, 0, 0, 5, 1102, 0, 9, 401, 47, 23, 0, 0, 14, 1, 0, 0, 11, 0, 0, 67, 0, 0, 4, 0, 2, 23, 38, 0, 0, 0, 0, 0, 0, 54, 0, 1, 0, 0, -1, 0, 0, 0, 0, 13, 2, 126, 1, 0, 0, -1, 2, 0, 0, 0, 0, 0, 7, 0, 0, 0, 0, 0, 5, 264, 6, 0, 0, 3, 0, 164, 0, 0, 0, 30, 0, 0, 0, 0, 0, 0, 0, 0, 164, 0, 0, 26, 5, 8, 0, 0, 0, 0, 0, 0, 0, 0, 12, 1, 0, 0, 0, 0, 0, 0, 3, 0, 0, 0, 0, 0, 0, 3, 0, 0, 58, 8, 0, 0, 144, 22, 68, 7336, 7963, 325, 271, 323, 0, 37, 2197, 323, 0, 34, 0, 10, 135, 0, 11, 19, -1, 66, 1, 0, 0, 0, 15, 5, 0, 28, 1698, 0, 1, 3, 0, 17, 0, 0, 0, 394, 0, 0, 0, 0, 39, 0, 0, 0, 1, 0, 0, 1, 0, 2, 0, 2546, 41, 803, 49, 0, 187, 0, 60, 58, 16, 2, 0, 21, 1, 0, 0, 0, 68, 4, 31, -1, 0, 0, 0, 0, 1, 74, 3, 7, 2, 0, 0, 158, 0, 18, 27, 0, 0, 0, 0, 0, 0, 0, 0, 3, 0, 7, 0, 6, 325, 0, 0, 11, 1, 0, 0, 0, 0, 398, 0, 64, 5, 0, 0, 0, 0, 0, 6, 0, 0, 0, 0, 0, 0, 0, 0, 0, 0, 0, 0, 0, 0, 0, 0, 0, 0, 0, 0, 16, 0, 0, 23, 0, 0, 0, 0, 1, 0, 5, 0, 6, 0, 179, 0, 11, 0, 0, 0, 0, 0, 0, 298, 0, 0, 0, 0, 0, 3, 0, 133, 0, 0, 0, 0, 266, 0, 7, 0, 0, 0, 3, 36, 0, 0, 0, 10, 0, 0, 29, 0, 0, 131, 0, 0, 0, 0, 0, 0, 0, 12, 0, 0, 0, 0, 0, 21, 0, 0, 0, 339, 0, 0, 0, 0, 0, 0, 0, 0, 0, 0, 2, 0, 34, 153, 0, 10, 21, 0, 0, 0, 0, 0, 0, 0, 0, 14, 0, 0, 0, 0, 0, 0, 0, 0, 0, 0, 0, 40, 4, 0, 0, 0, 0, 0, 5, 0, 0, 0, 0, 0, 1, 1, 0, 0, 0, 0, 0, 0, 0, 0, 0, 0, 0, 0, 0, 0, 0, 0, 0, 76, 0, 34, 0, 0, 0, 0, 0, 0, 0, 0, 335, 0, 0, 0, 0, 0, 0, 0, 0, 0, 0, 0, 0, 0, 0, 0, 0, 0, 0, 0, 0, 0, 0, 0, 0, 0, 0, 0, 0, 0, 0, 0, 0, 0, 0, 0, 0, 0, 0, 0, 0, 0, 0, 0, 0, 0, 0, 0, 1, 84, 3717, 383, 46, 510, 198, 0, 0, 0, 0, 2, 0, 0, 0, 75, 27, 3, 0, 13, 26, 9, 2, 25, 0, 9, 0, 108, 0, 0, 1097, 0, 1, 0, 1, 0, 0, 8, 0, 0, 0, 0, 0, 8, 0, 0, 0, 0, 0, 254, 5, 325, 0, 0, 28, 0, 0, 22, 1, 0, 6, 0, 10, 90, 1, 0, 12, 25, 1, 0, 4, 39, 1, 0, 2, 8, 8, 3, 32, 0, 0, 2, 32, 0, 0, 0, 0, 71, 7, 0, 0, 0, 0, 0, 0, 10, 0, 0, 3, 0, 5, 3, 0, 3, 0, 3, 3, 1, 45, 0, 71, 97, 4, 4, 1, 7, 7, 0, 0

Structures/WhileListEach, Structures/FunctionPreSubscripting, Php/NewExponent, Classes/TooManyChildren, Structures/EmptyWithExpression, Structures/ListOmissions, Structures/UnreachableCode, Exceptions/OverwriteException, Php/ReturnWithParenthesis, Structures/BooleanStrictComparison, Php/LogicalInLetters, Classes/ShouldUseSelf, Arrays/ShouldPreprocess, Structures/RepeatedPrint, Structures/EchoWithConcat, Structures/NoParenthesisForLanguageConstruct, Interfaces/UnusedInterfaces, Structures/NoSubstrOne, Structures/PHP7Dirname, Php/PregMatchAllFlag, Interfaces/AlreadyParentsInterface, Structures/CouldUseDir, Php/ShouldUseCoalesce, Namespaces/CouldUseAlias, Structures/DropElseAfterReturn, Classes/UnitializedProperties, Functions/CouldReturnVoid, Php/ShouldUseArrayColumn, Functions/CouldBeCallable, Arrays/RandomlySortedLiterals, Functions/NoReturnUsed, Functions/CouldCentralize, Php/UseSessionStartOptions, Structures/MismatchedTernary, Php/IssetMultipleArgs, Structures/ShouldUseForeach, Performances/SubstrFirst, Structures/UseListWithForeach, Arrays/SliceFirst, Classes/ParentFirst, Functions/NeverUsedParameter, Php/ShouldUseArrayFilter, Structures/ReuseVariable, Structures/ShouldUseMath, Structures/CouldUseCompact, Structures/CouldUseArrayFillKeys, Structures/UseCountRecursive, Functions/TooManyParameters, Php/ShouldPreprocess, Structures/PossibleIncrement, Structures/SubstrLastArg, Structures/OneIfIsSufficient, Structures/CouldUseArrayUnique, Php/CompactInexistant, Structures/ShouldUseOperator, Functions/CouldBeStaticClosure, Php/CouldUseIsCountable, Php/DetectCurrentClass, Php/AvoidReal, Structures/JsonWithOption, Functions/Closure2String, Functions/AddDefaultValue, Structures/NamedRegex, Exceptions/CouldUseTry, Structures/BasenameSuffix, Structures/DontLoopOnYield, Classes/ShouldHaveDestructor, Structures/DirectlyUseFile, Performances/IssetWholeArray, Traits/MultipleUsage, Functions/MultipleIdenticalClosure, Performances/ArrayKeyExistsSpeedup, Classes/ShouldDeepClone, Structures/MultipleUnset, Php/ImplodeOneArg, Functions/UselessDefault, Functions/UselessArgument, Structures/NoNeedGetClass, Structures/SubstrToTrim, Variables/ComplexDynamicNames, Constants/CouldBeConstant, Php/UseDateTimeImmutable, Structures/SetAside, Structures/UseArrayFunctions, Structures/UseCaseValue, Structures/UseUrlQueryFunctions : dumped 0
Still 0 to be processed

Duration : 927.51
Memory : 155189248
Memory peak : 155189248
dump closed on Sun, 15 Mar 2020 07:03:25 +0000
dump resuming on Sun, 15 Mar 2020 07:03:29 +0000
count analyzed : 1139

counts 2876, 0, 804, 0, 7, 5, 0, 280, 0, 8, 677, 8523, 10, 17, 3, 0, 0, 23, 158, 2, 3, 4, 235, 0, 2, 0, 0, 0, 5, 290, 11273, 58, 1, 11, 2234, 797, 195, 21, 0, -1, -1, 0, -1, 0, 0, 0, 0, -1, 13, -1, -1, 0, 0, -1, 0, 0, 0, 17, 0, 0, 0, 0, 0, 0, -1, -1, 0, 0, 0, 0, 0, 0, -1, 0, -1, 0, -1, 0, 0, 12, 0, 0, 0, 0, 0, 0, 0, 0, 0, 0, 54, 0, 0, 0, 0, 0, 0, 0, 0, -1, 0, 0, 0, 0, 0, 0, 0, -1, 0, 0, 0, 0, 0, 0, 0, 0, 0, 0, 0, 0, 49, 5, 0, 0, -1, -1, -1, -1, 0, 0, 0, -1, -1, 0, -1, -1, -1, -1, 0, 0, -1, 0, -1, -1, 0, 0, 0, 0, 0, 0, 0, 0, 0, 0, 2, 4, -1, 0, 0, 0, -1, 0, 2, 1, 0, 0, 0, 0, 0, 0, 0, 1, 5, 0, 0, 0, 0, 4, 0, -1, 0, 0, 1, 0, 0, 0, -1, 0, 0, 0, 0, 0, 3, 0, -1, 0, 0, -1, 0, -1, 0, 0, 24, 136, 0, 0, 0, 0, 0, 18, 0, 2, 0, 188, 0, 0, 0, 0, 0, 2, 256, 0, 6, 0, 156, 1, 0, 0, -1, 0, 0, 0, 0, 1, 0, -1, 0, 0, 0, 3, 0, 35, 0, 0, 73, 0, 3, 0, 0, 2, 0, 0, 0, 0, 0, 44, 0, 0, 320, 0, 0, 0, 0, 17, 899, 0, 0, 36, 0, 0, 0, 1, 1220, 0, 0, 0, 0, 0, 0, 44, 0, 36, 0, 0, 15, 0, 0, 296, 31, 3, 43, 4394, 0, 7, 0, 12, 0, 0, 0, 0, 0, 0, 0, 2, 261, 20, 1, 272, 0, 1, 0, 26, 0, 81, 7, 0, 0, 0, 0, 0, 358, 0, 0, 0, 92, 30, 0, 0, 0, 32, 199, 12, 0, 0, 15, 0, 2175, 0, 0, 37, 5, 4, 69, 0, 0, 21, 0, 45, 3, 0, 0, 11, 0, 0, 4, 7, 0, 0, 1, 0, 0, 0, 0, 0, 0, 0, 0, 0, 10, 0, 31, 6, 4, 0, 1, 0, 187, 0, 0, 35, 0, 0, 21, 0, 0, 6, 6, 0, 0, 114, 1, 0, 35, 10, 0, 38, 67, 68, 6, 0, 0, 56, 0, 1, 4, 0, 0, 185, 73, 15, 0, 0, 0, 74, 1, 0, 0, 0, 36, 0, 91, 88, 0, 0, 0, 0, 0, 0, 0, 7, 0, 0, 20, 356, 0, 2, 0, 0, 12, 5, 0, 0, 0, 1, 1, 0, 4, 0, 1, 15, 0, 0, 0, 0, 0, 0, 26, 0, 1, 0, 0, 0, 5, 0, 0, 0, 0, 0, 1, 1, 0, 1, 35, 2, 0, 0, 39, 2, 1025, 0, 42, 32, 0, 0, 0, 0, 0, 19, 0, 0, 138, 0, 0, 322, 0, 0, 0, 0, 0, 0, 0, 0, 1, -1, 6, 0, 0, 0, 0, 6, 0, 0, 0, 45, 1, 0, 3, 0, 6, 1, 63, 16, 0, 4, 136, 0, 1, 1, 15, 0, 0, 2, 0, 0, 0, 1, 3, 69, 0, 0, 5, 1102, 0, 9, 401, 47, 23, 0, 0, 14, 1, 0, 0, 11, 0, 0, 67, 0, 0, 4, 0, 2, 23, 38, 0, 0, 0, 0, 0, 0, 54, 0, 1, 0, 0, -1, 0, 0, 0, 0, 13, 2, 126, 1, 0, 0, -1, 2, 0, 0, 0, 0, 0, 7, 0, 0, 0, 0, 0, 5, 264, 6, 0, 0, 3, 0, 164, 0, 0, 0, 30, 0, 0, 0, 0, 0, 0, 0, 0, 164, 0, 0, 26, 5, 8, 0, 0, 0, 0, 0, 0, 0, 0, 12, 1, 0, 0, 0, 0, 0, 0, 3, 0, 0, 0, 0, 0, 0, 3, 0, 0, 58, 8, 0, 0, 144, 22, 68, 7336, 7963, 325, 271, 323, 0, 37, 2197, 323, 0, 34, 0, 10, 135, 0, 11, 19, -1, 66, 1, 0, 0, 0, 15, 5, 0, 28, 1698, 0, 1, 3, 0, 17, 0, 0, 0, 394, 0, 0, 0, 0, 39, 0, 0, 0, 1, 0, 0, 1, 0, 2, 0, 2546, 41, 803, 49, 0, 187, 0, 60, 58, 16, 2, 0, 21, 1, 0, 0, 0, 68, 4, 31, -1, 0, 0, 0, 0, 1, 74, 3, 7, 2, 0, 0, 158, 0, 18, 27, 0, 0, 0, 0, 0, 0, 0, 0, 3, 0, 7, 0, 6, 325, 0, 0, 11, 1, 0, 0, 0, 0, 398, 0, 64, 5, 0, 0, 0, 0, 0, 6, 0, 0, 0, 0, 0, 0, 0, 0, 0, 0, 0, 0, 0, 0, 0, 0, 0, 0, 0, 0, 16, 0, 0, 23, 0, 0, 0, 0, 1, 0, 5, 0, 6, 0, 179, 0, 11, 0, 0, 0, 0, 0, 0, 298, 0, 0, 0, 0, 0, 3, 0, 133, 0, 0, 0, 0, 266, 0, 7, 0, 0, 0, 3, 36, 0, 0, 0, 10, 0, 0, 29, 0, 0, 131, 0, 0, 0, 0, 0, 0, 0, 12, 0, 0, 0, 0, 0, 21, 0, 0, 0, 339, 0, 0, 0, 0, 0, 0, 0, 0, 0, 0, 2, 0, 34, 153, 0, 10, 21, 0, 0, 0, 0, 0, 0, 0, 0, 14, 0, 0, 0, 0, 0, 0, 0, 0, 0, 0, 0, 40, 4, 0, 0, 0, 0, 0, 5, 0, 0, 0, 0, 0, 1, 1, 0, 0, 0, 0, 0, 0, 0, 0, 0, 0, 0, 0, 0, 0, 0, 0, 0, 76, 0, 34, 0, 0, 0, 0, 0, 0, 0, 0, 335, 0, 0, 0, 0, 0, 0, 0, 0, 0, 0, 0, 0, 0, 0, 0, 0, 0, 0, 0, 0, 0, 0, 0, 0, 0, 0, 0, 0, 0, 0, 0, 0, 0, 0, 0, 0, 0, 0, 0, 0, 0, 0, 0, 0, 0, 0, 0, 1, 84, 3717, 383, 46, 510, 198, 0, 0, 0, 0, 2, 0, 0, 0, 75, 27, 3, 0, 13, 26, 9, 2, 25, 0, 9, 0, 108, 0, 0, 1097, 0, 1, 0, 1, 0, 0, 8, 0, 0, 0, 0, 0, 8, 0, 0, 0, 0, 0, 254, 5, 325, 0, 0, 28, 0, 0, 22, 1, 0, 6, 0, 10, 90, 1, 0, 12, 25, 1, 0, 4, 39, 1, 0, 2, 8, 8, 3, 32, 0, 0, 2, 32, 0, 0, 0, 0, 71, 7, 0, 0, 0, 0, 0, 0, 10, 0, 0, 3, 0, 5, 3, 0, 3, 0, 3, 3, 1, 45, 0, 71, 97, 4, 4, 1, 7, 7, 0, 0, 1, 2, 0, 0, 4, 30, 233, 295, 0, 0, 0, 1, 0, 0, 8, 0, 6, 4, 1, 32, 175, 259

Classes/Finalclass, Classes/Finalmethod, Classes/MutualExtension, Classes/ShouldUseSelf, Classes/RedefinedProperty, Interfaces/UselessInterfaces, Classes/CouldBeClassConstant, Structures/CouldBeStatic, Classes/NoSelfReferencingConstant, Classes/CouldBePrivate, Classes/CouldBeProtectedProperty, Classes/RaisedAccessLevel, Classes/CouldBePrivateConstante, Classes/CouldBeProtectedConstant, Classes/CouldBePrivateMethod, Classes/CouldBeProtectedMethod, Classes/PropertyCouldBeLocal, Classes/CouldBeAbstractClass, Classes/CouldBeFinal, Classes/UndeclaredStaticProperty, Classes/UnreachableConstant, Interfaces/AvoidSelfInInterface, Traits/SelfUsingTrait, Classes/CouldBeStatic, Classes/AvoidOptionArrays, Classes/IdenticalMethods, Performances/MemoizeMagicCall, Classes/UnusedConstant, Classes/DependantAbstractClass, Functions/WrongReturnedType, Classes/DisconnectedClasses, Classes/NoParent, Interfaces/IsNotImplemented, Interfaces/NoGaranteeForPropertyConstant, Classes/NonNullableSetters, Classes/InsufficientPropertyTypehint, Functions/ExceedingTypehint, Functions/NullableWithoutCheck, Classes/FossilizedMethod : dumped 0
Still 0 to be processed

Duration : 708.61
Memory : 157286400
Memory peak : 157286400
dump closed on Sun, 15 Mar 2020 07:03:30 +0000
dump resuming on Sun, 15 Mar 2020 07:03:30 +0000
count analyzed : 1140

counts 2876, 0, 804, 0, 7, 5, 0, 280, 0, 8, 677, 8523, 10, 17, 3, 0, 0, 23, 158, 2, 3, 4, 235, 0, 2, 0, 0, 0, 5, 290, 11273, 58, 1, 11, 2234, 797, 195, 21, 0, -1, -1, 0, -1, 0, 0, 0, 0, -1, 13, -1, -1, 0, 0, -1, 0, 0, 0, 17, 0, 0, 0, 0, 0, 0, -1, -1, 0, 0, 0, 0, 0, 0, -1, 0, -1, 0, -1, 0, 0, 12, 0, 0, 0, 0, 0, 0, 0, 0, 0, 0, 54, 0, 0, 0, 0, 0, 0, 0, 0, -1, 0, 0, 0, 0, 0, 0, 0, -1, 0, 0, 0, 0, 0, 0, 0, 0, 0, 0, 0, 0, 49, 5, 0, 0, -1, -1, -1, -1, 0, 0, 0, -1, -1, 0, -1, -1, -1, -1, 0, 0, -1, 0, -1, -1, 0, 0, 0, 0, 0, 0, 0, 0, 0, 0, 2, 4, -1, 0, 0, 0, -1, 0, 2, 1, 0, 0, 0, 0, 0, 0, 0, 1, 5, 0, 0, 0, 0, 4, 0, -1, 0, 0, 1, 0, 0, 0, -1, 0, 0, 0, 0, 0, 3, 0, -1, 0, 0, -1, 0, -1, 0, 0, 24, 136, 0, 0, 0, 0, 0, 18, 0, 2, 0, 188, 0, 0, 0, 0, 0, 2, 256, 0, 6, 0, 156, 1, 0, 0, -1, 0, 0, 0, 0, 1, 0, -1, 0, 0, 0, 3, 0, 35, 0, 0, 73, 0, 3, 0, 0, 2, 0, 0, 0, 0, 0, 44, 0, 0, 320, 0, 0, 0, 0, 17, 899, 0, 0, 36, 0, 0, 0, 1, 1220, 0, 0, 0, 0, 0, 0, 44, 0, 36, 0, 0, 15, 0, 0, 296, 31, 3, 43, 4394, 0, 7, 0, 12, 0, 0, 0, 0, 0, 0, 0, 2, 261, 20, 1, 272, 0, 1, 0, 26, 0, 81, 7, 0, 0, 0, 0, 0, 358, 0, 0, 0, 92, 30, 0, 0, 0, 32, 199, 12, 0, 0, 15, 0, 2175, 0, 0, 37, 5, 4, 69, 0, 0, 21, 0, 45, 3, 0, 0, 11, 0, 0, 4, 7, 0, 0, 1, 0, 0, 0, 0, 0, 0, 0, 0, 0, 10, 0, 31, 6, 4, 0, 1, 0, 187, 0, 0, 35, 0, 0, 21, 0, 0, 6, 6, 0, 0, 114, 1, 0, 35, 10, 0, 38, 67, 68, 6, 0, 0, 56, 0, 1, 4, 0, 0, 185, 73, 15, 0, 0, 0, 74, 1, 0, 0, 0, 36, 0, 91, 88, 0, 0, 0, 0, 0, 0, 0, 7, 0, 0, 20, 356, 0, 2, 0, 0, 12, 5, 0, 0, 0, 1, 1, 0, 4, 0, 1, 15, 0, 0, 0, 0, 0, 0, 26, 0, 1, 0, 0, 0, 5, 0, 0, 0, 0, 0, 1, 1, 0, 1, 35, 2, 0, 0, 39, 2, 1025, 0, 42, 32, 0, 0, 0, 0, 0, 19, 0, 0, 138, 0, 0, 322, 0, 0, 0, 0, 0, 0, 0, 0, 1, -1, 6, 0, 0, 0, 0, 6, 0, 0, 0, 45, 1, 0, 3, 0, 6, 1, 63, 16, 0, 4, 136, 0, 1, 1, 15, 0, 0, 2, 0, 0, 0, 1, 3, 69, 0, 0, 5, 1102, 0, 9, 401, 47, 23, 0, 0, 14, 1, 0, 0, 11, 0, 0, 67, 0, 0, 4, 0, 2, 23, 38, 0, 0, 0, 0, 0, 0, 54, 0, 1, 0, 0, -1, 0, 0, 0, 0, 13, 2, 126, 1, 0, 0, -1, 2, 0, 0, 0, 0, 0, 7, 0, 0, 0, 0, 0, 5, 264, 6, 0, 0, 3, 0, 164, 0, 0, 0, 30, 0, 0, 0, 0, 0, 0, 0, 0, 164, 0, 0, 26, 5, 8, 0, 0, 0, 0, 0, 0, 0, 0, 12, 1, 0, 0, 0, 0, 0, 0, 3, 0, 0, 0, 0, 0, 0, 3, 0, 0, 58, 8, 0, 0, 144, 22, 68, 7336, 7963, 325, 271, 323, 0, 37, 2197, 323, 0, 34, 0, 10, 135, 0, 11, 19, -1, 66, 1, 0, 0, 0, 15, 5, 0, 28, 1698, 0, 1, 3, 0, 17, 0, 0, 0, 394, 0, 0, 0, 0, 39, 0, 0, 0, 1, 0, 0, 1, 0, 2, 0, 2546, 41, 803, 49, 0, 187, 0, 60, 58, 16, 2, 0, 21, 1, 0, 0, 0, 68, 4, 31, -1, 0, 0, 0, 0, 1, 74, 3, 7, 2, 0, 0, 158, 0, 18, 27, 0, 0, 0, 0, 0, 0, 0, 0, 3, 0, 7, 0, 6, 325, 0, 0, 11, 1, 0, 0, 0, 0, 398, 0, 64, 5, 0, 0, 0, 0, 0, 6, 0, 0, 0, 0, 0, 0, 0, 0, 0, 0, 0, 0, 0, 0, 0, 0, 0, 0, 0, 0, 16, 0, 0, 23, 0, 0, 0, 0, 1, 0, 5, 0, 6, 0, 179, 0, 11, 0, 0, 0, 0, 0, 0, 298, 0, 0, 0, 0, 0, 3, 0, 133, 0, 0, 0, 0, 266, 0, 7, 0, 0, 0, 3, 36, 0, 0, 0, 10, 0, 0, 29, 0, 0, 131, 0, 0, 0, 0, 0, 0, 0, 12, 0, 0, 0, 0, 0, 21, 0, 0, 0, 339, 0, 0, 0, 0, 0, 0, 0, 0, 0, 0, 2, 0, 34, 153, 0, 10, 21, 0, 0, 0, 0, 0, 0, 0, 0, 14, 0, 0, 0, 0, 0, 0, 0, 0, 0, 0, 0, 40, 4, 0, 0, 0, 0, 0, 5, 0, 0, 0, 0, 0, 1, 1, 0, 0, 0, 0, 0, 0, 0, 0, 0, 0, 0, 0, 0, 0, 0, 0, 0, 76, 0, 34, 0, 0, 0, 0, 0, 0, 0, 0, 335, 0, 0, 0, 0, 0, 0, 0, 0, 0, 0, 0, 0, 0, 0, 0, 0, 0, 0, 0, 0, 0, 0, 0, 0, 0, 0, 0, 0, 0, 0, 0, 0, 0, 0, 0, 0, 0, 0, 0, 0, 0, 0, 0, 0, 0, 0, 0, 1, 84, 3717, 383, 46, 510, 198, 0, 0, 0, 0, 2, 0, 0, 0, 75, 27, 3, 0, 13, 26, 9, 2, 25, 0, 9, 0, 108, 0, 0, 1097, 0, 1, 0, 1, 0, 0, 8, 0, 0, 0, 0, 0, 8, 0, 0, 0, 0, 0, 254, 5, 325, 0, 0, 28, 0, 0, 22, 1, 0, 6, 0, 10, 90, 1, 0, 12, 25, 1, 0, 4, 39, 1, 0, 2, 8, 8, 3, 32, 0, 0, 2, 32, 0, 0, 0, 0, 71, 7, 0, 0, 0, 0, 0, 0, 10, 0, 0, 3, 0, 5, 3, 0, 3, 0, 3, 3, 1, 45, 0, 71, 97, 4, 4, 1, 7, 7, 0, 0, 1, 2, 0, 0, 4, 30, 233, 295, 0, 0, 0, 1, 0, 0, 8, 0, 6, 4, 1, 32, 175, 259, 0

Classes/AvoidUsing : dumped 0
Still 0 to be processed

Duration : 185.29
Memory : 157286400
Memory peak : 157286400
dump closed on Sun, 15 Mar 2020 07:03:30 +0000
dump resuming on Sun, 15 Mar 2020 07:03:30 +0000
count analyzed : 1140

counts 2876, 0, 804, 0, 7, 5, 0, 280, 0, 8, 677, 8523, 10, 17, 3, 0, 0, 23, 158, 2, 3, 4, 235, 0, 2, 0, 0, 0, 5, 290, 11273, 58, 1, 11, 2234, 797, 195, 21, 0, -1, -1, 0, -1, 0, 0, 0, 0, -1, 13, -1, -1, 0, 0, -1, 0, 0, 0, 17, 0, 0, 0, 0, 0, 0, -1, -1, 0, 0, 0, 0, 0, 0, -1, 0, -1, 0, -1, 0, 0, 12, 0, 0, 0, 0, 0, 0, 0, 0, 0, 0, 54, 0, 0, 0, 0, 0, 0, 0, 0, -1, 0, 0, 0, 0, 0, 0, 0, -1, 0, 0, 0, 0, 0, 0, 0, 0, 0, 0, 0, 0, 49, 5, 0, 0, -1, -1, -1, -1, 0, 0, 0, -1, -1, 0, -1, -1, -1, -1, 0, 0, -1, 0, -1, -1, 0, 0, 0, 0, 0, 0, 0, 0, 0, 0, 2, 4, -1, 0, 0, 0, -1, 0, 2, 1, 0, 0, 0, 0, 0, 0, 0, 1, 5, 0, 0, 0, 0, 4, 0, -1, 0, 0, 1, 0, 0, 0, -1, 0, 0, 0, 0, 0, 3, 0, -1, 0, 0, -1, 0, -1, 0, 0, 24, 136, 0, 0, 0, 0, 0, 18, 0, 2, 0, 188, 0, 0, 0, 0, 0, 2, 256, 0, 6, 0, 156, 1, 0, 0, -1, 0, 0, 0, 0, 1, 0, -1, 0, 0, 0, 3, 0, 35, 0, 0, 73, 0, 3, 0, 0, 2, 0, 0, 0, 0, 0, 44, 0, 0, 320, 0, 0, 0, 0, 17, 899, 0, 0, 36, 0, 0, 0, 1, 1220, 0, 0, 0, 0, 0, 0, 44, 0, 36, 0, 0, 15, 0, 0, 296, 31, 3, 43, 4394, 0, 7, 0, 12, 0, 0, 0, 0, 0, 0, 0, 2, 261, 20, 1, 272, 0, 1, 0, 26, 0, 81, 7, 0, 0, 0, 0, 0, 358, 0, 0, 0, 92, 30, 0, 0, 0, 32, 199, 12, 0, 0, 15, 0, 2175, 0, 0, 37, 5, 4, 69, 0, 0, 21, 0, 45, 3, 0, 0, 11, 0, 0, 4, 7, 0, 0, 1, 0, 0, 0, 0, 0, 0, 0, 0, 0, 10, 0, 31, 6, 4, 0, 1, 0, 187, 0, 0, 35, 0, 0, 21, 0, 0, 6, 6, 0, 0, 114, 1, 0, 35, 10, 0, 38, 67, 68, 6, 0, 0, 56, 0, 1, 4, 0, 0, 185, 73, 15, 0, 0, 0, 74, 1, 0, 0, 0, 36, 0, 91, 88, 0, 0, 0, 0, 0, 0, 0, 7, 0, 0, 20, 356, 0, 2, 0, 0, 12, 5, 0, 0, 0, 1, 1, 0, 4, 0, 1, 15, 0, 0, 0, 0, 0, 0, 26, 0, 1, 0, 0, 0, 5, 0, 0, 0, 0, 0, 1, 1, 0, 1, 35, 2, 0, 0, 39, 2, 1025, 0, 42, 32, 0, 0, 0, 0, 0, 19, 0, 0, 138, 0, 0, 322, 0, 0, 0, 0, 0, 0, 0, 0, 1, -1, 6, 0, 0, 0, 0, 6, 0, 0, 0, 45, 1, 0, 3, 0, 6, 1, 63, 16, 0, 4, 136, 0, 1, 1, 15, 0, 0, 2, 0, 0, 0, 1, 3, 69, 0, 0, 5, 1102, 0, 9, 401, 47, 23, 0, 0, 14, 1, 0, 0, 11, 0, 0, 67, 0, 0, 4, 0, 2, 23, 38, 0, 0, 0, 0, 0, 0, 54, 0, 1, 0, 0, -1, 0, 0, 0, 0, 13, 2, 126, 1, 0, 0, -1, 2, 0, 0, 0, 0, 0, 7, 0, 0, 0, 0, 0, 5, 264, 6, 0, 0, 3, 0, 164, 0, 0, 0, 30, 0, 0, 0, 0, 0, 0, 0, 0, 164, 0, 0, 26, 5, 8, 0, 0, 0, 0, 0, 0, 0, 0, 12, 1, 0, 0, 0, 0, 0, 0, 3, 0, 0, 0, 0, 0, 0, 3, 0, 0, 58, 8, 0, 0, 144, 22, 68, 7336, 7963, 325, 271, 323, 0, 37, 2197, 323, 0, 34, 0, 10, 135, 0, 11, 19, -1, 66, 1, 0, 0, 0, 15, 5, 0, 28, 1698, 0, 1, 3, 0, 17, 0, 0, 0, 394, 0, 0, 0, 0, 39, 0, 0, 0, 1, 0, 0, 1, 0, 2, 0, 2546, 41, 803, 49, 0, 187, 0, 60, 58, 16, 2, 0, 21, 1, 0, 0, 0, 68, 4, 31, -1, 0, 0, 0, 0, 1, 74, 3, 7, 2, 0, 0, 158, 0, 18, 27, 0, 0, 0, 0, 0, 0, 0, 0, 3, 0, 7, 0, 6, 325, 0, 0, 11, 1, 0, 0, 0, 0, 398, 0, 64, 5, 0, 0, 0, 0, 0, 6, 0, 0, 0, 0, 0, 0, 0, 0, 0, 0, 0, 0, 0, 0, 0, 0, 0, 0, 0, 0, 16, 0, 0, 23, 0, 0, 0, 0, 1, 0, 5, 0, 6, 0, 179, 0, 11, 0, 0, 0, 0, 0, 0, 298, 0, 0, 0, 0, 0, 3, 0, 133, 0, 0, 0, 0, 266, 0, 7, 0, 0, 0, 3, 36, 0, 0, 0, 10, 0, 0, 29, 0, 0, 131, 0, 0, 0, 0, 0, 0, 0, 12, 0, 0, 0, 0, 0, 21, 0, 0, 0, 339, 0, 0, 0, 0, 0, 0, 0, 0, 0, 0, 2, 0, 34, 153, 0, 10, 21, 0, 0, 0, 0, 0, 0, 0, 0, 14, 0, 0, 0, 0, 0, 0, 0, 0, 0, 0, 0, 40, 4, 0, 0, 0, 0, 0, 5, 0, 0, 0, 0, 0, 1, 1, 0, 0, 0, 0, 0, 0, 0, 0, 0, 0, 0, 0, 0, 0, 0, 0, 0, 76, 0, 34, 0, 0, 0, 0, 0, 0, 0, 0, 335, 0, 0, 0, 0, 0, 0, 0, 0, 0, 0, 0, 0, 0, 0, 0, 0, 0, 0, 0, 0, 0, 0, 0, 0, 0, 0, 0, 0, 0, 0, 0, 0, 0, 0, 0, 0, 0, 0, 0, 0, 0, 0, 0, 0, 0, 0, 0, 1, 84, 3717, 383, 46, 510, 198, 0, 0, 0, 0, 2, 0, 0, 0, 75, 27, 3, 0, 13, 26, 9, 2, 25, 0, 9, 0, 108, 0, 0, 1097, 0, 1, 0, 1, 0, 0, 8, 0, 0, 0, 0, 0, 8, 0, 0, 0, 0, 0, 254, 5, 325, 0, 0, 28, 0, 0, 22, 1, 0, 6, 0, 10, 90, 1, 0, 12, 25, 1, 0, 4, 39, 1, 0, 2, 8, 8, 3, 32, 0, 0, 2, 32, 0, 0, 0, 0, 71, 7, 0, 0, 0, 0, 0, 0, 10, 0, 0, 3, 0, 5, 3, 0, 3, 0, 3, 3, 1, 45, 0, 71, 97, 4, 4, 1, 7, 7, 0, 0, 1, 2, 0, 0, 4, 30, 233, 295, 0, 0, 0, 1, 0, 0, 8, 0, 6, 4, 1, 32, 175, 259, 0

Structures/ShouldPreprocess, Structures/ElseIfElseif, Php/IsAWithString : dumped 0
Still 0 to be processed

Duration : 236.43
Memory : 157286400
Memory peak : 157286400
dump closed on Sun, 15 Mar 2020 07:03:31 +0000
dump resuming on Sun, 15 Mar 2020 07:03:31 +0000
count analyzed : 1140

counts 2876, 0, 804, 0, 7, 5, 0, 280, 0, 8, 677, 8523, 10, 17, 3, 0, 0, 23, 158, 2, 3, 4, 235, 0, 2, 0, 0, 0, 5, 290, 11273, 58, 1, 11, 2234, 797, 195, 21, 0, -1, -1, 0, -1, 0, 0, 0, 0, -1, 13, -1, -1, 0, 0, -1, 0, 0, 0, 17, 0, 0, 0, 0, 0, 0, -1, -1, 0, 0, 0, 0, 0, 0, -1, 0, -1, 0, -1, 0, 0, 12, 0, 0, 0, 0, 0, 0, 0, 0, 0, 0, 54, 0, 0, 0, 0, 0, 0, 0, 0, -1, 0, 0, 0, 0, 0, 0, 0, -1, 0, 0, 0, 0, 0, 0, 0, 0, 0, 0, 0, 0, 49, 5, 0, 0, -1, -1, -1, -1, 0, 0, 0, -1, -1, 0, -1, -1, -1, -1, 0, 0, -1, 0, -1, -1, 0, 0, 0, 0, 0, 0, 0, 0, 0, 0, 2, 4, -1, 0, 0, 0, -1, 0, 2, 1, 0, 0, 0, 0, 0, 0, 0, 1, 5, 0, 0, 0, 0, 4, 0, -1, 0, 0, 1, 0, 0, 0, -1, 0, 0, 0, 0, 0, 3, 0, -1, 0, 0, -1, 0, -1, 0, 0, 24, 136, 0, 0, 0, 0, 0, 18, 0, 2, 0, 188, 0, 0, 0, 0, 0, 2, 256, 0, 6, 0, 156, 1, 0, 0, -1, 0, 0, 0, 0, 1, 0, -1, 0, 0, 0, 3, 0, 35, 0, 0, 73, 0, 3, 0, 0, 2, 0, 0, 0, 0, 0, 44, 0, 0, 320, 0, 0, 0, 0, 17, 899, 0, 0, 36, 0, 0, 0, 1, 1220, 0, 0, 0, 0, 0, 0, 44, 0, 36, 0, 0, 15, 0, 0, 296, 31, 3, 43, 4394, 0, 7, 0, 12, 0, 0, 0, 0, 0, 0, 0, 2, 261, 20, 1, 272, 0, 1, 0, 26, 0, 81, 7, 0, 0, 0, 0, 0, 358, 0, 0, 0, 92, 30, 0, 0, 0, 32, 199, 12, 0, 0, 15, 0, 2175, 0, 0, 37, 5, 4, 69, 0, 0, 21, 0, 45, 3, 0, 0, 11, 0, 0, 4, 7, 0, 0, 1, 0, 0, 0, 0, 0, 0, 0, 0, 0, 10, 0, 31, 6, 4, 0, 1, 0, 187, 0, 0, 35, 0, 0, 21, 0, 0, 6, 6, 0, 0, 114, 1, 0, 35, 10, 0, 38, 67, 68, 6, 0, 0, 56, 0, 1, 4, 0, 0, 185, 73, 15, 0, 0, 0, 74, 1, 0, 0, 0, 36, 0, 91, 88, 0, 0, 0, 0, 0, 0, 0, 7, 0, 0, 20, 356, 0, 2, 0, 0, 12, 5, 0, 0, 0, 1, 1, 0, 4, 0, 1, 15, 0, 0, 0, 0, 0, 0, 26, 0, 1, 0, 0, 0, 5, 0, 0, 0, 0, 0, 1, 1, 0, 1, 35, 2, 0, 0, 39, 2, 1025, 0, 42, 32, 0, 0, 0, 0, 0, 19, 0, 0, 138, 0, 0, 322, 0, 0, 0, 0, 0, 0, 0, 0, 1, -1, 6, 0, 0, 0, 0, 6, 0, 0, 0, 45, 1, 0, 3, 0, 6, 1, 63, 16, 0, 4, 136, 0, 1, 1, 15, 0, 0, 2, 0, 0, 0, 1, 3, 69, 0, 0, 5, 1102, 0, 9, 401, 47, 23, 0, 0, 14, 1, 0, 0, 11, 0, 0, 67, 0, 0, 4, 0, 2, 23, 38, 0, 0, 0, 0, 0, 0, 54, 0, 1, 0, 0, -1, 0, 0, 0, 0, 13, 2, 126, 1, 0, 0, -1, 2, 0, 0, 0, 0, 0, 7, 0, 0, 0, 0, 0, 5, 264, 6, 0, 0, 3, 0, 164, 0, 0, 0, 30, 0, 0, 0, 0, 0, 0, 0, 0, 164, 0, 0, 26, 5, 8, 0, 0, 0, 0, 0, 0, 0, 0, 12, 1, 0, 0, 0, 0, 0, 0, 3, 0, 0, 0, 0, 0, 0, 3, 0, 0, 58, 8, 0, 0, 144, 22, 68, 7336, 7963, 325, 271, 323, 0, 37, 2197, 323, 0, 34, 0, 10, 135, 0, 11, 19, -1, 66, 1, 0, 0, 0, 15, 5, 0, 28, 1698, 0, 1, 3, 0, 17, 0, 0, 0, 394, 0, 0, 0, 0, 39, 0, 0, 0, 1, 0, 0, 1, 0, 2, 0, 2546, 41, 803, 49, 0, 187, 0, 60, 58, 16, 2, 0, 21, 1, 0, 0, 0, 68, 4, 31, -1, 0, 0, 0, 0, 1, 74, 3, 7, 2, 0, 0, 158, 0, 18, 27, 0, 0, 0, 0, 0, 0, 0, 0, 3, 0, 7, 0, 6, 325, 0, 0, 11, 1, 0, 0, 0, 0, 398, 0, 64, 5, 0, 0, 0, 0, 0, 6, 0, 0, 0, 0, 0, 0, 0, 0, 0, 0, 0, 0, 0, 0, 0, 0, 0, 0, 0, 0, 16, 0, 0, 23, 0, 0, 0, 0, 1, 0, 5, 0, 6, 0, 179, 0, 11, 0, 0, 0, 0, 0, 0, 298, 0, 0, 0, 0, 0, 3, 0, 133, 0, 0, 0, 0, 266, 0, 7, 0, 0, 0, 3, 36, 0, 0, 0, 10, 0, 0, 29, 0, 0, 131, 0, 0, 0, 0, 0, 0, 0, 12, 0, 0, 0, 0, 0, 21, 0, 0, 0, 339, 0, 0, 0, 0, 0, 0, 0, 0, 0, 0, 2, 0, 34, 153, 0, 10, 21, 0, 0, 0, 0, 0, 0, 0, 0, 14, 0, 0, 0, 0, 0, 0, 0, 0, 0, 0, 0, 40, 4, 0, 0, 0, 0, 0, 5, 0, 0, 0, 0, 0, 1, 1, 0, 0, 0, 0, 0, 0, 0, 0, 0, 0, 0, 0, 0, 0, 0, 0, 0, 76, 0, 34, 0, 0, 0, 0, 0, 0, 0, 0, 335, 0, 0, 0, 0, 0, 0, 0, 0, 0, 0, 0, 0, 0, 0, 0, 0, 0, 0, 0, 0, 0, 0, 0, 0, 0, 0, 0, 0, 0, 0, 0, 0, 0, 0, 0, 0, 0, 0, 0, 0, 0, 0, 0, 0, 0, 0, 0, 1, 84, 3717, 383, 46, 510, 198, 0, 0, 0, 0, 2, 0, 0, 0, 75, 27, 3, 0, 13, 26, 9, 2, 25, 0, 9, 0, 108, 0, 0, 1097, 0, 1, 0, 1, 0, 0, 8, 0, 0, 0, 0, 0, 8, 0, 0, 0, 0, 0, 254, 5, 325, 0, 0, 28, 0, 0, 22, 1, 0, 6, 0, 10, 90, 1, 0, 12, 25, 1, 0, 4, 39, 1, 0, 2, 8, 8, 3, 32, 0, 0, 2, 32, 0, 0, 0, 0, 71, 7, 0, 0, 0, 0, 0, 0, 10, 0, 0, 3, 0, 5, 3, 0, 3, 0, 3, 3, 1, 45, 0, 71, 97, 4, 4, 1, 7, 7, 0, 0, 1, 2, 0, 0, 4, 30, 233, 295, 0, 0, 0, 1, 0, 0, 8, 0, 6, 4, 1, 32, 175, 259, 0

Php/IsnullVsEqualNull, Php/NewExponent, Php/LogicalInLetters, Structures/UseConstant, Structures/ElseIfElseif, Structures/PHP7Dirname, Structures/CouldUseDir, Php/IssetMultipleArgs, Classes/DontUnsetProperties, Structures/MultipleUnset, Php/ImplodeOneArg : dumped 0
Still 0 to be processed

Duration : 218.05
Memory : 157286400
Memory peak : 157286400
dump closed on Sun, 15 Mar 2020 07:03:31 +0000
dump resuming on Sun, 15 Mar 2020 07:03:31 +0000
Duration : 4029.29
Memory : 188743680
Memory peak : 278577152
dump closed on Sun, 15 Mar 2020 07:03:35 +0000
