load created on Sun, 15 Mar 2020 06:57:50 +0000
Duration : 89.63
Memory : 10485760
Memory peak : 52498432
load closed on Sun, 15 Mar 2020 06:57:50 +0000
load created on Sun, 15 Mar 2020 06:57:50 +0000
/index.php	127.1698474884	213.05394172668	3328	1824	2057
/logout.php	75.175046920776	5.5000782012939	88	45	42
/notifications.php	75.06799697876	5.9151649475098	66	42	41
/notifications_settings.php	77.614784240723	3.8211345672607	66	40	41
/admin/objbox.php	79.777002334595	29.296159744263	464	275	307
/admin/storage_unit_creator.php	93.12915802002	68.697929382324	1387	731	809
/admin/sv.php	86.164951324463	23.296117782593	376	216	233
/admin/training_certificate.php	84.117889404297	43.423175811768	887	490	551
/admin/stats.php	79.190969467163	23.113012313843	332	184	204
/admin/manage_device.php	101.11093521118	83.543062210083	1864	942	1034
/admin/offboarding.php	77.285051345825	17.216920852661	275	154	170
/admin/error.php	75.436115264893	10.283946990967	219	132	140
/admin/onboarding.php	92.281103134155	58.106899261475	1159	628	730
/admin/manage_trainings.php	93.812942504883	85.429906845093	1989	990	1146
/admin/now_serving.php	86.515188217163	38.305997848511	1035	515	566
/admin/base.php	75.592994689941	4.8351287841797	90	53	55
/admin/training_revoke.php	87.857961654663	56.855916976929	1151	621	692
/admin/addrfid.php	81.720113754272	38.928031921387	742	392	449
/admin/sub/certDevices.php	76.069831848145	12.099027633667	243	122	131
/admin/sub/checkforrfid.php	75.591087341309	4.6839714050293	111	61	62
/admin/sub/md_getDevices.php	75.792074203491	9.7179412841797	251	136	148
/admin/sub/getTM.php	76.89094543457	9.1469287872314	227	122	135
/admin/sub/revoke_modal.php	75.843095779419	4.425048828125	94	51	51
/admin/sub/storage_ajax_requests_admin.php	79.546928405762	16.510009765625	448	251	277
/admin/sub/getTableCols.php	74.710130691528	4.4169425964355	82	47	47
/admin/sub/stats_ajax_requests.php	82.521915435791	31.385898590088	699	385	442
/admin/sub/certTM.php	77.94713973999	14.86611366272	310	149	158
/admin/sub/edit_device.php	92.426061630249	50.235986709595	1036	545	607
/admin/sub/descTM.php	77.684879302979	6.4630508422852	206	101	108
/admin/sub/ob_getOperators.php	76.202869415283	5.2351951599121	135	74	79
/admin/sub/svEditModal.php	76.426029205322	8.8868141174316	118	73	76
/connections/db_connect8.php	74.160814285278	2.7320384979248	36	21	20
/connections/tp_connect.php	73.974132537842	2.8359889984131	17	15	13
/connections/ldap.php	76.176166534424	7.969856262207	100	61	60
/class/Transactions.php	124.10807609558	198.4920501709	4790	2633	3132
/class/ObjBox.php	102.32281684875	108.6540222168	2641	1436	1697
/class/AuthRecipients.php	80.435037612915	20.249128341675	494	262	324
/class/Wait_queue.php	114.65287208557	181.5710067749	4293	2228	2679
/class/Devices.php	97.080945968628	89.909076690674	2229	1241	1478
/class/Service.php	97.625017166138	92.511892318726	2377	1295	1514
/class/all_classes.php	75.67286491394	4.1310787200928	76	49	54
/class/StorageBox.php	121.96707725525	16260.44011116	4401	2476	2976
/class/Users.php	115.67378044128	132.84802436829	3601	1912	2297
/class/Accounts.php	116.13297462463	147.74417877197	3890	2191	2561
/class/Error.php	83.229064941406	25.65598487854	673	367	425
/class/Status.php	81.845045089722	22.358894348145	636	353	426
/class/Purpose.php	82.138061523438	18.857002258301	393	210	245
/class/Notifications.php	84.465026855469	26.35383605957	589	305	368
/class/IndividualsCertificates.php	80.604076385498	23.291110992432	565	313	375
/class/Materials.php	120.03707885742	168.58696937561	4232	2436	2955
/class/FabApp_Database.php	112.31398582458	364.61400985718	4175	1884	2197
/class/site_variables.php	79.941987991333	18.285989761353	585	327	383
/class/TrainingModule.php	95.966100692749	80.391883850098	2140	1188	1410
/class/OfflineTrans.php	76.843976974487	9.8268985748291	136	86	107
/class/wait.php	84.578990936279	23.011922836304	885	440	529
/api/flud.php	89.846134185791	52.067041397095	1391	702	856
/api/readmatch.php	77.762842178345	12.819051742554	220	119	145
/api/gatekeeper.php	90.188026428223	51.878929138184	1186	556	667
/api/purpose.php	80.803871154785	10.292053222656	342	166	193
/api/materials.php	87.730884552002	20.287990570068	627	299	348
/api/wait.php	79.235076904297	10.210037231445	384	189	225
/api/juicebox.php	96.293926239014	61.117172241211	2006	1014	1230
/api/php_printer/autoload.php	76.488971710205	6.8509578704834	150	65	80
/api/php_printer/receipt.php	97.866058349609	73.217153549194	2113	1064	1275
/api/php_printer/src/Mike42/Escpos/GdEscposImage.php	78.894138336182	29.873132705688	482	247	301
/api/php_printer/src/Mike42/Escpos/ImagickEscposImage.php	91.184854507446	69.620847702026	1646	818	1041
/api/php_printer/src/Mike42/Escpos/EscposImage.php	94.246864318848	76.496124267578	2040	949	1126
/api/php_printer/src/Mike42/Escpos/NativeEscposImage.php	74.548006057739	2.6431083679199	33	14	15
/api/php_printer/src/Mike42/Escpos/CodePage.php	92.756986618042	291.49198532104	1892	861	860
/api/php_printer/src/Mike42/Escpos/Printer.php	137.9017829895	10205.893993378	6130	3034	3354
/api/php_printer/src/Mike42/Escpos/CapabilityProfiles/DefaultCapabilityProfile.php	83.801984786987	27.580976486206	731	333	377
/api/php_printer/src/Mike42/Escpos/CapabilityProfiles/EposTepCapabilityProfile.php	77.414035797119	3.0720233917236	25	11	10
/api/php_printer/src/Mike42/Escpos/CapabilityProfiles/StarCapabilityProfile.php	83.624124526978	24.730920791626	606	285	326
/api/php_printer/src/Mike42/Escpos/CapabilityProfiles/SimpleCapabilityProfile.php	76.832056045532	4.2779445648193	86	35	37
/api/php_printer/src/Mike42/Escpos/CapabilityProfiles/AbstractCapabilityProfile.php	77.775001525879	12.623071670532	210	97	107
/api/php_printer/src/Mike42/Escpos/CapabilityProfiles/P822DCapabilityProfile.php	82.666873931885	21.928071975708	719	355	412
/api/php_printer/src/Mike42/Escpos/PrintBuffers/EscposPrintBuffer.php	96.76194190979	75.989007949829	2126	1016	1231
/api/php_printer/src/Mike42/Escpos/PrintBuffers/PrintBuffer.php	80.116033554077	7.1148872375488	95	52	52
/api/php_printer/src/Mike42/Escpos/PrintBuffers/ImagePrintBuffer.php	81.725120544434	21.929025650024	548	258	306
/api/php_printer/src/Mike42/Escpos/PrintConnectors/NetworkPrintConnector.php	76.099872589111	8.6719989776611	109	55	63
/api/php_printer/src/Mike42/Escpos/PrintConnectors/WindowsPrintConnector.php	100.98695755005	91.089010238647	2009	938	1072
/api/php_printer/src/Mike42/Escpos/PrintConnectors/FilePrintConnector.php	79.224109649658	10.6520652771	230	109	115
/api/php_printer/src/Mike42/Escpos/PrintConnectors/DummyPrintConnector.php	79.675912857056	10.035991668701	239	112	118
/api/php_printer/src/Mike42/Escpos/PrintConnectors/CupsPrintConnector.php	85.663080215454	31.259059906006	741	362	431
/api/php_printer/src/Mike42/Escpos/PrintConnectors/PrintConnector.php	76.694965362549	4.6601295471191	68	41	40
/pages/info.php	78.439950942993	15.185832977295	238	155	171
/pages/pickup.php	96.985816955566	97.757816314697	1757	1016	1151
/pages/current_inventory.php	75.860023498535	13.926029205322	240	129	138
/pages/inventory.php	81.007957458496	21.966934204102	452	262	296
/pages/lookup.php	106.02307319641	131.78610801697	2828	1681	1894
/pages/waitUserInfo.php	82.160949707031	37.212133407593	742	376	419
/pages/sr_history.php	82.344055175781	29.990911483765	689	386	431
/pages/sheet_goods.php	95.871210098267	85.947036743164	1960	1077	1210
/pages/offline_ticket.php	79.421043395996	17.124176025391	336	203	231
/pages/create.php	99.745035171509	91.192960739136	2208	1255	1491
/pages/tools.php	76.200008392334	7.0731639862061	97	61	65
/pages/end.php	96.96102142334	74.260950088501	1830	1038	1203
/pages/header.php	88.92297744751	58.17985534668	1328	665	725
/pages/open_sr.php	83.199024200439	20.441055297852	553	319	356
/pages/sr_issue.php	89.565992355347	28.321027755737	659	350	394
/pages/base.php	81.151008605957	28.807878494263	488	242	270
/pages/sr_log.php	89.584112167358	41.544914245605	958	582	652
/pages/footer.php	82.905054092407	8.5339546203613	87	54	54
/pages/pay.php	104.18200492859	84.713935852051	1868	1115	1288
/pages/wait_ticket.php	101.32503509521	101.04393959045	2289	1188	1367
/pages/edit.php	112.33115196228	169.14796829224	3449	1970	2269
/pages/pay_sheet_goods.php	95.060110092163	63.870906829834	1710	981	1105
/pages/inventory_processing.php	104.94995117188	7482.8479290009	2570	1364	1568
/pages/sub/change_current.php	77.237844467163	12.911081314087	218	117	125
/pages/sub/isInUse.php	78.111886978149	10.091066360474	219	110	115
/pages/sub/si_getSheets.php	78.881025314331	8.7900161743164	145	81	89
/pages/sub/authenticate_payer.php	78.266859054565	4.7750473022461	124	70	73
/pages/sub/add_cart.php	77.534914016724	5.4681301116943	145	82	80
/pages/sub/endWaitList.php	78.62401008606	9.922981262207	305	161	174
/pages/sub/delete_cart.php	77.896118164062	5.4309368133545	155	87	89
/pages/sub/getWaitQueueID.php	80.352067947388	12.91298866272	284	146	172
/pages/sub/wq_getDevices.php	79.138040542603	6.4611434936523	188	97	104
/pages/sub/getWait.php	79.719066619873	13.361930847168	228	130	141
/pages/sub/getDot.php	77.713966369629	8.4540843963623	232	123	140
/pages/sub/edit_materials.php	80.343008041382	9.6170902252197	170	94	103
/pages/sub/storage_ajax_requests.php	84.841012954712	14.904975891113	499	266	299
/pages/sub/getDevices.php	76.575040817261	7.4279308319092	164	84	88
/pages/sub/si_getVariants.php	77.008962631226	6.4129829406738	162	83	90
/pages/sub/material_ajax_requests.php	96.55499458313	65.43493270874	1624	930	1113
Duration : 57585.95
Memory : 69206016
Memory peak : 69206016
load closed on Sun, 15 Mar 2020 06:58:47 +0000
