2020-03-15 06:57:42.939+0000 WARN [o.n.i.p.PageCache] The dbms.memory.pagecache.size setting has not been configured. It is recommended that this setting is always explicitly configured, to ensure the system has a balanced configuration. Until then, a computed heuristic value of 2386034688 bytes will be used instead. 
2020-03-15 06:57:43.275+0000 INFO [o.n.k.i.f.CommunityEditionModule] No locking implementation specified, defaulting to 'forseti'
2020-03-15 06:57:43.500+0000 INFO [o.n.k.AvailabilityGuard] Requirement makes database unavailable: Database available
2020-03-15 06:57:43.540+0000 INFO [o.n.k.i.DiagnosticsManager] --- INITIALIZED diagnostics START ---
2020-03-15 06:57:43.540+0000 INFO [o.n.k.i.DiagnosticsManager] Neo4j Kernel properties:
2020-03-15 06:57:43.540+0000 INFO [o.n.k.i.DiagnosticsManager] dbms.auto_index.relationships.enabled=true
2020-03-15 06:57:43.541+0000 INFO [o.n.k.i.DiagnosticsManager] unsupported.dbms.edition=community
2020-03-15 06:57:43.541+0000 INFO [o.n.k.i.DiagnosticsManager] dbms.auto_index.nodes.enabled=true
2020-03-15 06:57:43.541+0000 INFO [o.n.k.i.DiagnosticsManager] unsupported.dbms.directories.neo4j_home=/Applications/Ampps/www/exakat/tinkergraph/db/neo4j
2020-03-15 06:57:43.541+0000 INFO [o.n.k.i.DiagnosticsManager] unsupported.dbms.ephemeral=false
2020-03-15 06:57:43.541+0000 INFO [o.n.k.i.DiagnosticsManager] Diagnostics providers:
2020-03-15 06:57:43.541+0000 INFO [o.n.k.i.DiagnosticsManager] org.neo4j.kernel.configuration.Config
2020-03-15 06:57:43.541+0000 INFO [o.n.k.i.DiagnosticsManager] org.neo4j.kernel.info.DiagnosticsManager
2020-03-15 06:57:43.541+0000 INFO [o.n.k.i.DiagnosticsManager] SYSTEM_MEMORY
2020-03-15 06:57:43.541+0000 INFO [o.n.k.i.DiagnosticsManager] JAVA_MEMORY
2020-03-15 06:57:43.541+0000 INFO [o.n.k.i.DiagnosticsManager] OPERATING_SYSTEM
2020-03-15 06:57:43.541+0000 INFO [o.n.k.i.DiagnosticsManager] JAVA_VIRTUAL_MACHINE
2020-03-15 06:57:43.541+0000 INFO [o.n.k.i.DiagnosticsManager] CLASSPATH
2020-03-15 06:57:43.542+0000 INFO [o.n.k.i.DiagnosticsManager] LIBRARY_PATH
2020-03-15 06:57:43.542+0000 INFO [o.n.k.i.DiagnosticsManager] SYSTEM_PROPERTIES
2020-03-15 06:57:43.542+0000 INFO [o.n.k.i.DiagnosticsManager] NETWORK
2020-03-15 06:57:43.542+0000 INFO [o.n.k.i.DiagnosticsManager] System memory information:
2020-03-15 06:57:43.545+0000 INFO [o.n.k.i.DiagnosticsManager] Total Physical memory: 8.00 GB
2020-03-15 06:57:43.546+0000 INFO [o.n.k.i.DiagnosticsManager] Free Physical memory: 2.26 GB
2020-03-15 06:57:43.547+0000 INFO [o.n.k.i.DiagnosticsManager] Committed virtual memory: 9.60 GB
2020-03-15 06:57:43.548+0000 INFO [o.n.k.i.DiagnosticsManager] Total swap space: 2.00 GB
2020-03-15 06:57:43.549+0000 INFO [o.n.k.i.DiagnosticsManager] Free swap space: 1.41 GB
2020-03-15 06:57:43.550+0000 INFO [o.n.k.i.DiagnosticsManager] JVM memory information:
2020-03-15 06:57:43.550+0000 INFO [o.n.k.i.DiagnosticsManager] Free  memory: 389.96 MB
2020-03-15 06:57:43.550+0000 INFO [o.n.k.i.DiagnosticsManager] Total memory: 491.00 MB
2020-03-15 06:57:43.550+0000 INFO [o.n.k.i.DiagnosticsManager] Max   memory: 3.56 GB
2020-03-15 06:57:43.551+0000 INFO [o.n.k.i.DiagnosticsManager] Garbage Collector: PS Scavenge: [PS Eden Space, PS Survivor Space]
2020-03-15 06:57:43.551+0000 INFO [o.n.k.i.DiagnosticsManager] Garbage Collector: PS MarkSweep: [PS Eden Space, PS Survivor Space, PS Old Gen]
2020-03-15 06:57:43.553+0000 INFO [o.n.k.i.DiagnosticsManager] Memory Pool: Code Cache (Non-heap memory): committed=5.94 MB, used=5.91 MB, max=240.00 MB, threshold=0.00 B
2020-03-15 06:57:43.553+0000 INFO [o.n.k.i.DiagnosticsManager] Memory Pool: Metaspace (Non-heap memory): committed=17.75 MB, used=16.91 MB, max=-1.00 B, threshold=0.00 B
2020-03-15 06:57:43.554+0000 INFO [o.n.k.i.DiagnosticsManager] Memory Pool: Compressed Class Space (Non-heap memory): committed=2.50 MB, used=2.30 MB, max=1.00 GB, threshold=0.00 B
2020-03-15 06:57:43.554+0000 INFO [o.n.k.i.DiagnosticsManager] Memory Pool: PS Eden Space (Heap memory): committed=128.50 MB, used=93.39 MB, max=1.29 GB, threshold=?
2020-03-15 06:57:43.555+0000 INFO [o.n.k.i.DiagnosticsManager] Memory Pool: PS Survivor Space (Heap memory): committed=21.00 MB, used=7.64 MB, max=21.00 MB, threshold=?
2020-03-15 06:57:43.555+0000 INFO [o.n.k.i.DiagnosticsManager] Memory Pool: PS Old Gen (Heap memory): committed=341.50 MB, used=16.00 kB, max=2.67 GB, threshold=0.00 B
2020-03-15 06:57:43.555+0000 INFO [o.n.k.i.DiagnosticsManager] Operating system information:
2020-03-15 06:57:43.556+0000 INFO [o.n.k.i.DiagnosticsManager] Operating System: Mac OS X; version: 10.14; arch: x86_64; cpus: 4
2020-03-15 06:57:43.557+0000 INFO [o.n.k.i.DiagnosticsManager] Max number of file descriptors: 10240
2020-03-15 06:57:43.557+0000 INFO [o.n.k.i.DiagnosticsManager] Number of open file descriptors: 134
2020-03-15 06:57:43.567+0000 INFO [o.n.k.i.DiagnosticsManager] Process id: 45076@Outkast
2020-03-15 06:57:43.567+0000 INFO [o.n.k.i.DiagnosticsManager] Byte order: LITTLE_ENDIAN
2020-03-15 06:57:43.567+0000 INFO [o.n.k.i.DiagnosticsManager] Local timezone: America/Chicago
2020-03-15 06:57:43.567+0000 INFO [o.n.k.i.DiagnosticsManager] JVM information:
2020-03-15 06:57:43.567+0000 INFO [o.n.k.i.DiagnosticsManager] VM Name: Java HotSpot(TM) 64-Bit Server VM
2020-03-15 06:57:43.567+0000 INFO [o.n.k.i.DiagnosticsManager] VM Vendor: Oracle Corporation
2020-03-15 06:57:43.567+0000 INFO [o.n.k.i.DiagnosticsManager] VM Version: 25.144-b01
2020-03-15 06:57:43.567+0000 INFO [o.n.k.i.DiagnosticsManager] JIT compiler: HotSpot 64-Bit Tiered Compilers
2020-03-15 06:57:43.568+0000 INFO [o.n.k.i.DiagnosticsManager] VM Arguments: [-Dlog4j.configuration=file:/Applications/Ampps/www/exakat/tinkergraph/conf/log4j-server.properties, -Xms512m, -Xmx4096m]
2020-03-15 06:57:43.568+0000 INFO [o.n.k.i.DiagnosticsManager] Java classpath:
2020-03-15 06:57:43.571+0000 INFO [o.n.k.i.DiagnosticsManager]  [loader.1] file:/Library/Java/JavaVirtualMachines/jdk1.8.0_144.jdk/Contents/Home/jre/lib/ext/nashorn.jar
2020-03-15 06:57:43.572+0000 INFO [o.n.k.i.DiagnosticsManager]  [bootstrap] /Library/Java/JavaVirtualMachines/jdk1.8.0_144.jdk/Contents/Home/jre/lib/charsets.jar
2020-03-15 06:57:43.572+0000 INFO [o.n.k.i.DiagnosticsManager]  [loader.0] file:/Applications/Ampps/www/exakat/tinkergraph/ext/neo4j-gremlin/plugin/lucene-core-5.5.0.jar
2020-03-15 06:57:43.572+0000 INFO [o.n.k.i.DiagnosticsManager]  [loader.0] file:/Applications/Ampps/www/exakat/tinkergraph/ext/neo4j-gremlin/plugin/parboiled-scala_2.11-1.1.7.jar
2020-03-15 06:57:43.572+0000 INFO [o.n.k.i.DiagnosticsManager]  [loader.0] file:/Applications/Ampps/www/exakat/tinkergraph/lib/javapoet-1.8.0.jar
2020-03-15 06:57:43.572+0000 INFO [o.n.k.i.DiagnosticsManager]  [loader.0] file:/Applications/Ampps/www/exakat/tinkergraph/ext/neo4j-gremlin/plugin/neo4j-udc-3.2.3.jar
2020-03-15 06:57:43.572+0000 INFO [o.n.k.i.DiagnosticsManager]  [loader.0] file:/Applications/Ampps/www/exakat/tinkergraph/lib/gremlin-shaded-3.4.3.jar
2020-03-15 06:57:43.572+0000 INFO [o.n.k.i.DiagnosticsManager]  [loader.0] file:/Applications/Ampps/www/exakat/tinkergraph/ext/neo4j-gremlin/plugin/neo4j-gremlin-3.4.3.jar
2020-03-15 06:57:43.572+0000 INFO [o.n.k.i.DiagnosticsManager]  [loader.0] file:/Applications/Ampps/www/exakat/tinkergraph/lib/groovy-groovysh-2.5.7-indy.jar
2020-03-15 06:57:43.572+0000 INFO [o.n.k.i.DiagnosticsManager]  [loader.0] file:/Applications/Ampps/www/exakat/tinkergraph/ext/neo4j-gremlin/plugin/neo4j-cypher-compiler-2.3-2.3.11.jar
2020-03-15 06:57:43.572+0000 INFO [o.n.k.i.DiagnosticsManager]  [loader.0] file:/Applications/Ampps/www/exakat/tinkergraph/lib/snakeyaml-1.15.jar
2020-03-15 06:57:43.572+0000 INFO [o.n.k.i.DiagnosticsManager]  [loader.0] file:/Applications/Ampps/www/exakat/tinkergraph/ext/neo4j-gremlin/plugin/neo4j-ssl-3.2.3.jar
2020-03-15 06:57:43.572+0000 INFO [o.n.k.i.DiagnosticsManager]  [bootstrap] /Library/Java/JavaVirtualMachines/jdk1.8.0_144.jdk/Contents/Home/jre/lib/resources.jar
2020-03-15 06:57:43.572+0000 INFO [o.n.k.i.DiagnosticsManager]  [loader.1] file:/Library/Java/JavaVirtualMachines/jdk1.8.0_144.jdk/Contents/Home/jre/lib/ext/sunec.jar
2020-03-15 06:57:43.572+0000 INFO [o.n.k.i.DiagnosticsManager]  [loader.1] file:/Library/Java/JavaVirtualMachines/jdk1.8.0_144.jdk/Contents/Home/jre/lib/ext/zipfs.jar
2020-03-15 06:57:43.572+0000 INFO [o.n.k.i.DiagnosticsManager]  [loader.0] file:/Applications/Ampps/www/exakat/tinkergraph/ext/neo4j-gremlin/plugin/bcpkix-jdk15on-1.53.jar
2020-03-15 06:57:43.572+0000 INFO [o.n.k.i.DiagnosticsManager]  [loader.0] file:/Applications/Ampps/www/exakat/tinkergraph/ext/neo4j-gremlin/plugin/scala-reflect-2.11.8.jar
2020-03-15 06:57:43.573+0000 INFO [o.n.k.i.DiagnosticsManager]  [loader.0] file:/Applications/Ampps/www/exakat/tinkergraph/ext/neo4j-gremlin/plugin/neo4j-enterprise-kernel-3.2.3.jar
2020-03-15 06:57:43.573+0000 INFO [o.n.k.i.DiagnosticsManager]  [bootstrap] /Library/Java/JavaVirtualMachines/jdk1.8.0_144.jdk/Contents/Home/jre/lib/jce.jar
2020-03-15 06:57:43.573+0000 INFO [o.n.k.i.DiagnosticsManager]  [loader.0] file:/Applications/Ampps/www/exakat/tinkergraph/ext/neo4j-gremlin/plugin/neo4j-kernel-3.2.3.jar
2020-03-15 06:57:43.573+0000 INFO [o.n.k.i.DiagnosticsManager]  [loader.0] file:/Applications/Ampps/www/exakat/tinkergraph/ext/neo4j-gremlin/plugin/neo4j-codegen-3.2.3.jar
2020-03-15 06:57:43.573+0000 INFO [o.n.k.i.DiagnosticsManager]  [loader.0] file:/Applications/Ampps/www/exakat/tinkergraph/ext/neo4j-gremlin/plugin/neo4j-cypher-3.2.3.jar
2020-03-15 06:57:43.573+0000 INFO [o.n.k.i.DiagnosticsManager]  [loader.0] file:/Applications/Ampps/www/exakat/tinkergraph/ext/neo4j-gremlin/plugin/caffeine-2.3.3.jar
2020-03-15 06:57:43.573+0000 INFO [o.n.k.i.DiagnosticsManager]  [bootstrap] /Library/Java/JavaVirtualMachines/jdk1.8.0_144.jdk/Contents/Home/jre/lib/rt.jar
2020-03-15 06:57:43.573+0000 INFO [o.n.k.i.DiagnosticsManager]  [loader.0] file:/Applications/Ampps/www/exakat/tinkergraph/ext/neo4j-gremlin/plugin/neo4j-auth-plugin-api-3.2.3.jar
2020-03-15 06:57:43.573+0000 INFO [o.n.k.i.DiagnosticsManager]  [loader.0] file:/Applications/Ampps/www/exakat/tinkergraph/ext/neo4j-gremlin/plugin/neo4j-security-enterprise-3.2.3.jar
2020-03-15 06:57:43.573+0000 INFO [o.n.k.i.DiagnosticsManager]  [loader.0] file:/Applications/Ampps/www/exakat/tinkergraph/ext/neo4j-gremlin/plugin/asm-5.2.jar
2020-03-15 06:57:43.573+0000 INFO [o.n.k.i.DiagnosticsManager]  [loader.0] file:/Applications/Ampps/www/exakat/tinkergraph/ext/neo4j-gremlin/plugin/neo4j-import-tool-3.2.3.jar
2020-03-15 06:57:43.573+0000 INFO [o.n.k.i.DiagnosticsManager]  [loader.0] file:/Applications/Ampps/www/exakat/tinkergraph/lib/commons-configuration-1.10.jar
2020-03-15 06:57:43.573+0000 INFO [o.n.k.i.DiagnosticsManager]  [loader.0] file:/Applications/Ampps/www/exakat/tinkergraph/lib/slf4j-log4j12-1.7.25.jar
2020-03-15 06:57:43.573+0000 INFO [o.n.k.i.DiagnosticsManager]  [loader.0] file:/Applications/Ampps/www/exakat/tinkergraph/conf/
2020-03-15 06:57:43.574+0000 INFO [o.n.k.i.DiagnosticsManager]  [loader.0] file:/Applications/Ampps/www/exakat/tinkergraph/ext/neo4j-gremlin/plugin/lucene-backward-codecs-5.5.0.jar
2020-03-15 06:57:43.574+0000 INFO [o.n.k.i.DiagnosticsManager]  [loader.0] file:/Applications/Ampps/www/exakat/tinkergraph/lib/groovy-json-2.5.7-indy.jar
2020-03-15 06:57:43.574+0000 INFO [o.n.k.i.DiagnosticsManager]  [loader.0] file:/Applications/Ampps/www/exakat/tinkergraph/ext/neo4j-gremlin/plugin/neo4j-graph-matching-3.1.3.jar
2020-03-15 06:57:43.574+0000 INFO [o.n.k.i.DiagnosticsManager]  [loader.0] file:/Applications/Ampps/www/exakat/tinkergraph/ext/neo4j-gremlin/plugin/neo4j-command-line-3.2.3.jar
2020-03-15 06:57:43.574+0000 INFO [o.n.k.i.DiagnosticsManager]  [loader.0] file:/Applications/Ampps/www/exakat/tinkergraph/lib/log4j-1.2.17.jar
2020-03-15 06:57:43.574+0000 INFO [o.n.k.i.DiagnosticsManager]  [loader.0] file:/Applications/Ampps/www/exakat/tinkergraph/ext/neo4j-gremlin/plugin/neo4j-com-3.2.3.jar
2020-03-15 06:57:43.574+0000 INFO [o.n.k.i.DiagnosticsManager]  [loader.0] file:/Applications/Ampps/www/exakat/tinkergraph/ext/neo4j-gremlin/plugin/neo4j-jmx-3.2.3.jar
2020-03-15 06:57:43.574+0000 INFO [o.n.k.i.DiagnosticsManager]  [loader.0] file:/Applications/Ampps/www/exakat/tinkergraph/ext/neo4j-gremlin/plugin/neo4j-tinkerpop-api-impl-0.7-3.2.3.jar
2020-03-15 06:57:43.574+0000 INFO [o.n.k.i.DiagnosticsManager]  [loader.0] file:/Applications/Ampps/www/exakat/tinkergraph/ext/neo4j-gremlin/plugin/neo4j-logging-3.2.3.jar
2020-03-15 06:57:43.574+0000 INFO [o.n.k.i.DiagnosticsManager]  [loader.0] file:/Applications/Ampps/www/exakat/tinkergraph/ext/neo4j-gremlin/plugin/neo4j-security-3.2.3.jar
2020-03-15 06:57:43.574+0000 INFO [o.n.k.i.DiagnosticsManager]  [loader.0] file:/Applications/Ampps/www/exakat/tinkergraph/ext/neo4j-gremlin/plugin/neo4j-io-3.2.3.jar
2020-03-15 06:57:43.574+0000 INFO [o.n.k.i.DiagnosticsManager]  [loader.0] file:/Applications/Ampps/www/exakat/tinkergraph/ext/neo4j-gremlin/plugin/neo4j-csv-3.2.3.jar
2020-03-15 06:57:43.574+0000 INFO [o.n.k.i.DiagnosticsManager]  [loader.0] file:/Applications/Ampps/www/exakat/tinkergraph/lib/jcabi-manifests-1.1.jar
2020-03-15 06:57:43.574+0000 INFO [o.n.k.i.DiagnosticsManager]  [loader.0] file:/Applications/Ampps/www/exakat/tinkergraph/ext/neo4j-gremlin/plugin/concurrentlinkedhashmap-lru-1.4.2.jar
2020-03-15 06:57:43.574+0000 INFO [o.n.k.i.DiagnosticsManager]  [loader.0] file:/Applications/Ampps/www/exakat/tinkergraph/ext/neo4j-gremlin/plugin/lucene-analyzers-common-5.5.0.jar
2020-03-15 06:57:43.574+0000 INFO [o.n.k.i.DiagnosticsManager]  [loader.0] file:/Applications/Ampps/www/exakat/tinkergraph/lib/caffeine-2.3.1.jar
2020-03-15 06:57:43.574+0000 INFO [o.n.k.i.DiagnosticsManager]  [loader.0] file:/Applications/Ampps/www/exakat/tinkergraph/ext/neo4j-gremlin/plugin/neo4j-graphdb-api-3.2.3.jar
2020-03-15 06:57:43.574+0000 INFO [o.n.k.i.DiagnosticsManager]  [loader.0] file:/Applications/Ampps/www/exakat/tinkergraph/lib/groovy-cli-picocli-2.5.7.jar
2020-03-15 06:57:43.574+0000 INFO [o.n.k.i.DiagnosticsManager]  [loader.0] file:/Applications/Ampps/www/exakat/tinkergraph/lib/groovy-swing-2.5.7.jar
2020-03-15 06:57:43.575+0000 INFO [o.n.k.i.DiagnosticsManager]  [loader.0] file:/Applications/Ampps/www/exakat/tinkergraph/lib/groovy-xml-2.5.7.jar
2020-03-15 06:57:43.575+0000 INFO [o.n.k.i.DiagnosticsManager]  [loader.0] file:/Applications/Ampps/www/exakat/tinkergraph/ext/neo4j-gremlin/plugin/parboiled-core-1.1.7.jar
2020-03-15 06:57:43.575+0000 INFO [o.n.k.i.DiagnosticsManager]  [loader.0] file:/Applications/Ampps/www/exakat/tinkergraph/ext/neo4j-gremlin/plugin/neo4j-configuration-3.2.3.jar
2020-03-15 06:57:43.575+0000 INFO [o.n.k.i.DiagnosticsManager]  [loader.1] file:/Library/Java/JavaVirtualMachines/jdk1.8.0_144.jdk/Contents/Home/jre/lib/ext/dnsns.jar
2020-03-15 06:57:43.575+0000 INFO [o.n.k.i.DiagnosticsManager]  [loader.0] file:/Applications/Ampps/www/exakat/tinkergraph/lib/jbcrypt-0.4.jar
2020-03-15 06:57:43.575+0000 INFO [o.n.k.i.DiagnosticsManager]  [loader.0] file:/Applications/Ampps/www/exakat/tinkergraph/ext/neo4j-gremlin/plugin/neo4j-3.2.3.jar
2020-03-15 06:57:43.575+0000 INFO [o.n.k.i.DiagnosticsManager]  [loader.0] file:/Applications/Ampps/www/exakat/tinkergraph/
2020-03-15 06:57:43.575+0000 INFO [o.n.k.i.DiagnosticsManager]  [loader.0] file:/Applications/Ampps/www/exakat/tinkergraph/ext/neo4j-gremlin/plugin/neo4j-cypher-frontend-3.1-3.1.5.jar
2020-03-15 06:57:43.575+0000 INFO [o.n.k.i.DiagnosticsManager]  [loader.0] file:/Applications/Ampps/www/exakat/tinkergraph/ext/neo4j-gremlin/plugin/commons-beanutils-1.8.3.jar
2020-03-15 06:57:43.575+0000 INFO [o.n.k.i.DiagnosticsManager]  [loader.0] file:/Applications/Ampps/www/exakat/tinkergraph/ext/neo4j-gremlin/plugin/neo4j-ha-3.2.3.jar
2020-03-15 06:57:43.575+0000 INFO [o.n.k.i.DiagnosticsManager]  [loader.1] file:/Library/Java/JavaVirtualMachines/jdk1.8.0_144.jdk/Contents/Home/jre/lib/ext/localedata.jar
2020-03-15 06:57:43.575+0000 INFO [o.n.k.i.DiagnosticsManager]  [loader.0] file:/Applications/Ampps/www/exakat/tinkergraph/ext/neo4j-gremlin/plugin/netty-3.9.9.Final.jar
2020-03-15 06:57:43.575+0000 INFO [o.n.k.i.DiagnosticsManager]  [loader.0] file:/Applications/Ampps/www/exakat/tinkergraph/ext/neo4j-gremlin/plugin/bcprov-jdk15on-1.53.jar
2020-03-15 06:57:43.575+0000 INFO [o.n.k.i.DiagnosticsManager]  [loader.0] file:/Applications/Ampps/www/exakat/tinkergraph/ext/neo4j-gremlin/plugin/neo4j-cypher-ir-3.2-3.2.3.jar
2020-03-15 06:57:43.575+0000 INFO [o.n.k.i.DiagnosticsManager]  [loader.0] file:/Applications/Ampps/www/exakat/tinkergraph/ext/neo4j-gremlin/plugin/shiro-core-1.3.2.jar
2020-03-15 06:57:43.575+0000 INFO [o.n.k.i.DiagnosticsManager]  [loader.0] file:/Applications/Ampps/www/exakat/tinkergraph/lib/exp4j-0.4.8.jar
2020-03-15 06:57:43.575+0000 INFO [o.n.k.i.DiagnosticsManager]  [loader.0] file:/Applications/Ampps/www/exakat/tinkergraph/ext/neo4j-gremlin/plugin/neo4j-consistency-check-3.2.3.jar
2020-03-15 06:57:43.576+0000 INFO [o.n.k.i.DiagnosticsManager]  [loader.1] file:/Library/Java/JavaVirtualMachines/jdk1.8.0_144.jdk/Contents/Home/jre/lib/ext/sunpkcs11.jar
2020-03-15 06:57:43.576+0000 INFO [o.n.k.i.DiagnosticsManager]  [loader.0] file:/Applications/Ampps/www/exakat/tinkergraph/ext/neo4j-gremlin/plugin/neo4j-collections-3.2.3.jar
2020-03-15 06:57:43.576+0000 INFO [o.n.k.i.DiagnosticsManager]  [bootstrap] /Library/Java/JavaVirtualMachines/jdk1.8.0_144.jdk/Contents/Home/jre/lib/jfr.jar
2020-03-15 06:57:43.576+0000 INFO [o.n.k.i.DiagnosticsManager]  [loader.1] file:/Library/Java/JavaVirtualMachines/jdk1.8.0_144.jdk/Contents/Home/jre/lib/ext/sunjce_provider.jar
2020-03-15 06:57:43.576+0000 INFO [o.n.k.i.DiagnosticsManager]  [loader.1] file:/Library/Java/JavaVirtualMachines/jdk1.8.0_144.jdk/Contents/Home/jre/lib/ext/jaccess.jar
2020-03-15 06:57:43.576+0000 INFO [o.n.k.i.DiagnosticsManager]  [bootstrap] /Library/Java/JavaVirtualMachines/jdk1.8.0_144.jdk/Contents/Home/jre/classes
2020-03-15 06:57:43.576+0000 INFO [o.n.k.i.DiagnosticsManager]  [loader.0] file:/Applications/Ampps/www/exakat/tinkergraph/ext/gremlin-groovy/plugin/gremlin-groovy-3.4.3.jar
2020-03-15 06:57:43.576+0000 INFO [o.n.k.i.DiagnosticsManager]  [loader.0] file:/Applications/Ampps/www/exakat/tinkergraph/lib/groovy-jsr223-2.5.7-indy.jar
2020-03-15 06:57:43.576+0000 INFO [o.n.k.i.DiagnosticsManager]  [loader.0] file:/Applications/Ampps/www/exakat/tinkergraph/ext/neo4j-gremlin/plugin/neo4j-cypher-compiler-3.2-3.2.3.jar
2020-03-15 06:57:43.576+0000 INFO [o.n.k.i.DiagnosticsManager]  [loader.0] file:/Applications/Ampps/www/exakat/tinkergraph/ext/neo4j-gremlin/plugin/neo4j-lucene-index-3.2.3.jar
2020-03-15 06:57:43.576+0000 INFO [o.n.k.i.DiagnosticsManager]  [loader.0] file:/Applications/Ampps/www/exakat/tinkergraph/ext/neo4j-gremlin/plugin/metrics-core-3.1.2.jar
2020-03-15 06:57:43.576+0000 INFO [o.n.k.i.DiagnosticsManager]  [loader.0] file:/Applications/Ampps/www/exakat/tinkergraph/ext/neo4j-gremlin/plugin/neo4j-backup-3.2.3.jar
2020-03-15 06:57:43.576+0000 INFO [o.n.k.i.DiagnosticsManager]  [loader.0] file:/Applications/Ampps/www/exakat/tinkergraph/lib/metrics-core-3.0.2.jar
2020-03-15 06:57:43.577+0000 INFO [o.n.k.i.DiagnosticsManager]  [loader.0] file:/Applications/Ampps/www/exakat/tinkergraph/lib/commons-collections-3.2.2.jar
2020-03-15 06:57:43.577+0000 INFO [o.n.k.i.DiagnosticsManager]  [loader.0] file:/Applications/Ampps/www/exakat/tinkergraph/ext/neo4j-gremlin/plugin/neo4j-cluster-3.2.3.jar
2020-03-15 06:57:43.577+0000 INFO [o.n.k.i.DiagnosticsManager]  [loader.0] file:/Applications/Ampps/www/exakat/tinkergraph/ext/neo4j-gremlin/plugin/hazelcast-all-3.7.5.jar
2020-03-15 06:57:43.577+0000 INFO [o.n.k.i.DiagnosticsManager]  [loader.0] file:/Applications/Ampps/www/exakat/tinkergraph/ext/neo4j-gremlin/plugin/scala-library-2.11.8.jar
2020-03-15 06:57:43.577+0000 INFO [o.n.k.i.DiagnosticsManager]  [loader.0] file:/Applications/Ampps/www/exakat/tinkergraph/ext/neo4j-gremlin/plugin/neo4j-enterprise-3.2.3.jar
2020-03-15 06:57:43.577+0000 INFO [o.n.k.i.DiagnosticsManager]  [loader.0] file:/Applications/Ampps/www/exakat/tinkergraph/ext/neo4j-gremlin/plugin/neo4j-index-3.2.3.jar
2020-03-15 06:57:43.577+0000 INFO [o.n.k.i.DiagnosticsManager]  [loader.0] file:/Applications/Ampps/www/exakat/tinkergraph/ext/neo4j-gremlin/plugin/neo4j-resource-3.2.3.jar
2020-03-15 06:57:43.577+0000 INFO [o.n.k.i.DiagnosticsManager]  [bootstrap] /Library/Java/JavaVirtualMachines/jdk1.8.0_144.jdk/Contents/Home/jre/lib/sunrsasign.jar
2020-03-15 06:57:43.577+0000 INFO [o.n.k.i.DiagnosticsManager]  [loader.0] file:/Applications/Ampps/www/exakat/tinkergraph/lib/gremlin-driver-3.4.3.jar
2020-03-15 06:57:43.577+0000 INFO [o.n.k.i.DiagnosticsManager]  [loader.0] file:/Applications/Ampps/www/exakat/tinkergraph/ext/neo4j-gremlin/plugin/neo4j-metrics-3.2.3.jar
2020-03-15 06:57:43.577+0000 INFO [o.n.k.i.DiagnosticsManager]  [loader.0] file:/Applications/Ampps/www/exakat/tinkergraph/ext/neo4j-gremlin/plugin/lucene-codecs-5.5.0.jar
2020-03-15 06:57:43.577+0000 INFO [o.n.k.i.DiagnosticsManager]  [loader.0] file:/Applications/Ampps/www/exakat/tinkergraph/ext/neo4j-gremlin/plugin/neo4j-dbms-3.2.3.jar
2020-03-15 06:57:43.577+0000 INFO [o.n.k.i.DiagnosticsManager]  [loader.0] file:/Applications/Ampps/www/exakat/tinkergraph/ext/neo4j-gremlin/plugin/metrics-graphite-3.1.2.jar
2020-03-15 06:57:43.577+0000 INFO [o.n.k.i.DiagnosticsManager]  [loader.0] file:/Applications/Ampps/www/exakat/tinkergraph/lib/jline-2.14.6.jar
2020-03-15 06:57:43.577+0000 INFO [o.n.k.i.DiagnosticsManager]  [loader.0] file:/Applications/Ampps/www/exakat/tinkergraph/ext/neo4j-gremlin/plugin/netty-all-4.1.8.Final.jar
2020-03-15 06:57:43.577+0000 INFO [o.n.k.i.DiagnosticsManager]  [loader.0] file:/Applications/Ampps/www/exakat/tinkergraph/ext/neo4j-gremlin/plugin/commons-compress-1.12.jar
2020-03-15 06:57:43.577+0000 INFO [o.n.k.i.DiagnosticsManager]  [loader.1] file:/Library/Java/JavaVirtualMachines/jdk1.8.0_144.jdk/Contents/Home/jre/lib/ext/jfxrt.jar
2020-03-15 06:57:43.577+0000 INFO [o.n.k.i.DiagnosticsManager]  [loader.1] file:/System/Library/Java/Extensions/MRJToolkit.jar
2020-03-15 06:57:43.577+0000 INFO [o.n.k.i.DiagnosticsManager]  [loader.0] file:/Applications/Ampps/www/exakat/tinkergraph/lib/gremlin-server-3.4.3.jar
2020-03-15 06:57:43.577+0000 INFO [o.n.k.i.DiagnosticsManager]  [loader.0] file:/Applications/Ampps/www/exakat/tinkergraph/lib/slf4j-api-1.7.25.jar
2020-03-15 06:57:43.578+0000 INFO [o.n.k.i.DiagnosticsManager]  [loader.0] file:/Applications/Ampps/www/exakat/tinkergraph/ext/neo4j-gremlin/plugin/neo4j-cypher-frontend-3.2-3.2.3.jar
2020-03-15 06:57:43.578+0000 INFO [o.n.k.i.DiagnosticsManager]  [loader.0] file:/Applications/Ampps/www/exakat/tinkergraph/lib/groovy-templates-2.5.7.jar
2020-03-15 06:57:43.578+0000 INFO [o.n.k.i.DiagnosticsManager]  [loader.0] file:/Applications/Ampps/www/exakat/tinkergraph/lib/groovy-2.5.7-indy.jar
2020-03-15 06:57:43.578+0000 INFO [o.n.k.i.DiagnosticsManager]  [loader.0] file:/Applications/Ampps/www/exakat/tinkergraph/ext/neo4j-gremlin/plugin/neo4j-cypher-compiler-3.1-3.1.5.jar
2020-03-15 06:57:43.578+0000 INFO [o.n.k.i.DiagnosticsManager]  [loader.0] file:/Applications/Ampps/www/exakat/tinkergraph/ext/neo4j-gremlin/plugin/neo4j-graph-algo-3.2.3.jar
2020-03-15 06:57:43.578+0000 INFO [o.n.k.i.DiagnosticsManager]  [loader.0] file:/Applications/Ampps/www/exakat/tinkergraph/ext/neo4j-gremlin/plugin/neo4j-lucene-upgrade-3.2.3.jar
2020-03-15 06:57:43.578+0000 INFO [o.n.k.i.DiagnosticsManager]  [loader.0] file:/Applications/Ampps/www/exakat/tinkergraph/lib/commons-lang3-3.8.1.jar
2020-03-15 06:57:43.578+0000 INFO [o.n.k.i.DiagnosticsManager]  [loader.0] file:/Applications/Ampps/www/exakat/tinkergraph/ext/neo4j-gremlin/plugin/neo4j-causal-clustering-3.2.3.jar
2020-03-15 06:57:43.578+0000 INFO [o.n.k.i.DiagnosticsManager]  [loader.0] file:/Applications/Ampps/www/exakat/tinkergraph/ext/neo4j-gremlin/plugin/neo4j-management-3.2.3.jar
2020-03-15 06:57:43.578+0000 INFO [o.n.k.i.DiagnosticsManager]  [loader.0] file:/Applications/Ampps/www/exakat/tinkergraph/ext/neo4j-gremlin/plugin/neo4j-cypher-frontend-2.3-2.3.11.jar
2020-03-15 06:57:43.578+0000 INFO [o.n.k.i.DiagnosticsManager]  [loader.0] file:/Applications/Ampps/www/exakat/tinkergraph/lib/hppc-0.7.1.jar
2020-03-15 06:57:43.578+0000 INFO [o.n.k.i.DiagnosticsManager]  [loader.0] file:/Applications/Ampps/www/exakat/tinkergraph/lib/jcl-over-slf4j-1.7.25.jar
2020-03-15 06:57:43.578+0000 INFO [o.n.k.i.DiagnosticsManager]  [bootstrap] /Library/Java/JavaVirtualMachines/jdk1.8.0_144.jdk/Contents/Home/jre/lib/jsse.jar
2020-03-15 06:57:43.578+0000 INFO [o.n.k.i.DiagnosticsManager]  [loader.0] file:/Applications/Ampps/www/exakat/tinkergraph/lib/javatuples-1.2.jar
2020-03-15 06:57:43.578+0000 INFO [o.n.k.i.DiagnosticsManager]  [loader.0] file:/Applications/Ampps/www/exakat/tinkergraph/ext/neo4j-gremlin/plugin/neo4j-primitive-collections-3.2.3.jar
2020-03-15 06:57:43.578+0000 INFO [o.n.k.i.DiagnosticsManager]  [loader.0] file:/Applications/Ampps/www/exakat/tinkergraph/lib/gremlin-core-3.4.3.jar
2020-03-15 06:57:43.578+0000 INFO [o.n.k.i.DiagnosticsManager]  [loader.0] file:/Applications/Ampps/www/exakat/tinkergraph/ext/neo4j-gremlin/plugin/neo4j-common-3.2.3.jar
2020-03-15 06:57:43.578+0000 INFO [o.n.k.i.DiagnosticsManager]  [loader.0] file:/Applications/Ampps/www/exakat/tinkergraph/ext/neo4j-gremlin/plugin/neo4j-query-logging-3.2.3.jar
2020-03-15 06:57:43.579+0000 INFO [o.n.k.i.DiagnosticsManager]  [loader.0] file:/Applications/Ampps/www/exakat/tinkergraph/ext/neo4j-gremlin/plugin/opencsv-2.3.jar
2020-03-15 06:57:43.579+0000 INFO [o.n.k.i.DiagnosticsManager]  [loader.1] file:/Library/Java/JavaVirtualMachines/jdk1.8.0_144.jdk/Contents/Home/jre/lib/ext/cldrdata.jar
2020-03-15 06:57:43.579+0000 INFO [o.n.k.i.DiagnosticsManager]  [loader.0] file:/Applications/Ampps/www/exakat/tinkergraph/ext/tinkergraph-gremlin/plugin/tinkergraph-gremlin-3.4.3.jar
2020-03-15 06:57:43.579+0000 INFO [o.n.k.i.DiagnosticsManager]  [loader.0] file:/Applications/Ampps/www/exakat/tinkergraph/ext/neo4j-gremlin/plugin/neo4j-tinkerpop-api-0.1.jar
2020-03-15 06:57:43.579+0000 INFO [o.n.k.i.DiagnosticsManager]  [loader.0] file:/Applications/Ampps/www/exakat/tinkergraph/lib/jcabi-log-0.14.jar
2020-03-15 06:57:43.579+0000 INFO [o.n.k.i.DiagnosticsManager]  [loader.0] file:/Applications/Ampps/www/exakat/tinkergraph/lib/groovy-console-2.5.7.jar
2020-03-15 06:57:43.579+0000 INFO [o.n.k.i.DiagnosticsManager]  [loader.0] file:/Applications/Ampps/www/exakat/tinkergraph/lib/ivy-2.3.0.jar
2020-03-15 06:57:43.579+0000 INFO [o.n.k.i.DiagnosticsManager]  [loader.0] file:/Applications/Ampps/www/exakat/tinkergraph/lib/commons-lang-2.6.jar
2020-03-15 06:57:43.579+0000 INFO [o.n.k.i.DiagnosticsManager]  [loader.0] file:/Applications/Ampps/www/exakat/tinkergraph/lib/picocli-3.9.5.jar
2020-03-15 06:57:43.579+0000 INFO [o.n.k.i.DiagnosticsManager]  [loader.0] file:/Applications/Ampps/www/exakat/tinkergraph/lib/netty-all-4.1.36.Final.jar
2020-03-15 06:57:43.579+0000 INFO [o.n.k.i.DiagnosticsManager]  [loader.0] file:/Applications/Ampps/www/exakat/tinkergraph/ext/neo4j-gremlin/plugin/lucene-queryparser-5.5.0.jar
2020-03-15 06:57:43.579+0000 INFO [o.n.k.i.DiagnosticsManager]  [loader.0] file:/Applications/Ampps/www/exakat/tinkergraph/ext/neo4j-gremlin/plugin/neo4j-unsafe-3.2.3.jar
2020-03-15 06:57:43.579+0000 INFO [o.n.k.i.DiagnosticsManager] Library path:
2020-03-15 06:57:43.580+0000 INFO [o.n.k.i.DiagnosticsManager] /Users/endritmemeti/Library/Java/Extensions
2020-03-15 06:57:43.580+0000 INFO [o.n.k.i.DiagnosticsManager] /Library/Java/Extensions
2020-03-15 06:57:43.580+0000 INFO [o.n.k.i.DiagnosticsManager] /Network/Library/Java/Extensions
2020-03-15 06:57:43.580+0000 INFO [o.n.k.i.DiagnosticsManager] /System/Library/Java/Extensions
2020-03-15 06:57:43.580+0000 INFO [o.n.k.i.DiagnosticsManager] /usr/lib/java
2020-03-15 06:57:43.580+0000 INFO [o.n.k.i.DiagnosticsManager] /Applications/Ampps/www/exakat/tinkergraph
2020-03-15 06:57:43.580+0000 INFO [o.n.k.i.DiagnosticsManager] System.properties:
2020-03-15 06:57:43.581+0000 INFO [o.n.k.i.DiagnosticsManager] sun.boot.library.path = /Library/Java/JavaVirtualMachines/jdk1.8.0_144.jdk/Contents/Home/jre/lib
2020-03-15 06:57:43.581+0000 INFO [o.n.k.i.DiagnosticsManager] gopherProxySet = false
2020-03-15 06:57:43.581+0000 INFO [o.n.k.i.DiagnosticsManager] path.separator = :
2020-03-15 06:57:43.581+0000 INFO [o.n.k.i.DiagnosticsManager] file.encoding.pkg = sun.io
2020-03-15 06:57:43.581+0000 INFO [o.n.k.i.DiagnosticsManager] user.country = US
2020-03-15 06:57:43.581+0000 INFO [o.n.k.i.DiagnosticsManager] sun.java.launcher = SUN_STANDARD
2020-03-15 06:57:43.582+0000 INFO [o.n.k.i.DiagnosticsManager] sun.os.patch.level = unknown
2020-03-15 06:57:43.582+0000 INFO [o.n.k.i.DiagnosticsManager] user.dir = /Applications/Ampps/www/exakat/tinkergraph
2020-03-15 06:57:43.582+0000 INFO [o.n.k.i.DiagnosticsManager] log4j.configuration = file:/Applications/Ampps/www/exakat/tinkergraph/conf/log4j-server.properties
2020-03-15 06:57:43.582+0000 INFO [o.n.k.i.DiagnosticsManager] sun.jnu.encoding = UTF-8
2020-03-15 06:57:43.582+0000 INFO [o.n.k.i.DiagnosticsManager] sun.nio.ch.bugLevel = 
2020-03-15 06:57:43.582+0000 INFO [o.n.k.i.DiagnosticsManager] sun.management.compiler = HotSpot 64-Bit Tiered Compilers
2020-03-15 06:57:43.582+0000 INFO [o.n.k.i.DiagnosticsManager] http.nonProxyHosts = local|*.local|169.254/16|*.169.254/16
2020-03-15 06:57:43.582+0000 INFO [o.n.k.i.DiagnosticsManager] user.home = /Users/endritmemeti
2020-03-15 06:57:43.582+0000 INFO [o.n.k.i.DiagnosticsManager] user.timezone = America/Chicago
2020-03-15 06:57:43.582+0000 INFO [o.n.k.i.DiagnosticsManager] file.encoding = UTF-8
2020-03-15 06:57:43.582+0000 INFO [o.n.k.i.DiagnosticsManager] user.name = endritmemeti
2020-03-15 06:57:43.582+0000 INFO [o.n.k.i.DiagnosticsManager] sun.java.command = org.apache.tinkerpop.gremlin.server.GremlinServer conf/gsneo4j.3.4.yaml
2020-03-15 06:57:43.582+0000 INFO [o.n.k.i.DiagnosticsManager] sun.arch.data.model = 64
2020-03-15 06:57:43.582+0000 INFO [o.n.k.i.DiagnosticsManager] user.language = en
2020-03-15 06:57:43.582+0000 INFO [o.n.k.i.DiagnosticsManager] awt.toolkit = sun.lwawt.macosx.LWCToolkit
2020-03-15 06:57:43.582+0000 INFO [o.n.k.i.DiagnosticsManager] file.separator = /
2020-03-15 06:57:43.582+0000 INFO [o.n.k.i.DiagnosticsManager] sun.io.unicode.encoding = UnicodeBig
2020-03-15 06:57:43.582+0000 INFO [o.n.k.i.DiagnosticsManager] sun.cpu.endian = little
2020-03-15 06:57:43.583+0000 INFO [o.n.k.i.DiagnosticsManager] socksNonProxyHosts = local|*.local|169.254/16|*.169.254/16
2020-03-15 06:57:43.583+0000 INFO [o.n.k.i.DiagnosticsManager] ftp.nonProxyHosts = local|*.local|169.254/16|*.169.254/16
2020-03-15 06:57:43.583+0000 INFO [o.n.k.i.DiagnosticsManager] sun.cpu.isalist = 
2020-03-15 06:57:43.583+0000 INFO [o.n.k.i.DiagnosticsManager] Network information:
2020-03-15 06:57:43.592+0000 INFO [o.n.k.i.DiagnosticsManager] Interface utun1:
2020-03-15 06:57:43.593+0000 INFO [o.n.k.i.DiagnosticsManager]     address: fe80:0:0:0:d096:48b9:bd65:8d65%utun1
2020-03-15 06:57:43.593+0000 INFO [o.n.k.i.DiagnosticsManager] Interface utun0:
2020-03-15 06:57:43.593+0000 INFO [o.n.k.i.DiagnosticsManager]     address: fe80:0:0:0:fe70:3df5:fea4:c69d%utun0
2020-03-15 06:57:43.593+0000 INFO [o.n.k.i.DiagnosticsManager] Interface awdl0:
2020-03-15 06:57:43.593+0000 INFO [o.n.k.i.DiagnosticsManager]     address: fe80:0:0:0:248d:80ff:fe3b:4bff%awdl0
2020-03-15 06:57:43.593+0000 INFO [o.n.k.i.DiagnosticsManager] Interface en0:
2020-03-15 06:57:43.593+0000 INFO [o.n.k.i.DiagnosticsManager]     address: fe80:0:0:0:f2:bbd6:5f59:a0b5%en0
2020-03-15 06:57:43.594+0000 INFO [o.n.k.i.DiagnosticsManager]     address: 192.168.1.199
2020-03-15 06:57:43.594+0000 INFO [o.n.k.i.DiagnosticsManager] Interface lo0:
2020-03-15 06:57:43.594+0000 INFO [o.n.k.i.DiagnosticsManager]     address: fe80:0:0:0:0:0:0:1%lo0
2020-03-15 06:57:43.594+0000 INFO [o.n.k.i.DiagnosticsManager]     address: 0:0:0:0:0:0:0:1
2020-03-15 06:57:43.594+0000 INFO [o.n.k.i.DiagnosticsManager]     address: 127.0.0.1
2020-03-15 06:57:43.594+0000 INFO [o.n.k.i.DiagnosticsManager] --- INITIALIZED diagnostics END ---
2020-03-15 06:57:43.691+0000 INFO [o.n.m.MetricsExtension] Initiating metrics...
2020-03-15 06:57:43.779+0000 INFO [o.n.k.i.s.f.RecordFormatSelector] Selected format 'RecordFormat:StandardV3_2[v0.A.8]' for the new store
2020-03-15 06:57:44.347+0000 INFO [o.n.k.i.a.i.IndexingService] IndexingService.init: indexes not specifically mentioned above are null
2020-03-15 06:57:44.348+0000 INFO [o.n.k.i.i.l.NativeLabelScanStore] No scan store found, this might just be first use. Preparing to rebuild.
2020-03-15 06:57:44.377+0000 INFO [o.n.k.NeoStoreDataSource] Opened logical log [/Applications/Ampps/www/exakat/tinkergraph/db/neo4j/neostore.transaction.db.0] version=0, lastTxId=1 (clean)
2020-03-15 06:57:44.381+0000 INFO [o.n.k.NeoStoreDataSource] No commits found after last check point (which is at <no log position given>)
2020-03-15 06:57:44.387+0000 WARN [o.n.k.i.s.MetaDataStore] Missing counts store, rebuilding it.
2020-03-15 06:57:44.501+0000 WARN [o.n.k.i.s.MetaDataStore] Counts store rebuild completed.
2020-03-15 06:57:44.527+0000 INFO [o.n.k.i.a.i.IndexingService] IndexingService.start: indexes not specifically mentioned above are null
2020-03-15 06:57:44.529+0000 INFO [o.n.k.i.i.l.NativeLabelScanStore] Rebuilding scan store, this may take a while
2020-03-15 06:57:44.545+0000 INFO [o.n.k.i.i.l.NativeLabelScanStore] Scan store rebuilt (roughly 0 nodes)
2020-03-15 06:57:44.548+0000 INFO [o.n.k.i.DatabaseHealth] Database health set to OK
2020-03-15 06:57:45.100+0000 INFO [o.n.b.BackupServer] BackupServer communication server started and bound to /127.0.0.1:6362
2020-03-15 06:57:45.111+0000 INFO [o.n.k.AvailabilityGuard] Fulfilling of requirement makes database available: Database available
2020-03-15 06:57:45.112+0000 INFO [o.n.k.i.f.GraphDatabaseFacadeFactory] Database is now ready
2020-03-15 06:57:45.114+0000 INFO [o.n.k.i.DiagnosticsManager] --- STARTED diagnostics for KernelDiagnostics:Versions START ---
2020-03-15 06:57:45.114+0000 INFO [o.n.k.i.DiagnosticsManager] Graph Database: community single StoreId{creationTime=1584255464012, randomId=5591727290671449716, storeVersion=15813456178476550, upgradeTime=1584255464012, upgradeId=1}
2020-03-15 06:57:45.114+0000 INFO [o.n.k.i.DiagnosticsManager] Kernel version: 3.2.3,36205d3138eff7e252a34c1a0224f84ad8747758
2020-03-15 06:57:45.115+0000 INFO [o.n.k.i.DiagnosticsManager] --- STARTED diagnostics for KernelDiagnostics:Versions END ---
2020-03-15 06:57:45.118+0000 INFO [o.n.k.i.DiagnosticsManager] --- STARTED diagnostics for NEO_STORE_VERSIONS START ---
2020-03-15 06:57:45.119+0000 INFO [o.n.k.i.DiagnosticsManager] Store versions:
2020-03-15 06:57:45.119+0000 INFO [o.n.k.i.DiagnosticsManager] Store versions:
2020-03-15 06:57:45.119+0000 INFO [o.n.k.i.DiagnosticsManager]   ArrayPropertyStore v0.A.8
2020-03-15 06:57:45.119+0000 INFO [o.n.k.i.DiagnosticsManager]   NodeStore v0.A.8
2020-03-15 06:57:45.119+0000 INFO [o.n.k.i.DiagnosticsManager]   StringPropertyStore v0.A.8
2020-03-15 06:57:45.119+0000 INFO [o.n.k.i.DiagnosticsManager]   PropertyIndexStore v0.A.8
2020-03-15 06:57:45.120+0000 INFO [o.n.k.i.DiagnosticsManager]   StringPropertyStore v0.A.8
2020-03-15 06:57:45.120+0000 INFO [o.n.k.i.DiagnosticsManager]   ArrayPropertyStore v0.A.8
2020-03-15 06:57:45.120+0000 INFO [o.n.k.i.DiagnosticsManager]   PropertyStore v0.A.8
2020-03-15 06:57:45.120+0000 INFO [o.n.k.i.DiagnosticsManager]   RelationshipStore v0.A.8
2020-03-15 06:57:45.120+0000 INFO [o.n.k.i.DiagnosticsManager]   StringPropertyStore v0.A.8
2020-03-15 06:57:45.120+0000 INFO [o.n.k.i.DiagnosticsManager]   RelationshipTypeStore v0.A.8
2020-03-15 06:57:45.121+0000 INFO [o.n.k.i.DiagnosticsManager]   StringPropertyStore v0.A.8
2020-03-15 06:57:45.121+0000 INFO [o.n.k.i.DiagnosticsManager]   LabelTokenStore v0.A.8
2020-03-15 06:57:45.121+0000 INFO [o.n.k.i.DiagnosticsManager]   SchemaStore v0.A.8
2020-03-15 06:57:45.121+0000 INFO [o.n.k.i.DiagnosticsManager]   RelationshipGroupStore v0.A.8
2020-03-15 06:57:45.121+0000 INFO [o.n.k.i.DiagnosticsManager]   NeoStore v0.A.8
2020-03-15 06:57:45.121+0000 INFO [o.n.k.i.DiagnosticsManager] --- STARTED diagnostics for NEO_STORE_VERSIONS END ---
2020-03-15 06:57:45.121+0000 INFO [o.n.k.i.DiagnosticsManager] --- STARTED diagnostics for NEO_STORE_ID_USAGE START ---
2020-03-15 06:57:45.121+0000 INFO [o.n.k.i.DiagnosticsManager] Id usage:
2020-03-15 06:57:45.122+0000 INFO [o.n.k.i.DiagnosticsManager] Id usage:
2020-03-15 06:57:45.122+0000 INFO [o.n.k.i.DiagnosticsManager]   ArrayPropertyStore: used=1 high=0
2020-03-15 06:57:45.122+0000 INFO [o.n.k.i.DiagnosticsManager]   NodeStore: used=0 high=-1
2020-03-15 06:57:45.122+0000 INFO [o.n.k.i.DiagnosticsManager]   StringPropertyStore: used=1 high=0
2020-03-15 06:57:45.122+0000 INFO [o.n.k.i.DiagnosticsManager]   PropertyIndexStore: used=0 high=-1
2020-03-15 06:57:45.123+0000 INFO [o.n.k.i.DiagnosticsManager]   StringPropertyStore: used=1 high=0
2020-03-15 06:57:45.123+0000 INFO [o.n.k.i.DiagnosticsManager]   ArrayPropertyStore: used=1 high=0
2020-03-15 06:57:45.123+0000 INFO [o.n.k.i.DiagnosticsManager]   PropertyStore: used=0 high=-1
2020-03-15 06:57:45.125+0000 INFO [o.n.k.i.DiagnosticsManager]   RelationshipStore: used=0 high=-1
2020-03-15 06:57:45.125+0000 INFO [o.n.k.i.DiagnosticsManager]   StringPropertyStore: used=1 high=0
2020-03-15 06:57:45.125+0000 INFO [o.n.k.i.DiagnosticsManager]   RelationshipTypeStore: used=0 high=-1
2020-03-15 06:57:45.125+0000 INFO [o.n.k.i.DiagnosticsManager]   StringPropertyStore: used=1 high=0
2020-03-15 06:57:45.126+0000 INFO [o.n.k.i.DiagnosticsManager]   LabelTokenStore: used=0 high=-1
2020-03-15 06:57:45.126+0000 INFO [o.n.k.i.DiagnosticsManager]   SchemaStore: used=1 high=0
2020-03-15 06:57:45.126+0000 INFO [o.n.k.i.DiagnosticsManager]   RelationshipGroupStore: used=1 high=0
2020-03-15 06:57:45.126+0000 INFO [o.n.k.i.DiagnosticsManager]   NeoStore: used=15 high=14
2020-03-15 06:57:45.126+0000 INFO [o.n.k.i.DiagnosticsManager] --- STARTED diagnostics for NEO_STORE_ID_USAGE END ---
2020-03-15 06:57:45.127+0000 INFO [o.n.k.i.DiagnosticsManager] --- STARTED diagnostics for NEO_STORE_RECORDS START ---
2020-03-15 06:57:45.127+0000 INFO [o.n.k.i.DiagnosticsManager] Neostore records:
2020-03-15 06:57:45.128+0000 INFO [o.n.k.i.DiagnosticsManager] TIME (Creation time): 1584255464012
2020-03-15 06:57:45.128+0000 INFO [o.n.k.i.DiagnosticsManager] RANDOM_NUMBER (Random number for store id): 5591727290671449716
2020-03-15 06:57:45.128+0000 INFO [o.n.k.i.DiagnosticsManager] LOG_VERSION (Current log version): 0
2020-03-15 06:57:45.128+0000 INFO [o.n.k.i.DiagnosticsManager] LAST_TRANSACTION_ID (Last committed transaction): 1
2020-03-15 06:57:45.129+0000 INFO [o.n.k.i.DiagnosticsManager] STORE_VERSION (Store format version): 15813456178476550
2020-03-15 06:57:45.129+0000 INFO [o.n.k.i.DiagnosticsManager] FIRST_GRAPH_PROPERTY (First property record containing graph properties): -1
2020-03-15 06:57:45.129+0000 INFO [o.n.k.i.DiagnosticsManager] LAST_CONSTRAINT_TRANSACTION (Last committed transaction containing constraint changes): 0
2020-03-15 06:57:45.129+0000 INFO [o.n.k.i.DiagnosticsManager] UPGRADE_TRANSACTION_ID (Transaction id most recent upgrade was performed at): 1
2020-03-15 06:57:45.129+0000 INFO [o.n.k.i.DiagnosticsManager] UPGRADE_TIME (Time of last upgrade): 1584255464012
2020-03-15 06:57:45.129+0000 INFO [o.n.k.i.DiagnosticsManager] LAST_TRANSACTION_CHECKSUM (Checksum of last committed transaction): 0
2020-03-15 06:57:45.129+0000 INFO [o.n.k.i.DiagnosticsManager] UPGRADE_TRANSACTION_CHECKSUM (Checksum of transaction id the most recent upgrade was performed at): 0
2020-03-15 06:57:45.129+0000 INFO [o.n.k.i.DiagnosticsManager] LAST_CLOSED_TRANSACTION_LOG_VERSION (Log version where the last transaction commit entry has been written into): 0
2020-03-15 06:57:45.130+0000 INFO [o.n.k.i.DiagnosticsManager] LAST_CLOSED_TRANSACTION_LOG_BYTE_OFFSET (Byte offset in the log file where the last transaction commit entry has been written into): 16
2020-03-15 06:57:45.130+0000 INFO [o.n.k.i.DiagnosticsManager] LAST_TRANSACTION_COMMIT_TIMESTAMP (Commit time timestamp for last committed transaction): 0
2020-03-15 06:57:45.130+0000 INFO [o.n.k.i.DiagnosticsManager] UPGRADE_TRANSACTION_COMMIT_TIMESTAMP (Commit timestamp of transaction the most recent upgrade was performed at): 0
2020-03-15 06:57:45.130+0000 INFO [o.n.k.i.DiagnosticsManager] --- STARTED diagnostics for NEO_STORE_RECORDS END ---
2020-03-15 06:57:45.131+0000 INFO [o.n.k.i.DiagnosticsManager] --- STARTED diagnostics for TRANSACTION_RANGE START ---
2020-03-15 06:57:45.131+0000 INFO [o.n.k.i.DiagnosticsManager] Transaction log:
2020-03-15 06:57:45.133+0000 INFO [o.n.k.i.DiagnosticsManager] No transactions found in any log
2020-03-15 06:57:45.133+0000 INFO [o.n.k.i.DiagnosticsManager] --- STARTED diagnostics for TRANSACTION_RANGE END ---
2020-03-15 06:57:45.133+0000 INFO [o.n.k.i.DiagnosticsManager] --- STARTED diagnostics for KernelDiagnostics:StoreFiles START ---
2020-03-15 06:57:45.134+0000 INFO [o.n.k.i.DiagnosticsManager] Disk space on partition (Total / Free / Free %): 121123069952 / 18010513408 / 14
Storage files: (filename : modification date - size)
2020-03-15 06:57:45.135+0000 INFO [o.n.k.i.DiagnosticsManager]   index:
2020-03-15 06:57:45.135+0000 INFO [o.n.k.i.DiagnosticsManager]   - Total: 2020-03-15T01:57:44-0500 - 0.00 B
2020-03-15 06:57:45.136+0000 INFO [o.n.k.i.DiagnosticsManager]   logs:
2020-03-15 06:57:45.136+0000 INFO [o.n.k.i.DiagnosticsManager]     debug.log: 2020-03-15T01:57:45-0500 - 40.74 kB
2020-03-15 06:57:45.136+0000 INFO [o.n.k.i.DiagnosticsManager]   - Total: 2020-03-15T01:57:42-0500 - 40.74 kB
2020-03-15 06:57:45.136+0000 INFO [o.n.k.i.DiagnosticsManager]   neostore: 2020-03-15T01:57:44-0500 - 8.00 kB
2020-03-15 06:57:45.137+0000 INFO [o.n.k.i.DiagnosticsManager]   neostore.counts.db.a: 2020-03-15T01:57:44-0500 - 96.00 B
2020-03-15 06:57:45.137+0000 INFO [o.n.k.i.DiagnosticsManager]   neostore.id: 2020-03-15T01:57:44-0500 - 9.00 B
2020-03-15 06:57:45.137+0000 INFO [o.n.k.i.DiagnosticsManager]   neostore.labelscanstore.db: 2020-03-15T01:57:44-0500 - 40.00 kB
2020-03-15 06:57:45.137+0000 INFO [o.n.k.i.DiagnosticsManager]   neostore.labeltokenstore.db: 2020-03-15T01:57:43-0500 - 0.00 B
2020-03-15 06:57:45.138+0000 INFO [o.n.k.i.DiagnosticsManager]   neostore.labeltokenstore.db.id: 2020-03-15T01:57:43-0500 - 9.00 B
2020-03-15 06:57:45.138+0000 INFO [o.n.k.i.DiagnosticsManager]   neostore.labeltokenstore.db.names: 2020-03-15T01:57:43-0500 - 8.00 kB
2020-03-15 06:57:45.138+0000 INFO [o.n.k.i.DiagnosticsManager]   neostore.labeltokenstore.db.names.id: 2020-03-15T01:57:43-0500 - 9.00 B
2020-03-15 06:57:45.138+0000 INFO [o.n.k.i.DiagnosticsManager]   neostore.nodestore.db: 2020-03-15T01:57:43-0500 - 0.00 B
2020-03-15 06:57:45.139+0000 INFO [o.n.k.i.DiagnosticsManager]   neostore.nodestore.db.id: 2020-03-15T01:57:43-0500 - 9.00 B
2020-03-15 06:57:45.139+0000 INFO [o.n.k.i.DiagnosticsManager]   neostore.nodestore.db.labels: 2020-03-15T01:57:43-0500 - 8.00 kB
2020-03-15 06:57:45.139+0000 INFO [o.n.k.i.DiagnosticsManager]   neostore.nodestore.db.labels.id: 2020-03-15T01:57:43-0500 - 9.00 B
2020-03-15 06:57:45.139+0000 INFO [o.n.k.i.DiagnosticsManager]   neostore.propertystore.db: 2020-03-15T01:57:43-0500 - 0.00 B
2020-03-15 06:57:45.139+0000 INFO [o.n.k.i.DiagnosticsManager]   neostore.propertystore.db.arrays: 2020-03-15T01:57:43-0500 - 8.00 kB
2020-03-15 06:57:45.140+0000 INFO [o.n.k.i.DiagnosticsManager]   neostore.propertystore.db.arrays.id: 2020-03-15T01:57:43-0500 - 9.00 B
2020-03-15 06:57:45.140+0000 INFO [o.n.k.i.DiagnosticsManager]   neostore.propertystore.db.id: 2020-03-15T01:57:43-0500 - 9.00 B
2020-03-15 06:57:45.140+0000 INFO [o.n.k.i.DiagnosticsManager]   neostore.propertystore.db.index: 2020-03-15T01:57:43-0500 - 0.00 B
2020-03-15 06:57:45.140+0000 INFO [o.n.k.i.DiagnosticsManager]   neostore.propertystore.db.index.id: 2020-03-15T01:57:43-0500 - 9.00 B
2020-03-15 06:57:45.141+0000 INFO [o.n.k.i.DiagnosticsManager]   neostore.propertystore.db.index.keys: 2020-03-15T01:57:43-0500 - 8.00 kB
2020-03-15 06:57:45.141+0000 INFO [o.n.k.i.DiagnosticsManager]   neostore.propertystore.db.index.keys.id: 2020-03-15T01:57:43-0500 - 9.00 B
2020-03-15 06:57:45.141+0000 INFO [o.n.k.i.DiagnosticsManager]   neostore.propertystore.db.strings: 2020-03-15T01:57:43-0500 - 8.00 kB
2020-03-15 06:57:45.141+0000 INFO [o.n.k.i.DiagnosticsManager]   neostore.propertystore.db.strings.id: 2020-03-15T01:57:43-0500 - 9.00 B
2020-03-15 06:57:45.142+0000 INFO [o.n.k.i.DiagnosticsManager]   neostore.relationshipgroupstore.db: 2020-03-15T01:57:43-0500 - 8.00 kB
2020-03-15 06:57:45.142+0000 INFO [o.n.k.i.DiagnosticsManager]   neostore.relationshipgroupstore.db.id: 2020-03-15T01:57:43-0500 - 9.00 B
2020-03-15 06:57:45.142+0000 INFO [o.n.k.i.DiagnosticsManager]   neostore.relationshipstore.db: 2020-03-15T01:57:43-0500 - 0.00 B
2020-03-15 06:57:45.142+0000 INFO [o.n.k.i.DiagnosticsManager]   neostore.relationshipstore.db.id: 2020-03-15T01:57:43-0500 - 9.00 B
2020-03-15 06:57:45.143+0000 INFO [o.n.k.i.DiagnosticsManager]   neostore.relationshiptypestore.db: 2020-03-15T01:57:43-0500 - 0.00 B
2020-03-15 06:57:45.143+0000 INFO [o.n.k.i.DiagnosticsManager]   neostore.relationshiptypestore.db.id: 2020-03-15T01:57:43-0500 - 9.00 B
2020-03-15 06:57:45.144+0000 INFO [o.n.k.i.DiagnosticsManager]   neostore.relationshiptypestore.db.names: 2020-03-15T01:57:43-0500 - 8.00 kB
2020-03-15 06:57:45.145+0000 INFO [o.n.k.i.DiagnosticsManager]   neostore.relationshiptypestore.db.names.id: 2020-03-15T01:57:43-0500 - 9.00 B
2020-03-15 06:57:45.145+0000 INFO [o.n.k.i.DiagnosticsManager]   neostore.schemastore.db: 2020-03-15T01:57:43-0500 - 8.00 kB
2020-03-15 06:57:45.145+0000 INFO [o.n.k.i.DiagnosticsManager]   neostore.schemastore.db.id: 2020-03-15T01:57:43-0500 - 9.00 B
2020-03-15 06:57:45.146+0000 INFO [o.n.k.i.DiagnosticsManager]   neostore.transaction.db.0: 2020-03-15T01:57:44-0500 - 16.00 B
2020-03-15 06:57:45.146+0000 INFO [o.n.k.i.DiagnosticsManager]   store_lock: 2020-03-15T01:57:43-0500 - 0.00 B
2020-03-15 06:57:45.146+0000 INFO [o.n.k.i.DiagnosticsManager] --- STARTED diagnostics for KernelDiagnostics:StoreFiles END ---
2020-03-15 06:57:46.101+0000 WARN [o.n.k.i.c.MonitorGc] GC Monitor: Application threads blocked for 270ms.
2020-03-15 06:58:56.153+0000 WARN [o.n.k.i.c.MonitorGc] GC Monitor: Application threads blocked for 220ms.
2020-03-15 07:00:25.022+0000 WARN [o.n.k.i.c.MonitorGc] GC Monitor: Application threads blocked for 858ms.
2020-03-15 07:03:16.148+0000 WARN [o.n.k.i.c.MonitorGc] GC Monitor: Application threads blocked for 2249ms.
2020-03-15 07:22:56.600+0000 INFO [o.n.k.i.t.l.c.CheckPointerImpl] Check Pointing triggered by scheduler for time threshold [2343]:  Starting check pointing...
2020-03-15 07:22:56.602+0000 INFO [o.n.k.i.t.l.c.CheckPointerImpl] Check Pointing triggered by scheduler for time threshold [2343]:  Starting store flush...
2020-03-15 07:22:56.628+0000 INFO [o.n.k.i.s.c.CountsTracker] About to rotate counts store at transaction 2343 to [/Applications/Ampps/www/exakat/tinkergraph/db/neo4j/neostore.counts.db.b], from [/Applications/Ampps/www/exakat/tinkergraph/db/neo4j/neostore.counts.db.a].
2020-03-15 07:22:56.659+0000 INFO [o.n.k.i.s.c.CountsTracker] Successfully rotated counts store at transaction 2343 to [/Applications/Ampps/www/exakat/tinkergraph/db/neo4j/neostore.counts.db.b], from [/Applications/Ampps/www/exakat/tinkergraph/db/neo4j/neostore.counts.db.a].
2020-03-15 07:22:56.748+0000 INFO [o.n.k.i.t.l.c.CheckPointerImpl] Check Pointing triggered by scheduler for time threshold [2343]:  Store flush completed
2020-03-15 07:22:56.748+0000 INFO [o.n.k.i.t.l.c.CheckPointerImpl] Check Pointing triggered by scheduler for time threshold [2343]:  Starting appending check point entry into the tx log...
2020-03-15 07:22:56.750+0000 INFO [o.n.k.i.t.l.c.CheckPointerImpl] Check Pointing triggered by scheduler for time threshold [2343]:  Appending check point entry into the tx log completed
2020-03-15 07:22:56.750+0000 INFO [o.n.k.i.t.l.c.CheckPointerImpl] Check Pointing triggered by scheduler for time threshold [2343]:  Check pointing completed
2020-03-15 07:22:56.750+0000 INFO [o.n.k.i.t.l.p.LogPruningImpl] Log Rotation [0]:  Starting log pruning.
2020-03-15 07:22:56.750+0000 INFO [o.n.k.i.t.l.p.LogPruningImpl] Log Rotation [0]:  Log pruning complete.
2020-03-15 10:38:48.007+0000 WARN [o.n.k.i.c.MonitorGc] GC Monitor: Application threads blocked for 1593ms.
2020-03-15 13:12:36.227+0000 WARN [o.n.k.i.c.MonitorGc] GC Monitor: Application threads blocked for 15618ms.
2020-03-15 16:14:19.010+0000 WARN [o.n.k.i.c.MonitorGc] GC Monitor: Application threads blocked for 1531ms.
2020-03-15 17:09:21.753+0000 WARN [o.n.k.i.c.MonitorGc] GC Monitor: Application threads blocked for 7396ms.
2020-03-15 20:10:27.010+0000 WARN [o.n.k.i.c.MonitorGc] GC Monitor: Application threads blocked for 1523ms.
2020-03-15 22:54:01.799+0000 WARN [o.n.k.i.c.MonitorGc] GC Monitor: Application threads blocked for 5456ms.
2020-03-16 02:14:26.016+0000 WARN [o.n.k.i.c.MonitorGc] GC Monitor: Application threads blocked for 1498ms.
2020-03-16 03:30:53.014+0000 WARN [o.n.k.i.c.MonitorGc] GC Monitor: Application threads blocked for 1223ms.
2020-03-16 05:03:39.020+0000 WARN [o.n.k.i.c.MonitorGc] GC Monitor: Application threads blocked for 1543ms.
2020-03-16 06:04:16.943+0000 WARN [o.n.k.i.c.MonitorGc] GC Monitor: Application threads blocked for 713ms.
2020-03-16 08:19:07.018+0000 WARN [o.n.k.i.c.MonitorGc] GC Monitor: Application threads blocked for 1550ms.
2020-03-17 02:32:23.010+0000 WARN [o.n.k.i.c.MonitorGc] GC Monitor: Application threads blocked for 1553ms.
2020-03-17 03:49:58.901+0000 WARN [o.n.k.i.c.MonitorGc] GC Monitor: Application threads blocked for 11683ms.
2020-03-17 07:32:20.015+0000 WARN [o.n.k.i.c.MonitorGc] GC Monitor: Application threads blocked for 1552ms.
2020-03-17 13:45:12.660+0000 WARN [o.n.k.i.c.MonitorGc] GC Monitor: Application threads blocked for 11059ms.
2020-03-17 15:14:59.112+0000 WARN [o.n.k.i.c.MonitorGc] GC Monitor: Application threads blocked for 1534ms.
2020-03-17 17:04:00.649+0000 WARN [o.n.k.i.c.MonitorGc] GC Monitor: Application threads blocked for 6765ms.
2020-03-17 20:05:58.006+0000 WARN [o.n.k.i.c.MonitorGc] GC Monitor: Application threads blocked for 1559ms.
2020-03-17 23:44:42.544+0000 WARN [o.n.k.i.c.MonitorGc] GC Monitor: Application threads blocked for 6065ms.
2020-03-18 00:20:44.007+0000 WARN [o.n.k.i.c.MonitorGc] GC Monitor: Application threads blocked for 1242ms.
2020-03-18 00:52:54.011+0000 WARN [o.n.k.i.c.MonitorGc] GC Monitor: Application threads blocked for 1170ms.
2020-03-18 01:23:42.109+0000 WARN [o.n.k.i.c.MonitorGc] GC Monitor: Application threads blocked for 1535ms.
2020-03-18 03:19:07.015+0000 WARN [o.n.k.i.c.MonitorGc] GC Monitor: Application threads blocked for 1591ms.
2020-03-18 05:34:07.016+0000 WARN [o.n.k.i.c.MonitorGc] GC Monitor: Application threads blocked for 1556ms.
2020-03-18 15:00:12.996+0000 WARN [o.n.k.i.c.MonitorGc] GC Monitor: Application threads blocked for 9681ms.
2020-03-18 16:59:58.007+0000 WARN [o.n.k.i.c.MonitorGc] GC Monitor: Application threads blocked for 1545ms.
2020-03-19 01:10:54.686+0000 WARN [o.n.k.i.c.MonitorGc] GC Monitor: Application threads blocked for 5944ms.
2020-03-19 07:53:40.018+0000 WARN [o.n.k.i.c.MonitorGc] GC Monitor: Application threads blocked for 1581ms.
2020-03-19 11:45:02.999+0000 WARN [o.n.k.i.c.MonitorGc] GC Monitor: Application threads blocked for 13131ms.
2020-03-19 18:14:06.109+0000 WARN [o.n.k.i.c.MonitorGc] GC Monitor: Application threads blocked for 1464ms.
2020-03-20 01:28:33.016+0000 WARN [o.n.k.i.c.MonitorGc] GC Monitor: Application threads blocked for 1577ms.
2020-03-20 02:33:33.016+0000 WARN [o.n.k.i.c.MonitorGc] GC Monitor: Application threads blocked for 1538ms.
2020-03-20 05:00:19.014+0000 WARN [o.n.k.i.c.MonitorGc] GC Monitor: Application threads blocked for 1516ms.
2020-03-20 12:26:45.686+0000 WARN [o.n.k.i.c.MonitorGc] GC Monitor: Application threads blocked for 10270ms.
2020-03-20 13:03:24.007+0000 WARN [o.n.k.i.c.MonitorGc] GC Monitor: Application threads blocked for 1546ms.
2020-03-20 15:11:58.668+0000 WARN [o.n.k.i.c.MonitorGc] GC Monitor: Application threads blocked for 10261ms.
2020-03-20 17:50:40.016+0000 WARN [o.n.k.i.c.MonitorGc] GC Monitor: Application threads blocked for 1593ms.
2020-03-20 20:56:27.012+0000 WARN [o.n.k.i.c.MonitorGc] GC Monitor: Application threads blocked for 1559ms.
2020-03-20 22:57:00.857+0000 WARN [o.n.k.i.c.MonitorGc] GC Monitor: Application threads blocked for 8872ms.
2020-03-21 00:07:27.011+0000 WARN [o.n.k.i.c.MonitorGc] GC Monitor: Application threads blocked for 1557ms.
2020-03-21 00:09:48.008+0000 WARN [o.n.k.i.c.MonitorGc] GC Monitor: Application threads blocked for 1172ms.
2020-03-21 00:48:13.007+0000 WARN [o.n.k.i.c.MonitorGc] GC Monitor: Application threads blocked for 1271ms.
2020-03-21 00:54:22.009+0000 WARN [o.n.k.i.c.MonitorGc] GC Monitor: Application threads blocked for 1255ms.
2020-03-21 02:59:44.115+0000 WARN [o.n.k.i.c.MonitorGc] GC Monitor: Application threads blocked for 1603ms.
2020-03-21 03:55:07.022+0000 WARN [o.n.k.i.c.MonitorGc] GC Monitor: Application threads blocked for 1564ms.
2020-03-21 06:15:18.030+0000 WARN [o.n.k.i.c.MonitorGc] GC Monitor: Application threads blocked for 1600ms.
2020-03-21 12:00:03.955+0000 WARN [o.n.k.i.c.MonitorGc] GC Monitor: Application threads blocked for 14053ms.
2020-03-21 14:33:29.012+0000 WARN [o.n.k.i.c.MonitorGc] GC Monitor: Application threads blocked for 1475ms.
2020-03-21 14:41:31.008+0000 WARN [o.n.k.i.c.MonitorGc] GC Monitor: Application threads blocked for 1587ms.
2020-03-21 16:02:56.013+0000 WARN [o.n.k.i.c.MonitorGc] GC Monitor: Application threads blocked for 1513ms.
2020-03-21 16:08:47.013+0000 WARN [o.n.k.i.c.MonitorGc] GC Monitor: Application threads blocked for 1477ms.
2020-03-21 16:44:45.007+0000 WARN [o.n.k.i.c.MonitorGc] GC Monitor: Application threads blocked for 1225ms.
2020-03-21 17:23:22.007+0000 WARN [o.n.k.i.c.MonitorGc] GC Monitor: Application threads blocked for 1220ms.
2020-03-21 18:00:13.003+0000 WARN [o.n.k.i.c.MonitorGc] GC Monitor: Application threads blocked for 1209ms.
2020-03-21 18:21:46.012+0000 WARN [o.n.k.i.c.MonitorGc] GC Monitor: Application threads blocked for 1167ms.
2020-03-21 19:20:20.008+0000 WARN [o.n.k.i.c.MonitorGc] GC Monitor: Application threads blocked for 1586ms.
2020-03-21 20:05:26.007+0000 WARN [o.n.k.i.c.MonitorGc] GC Monitor: Application threads blocked for 1528ms.
2020-03-21 21:00:08.433+0000 INFO [o.n.k.i.f.GraphDatabaseFacadeFactory] Shutdown started
2020-03-21 21:00:08.446+0000 INFO [o.n.k.i.f.GraphDatabaseFacadeFactory] Database is now unavailable
2020-03-21 21:00:08.453+0000 INFO [o.n.b.BackupServer] BackupServer communication server shutting down and unbinding from  /127.0.0.1:6362
2020-03-21 21:00:08.638+0000 INFO [o.n.k.i.t.l.c.CheckPointerImpl] Check Pointing triggered by database shutdown [2343]:  Starting check pointing...
2020-03-21 21:00:08.638+0000 INFO [o.n.k.i.t.l.c.CheckPointerImpl] Check Pointing triggered by database shutdown [2343]:  Starting store flush...
2020-03-21 21:00:08.659+0000 INFO [o.n.k.i.t.l.c.CheckPointerImpl] Check Pointing triggered by database shutdown [2343]:  Store flush completed
2020-03-21 21:00:08.659+0000 INFO [o.n.k.i.t.l.c.CheckPointerImpl] Check Pointing triggered by database shutdown [2343]:  Starting appending check point entry into the tx log...
2020-03-21 21:00:08.662+0000 INFO [o.n.k.i.t.l.c.CheckPointerImpl] Check Pointing triggered by database shutdown [2343]:  Appending check point entry into the tx log completed
2020-03-21 21:00:08.662+0000 INFO [o.n.k.i.t.l.c.CheckPointerImpl] Check Pointing triggered by database shutdown [2343]:  Check pointing completed
2020-03-21 21:00:08.662+0000 INFO [o.n.k.i.t.l.p.LogPruningImpl] Log Rotation [0]:  Starting log pruning.
2020-03-21 21:00:08.664+0000 INFO [o.n.k.i.t.l.p.LogPruningImpl] Log Rotation [0]:  Log pruning complete.
2020-03-21 21:00:08.726+0000 INFO [o.n.k.i.DiagnosticsManager] --- STOPPING diagnostics START ---
2020-03-21 21:00:08.727+0000 INFO [o.n.k.i.DiagnosticsManager] --- STOPPING diagnostics END ---
